[ 2017-09-10T13:16:18+08:00 ] 123.112.20.191 /
SQL: SHOW COLUMNS FROM `o_category` [ RunTime:0.012002s ]
SQL: SELECT `id`,`name`,`title`,`pid`,`sort`,`list_row`,`meta_title`,`keywords`,`description`,`template_index`,`template_page`,`template_lists`,`template_detail`,`template_edit`,`is_page`,`model`,`type`,`link_id`,`allow_publish`,`display`,`reply`,`check`,`reply_model`,`extend`,`create_time`,`update_time`,`status`,`icon`,`content`,`urll` FROM `o_category` WHERE ( `status` = 1 ) ORDER BY sort  [ RunTime:0.000906s ]
SQL: SHOW COLUMNS FROM `o_document` [ RunTime:0.011288s ]
SQL: SELECT `id`,`uid`,`name`,`title`,`category_id`,`description`,`root`,`pid`,`model_id`,`type`,`position`,`link_id`,`cover_id`,`display`,`deadline`,`attach`,`view`,`comment`,`extend`,`level`,`create_time`,`update_time`,`status`,`biaoqian`,`ljxg`,`xptj`,`price` FROM `o_document` WHERE ( `status` = 1 ) AND ( `pid` = 0 ) AND ( `create_time` < 1505020578 ) AND ( deadline = 0 OR deadline > 1505020578 ) ORDER BY `id` DESC  [ RunTime:0.001192s ]
INFO: [ view_parse ] --START--
INFO: [ template_filter ] --START--
INFO: Run Behavior\ContentReplace [ RunTime:0.000288s ]
INFO: [ template_filter ] --END-- [ RunTime:0.000349s ]
NOTIC: [8] Undefined index: catid E:\web\Runtime\Cache\Home\769e70f2e46f34ceb60619bbda5e4691.php 第 5 行.
NOTIC: [8] Undefined index: url E:\web\Application\Common\Common\function.php 第 531 行.
NOTIC: [8] Undefined index: url E:\web\Application\Common\Common\function.php 第 531 行.
SQL: SHOW COLUMNS FROM `o_channel` [ RunTime:0.011464s ]
SQL: SELECT `id`,`pid`,`title`,`url`,`sort`,`create_time`,`update_time`,`status`,`target` FROM `o_channel` WHERE ( status=1 ) ORDER BY sort  [ RunTime:0.000302s ]
NOTIC: [8] Undefined index: ccid E:\web\Runtime\Cache\Home\769e70f2e46f34ceb60619bbda5e4691.php 第 111 行.
NOTIC: [8] Undefined index: ccid E:\web\Runtime\Cache\Home\769e70f2e46f34ceb60619bbda5e4691.php 第 111 行.
NOTIC: [8] Undefined index: ccid E:\web\Runtime\Cache\Home\769e70f2e46f34ceb60619bbda5e4691.php 第 111 行.
NOTIC: [8] Undefined index: ccid E:\web\Runtime\Cache\Home\769e70f2e46f34ceb60619bbda5e4691.php 第 111 行.
NOTIC: [8] Undefined index: ccid E:\web\Runtime\Cache\Home\769e70f2e46f34ceb60619bbda5e4691.php 第 111 行.
NOTIC: [8] Undefined index: ccid E:\web\Runtime\Cache\Home\769e70f2e46f34ceb60619bbda5e4691.php 第 111 行.
SQL: SELECT `id`,`name`,`title`,`pid`,`sort`,`list_row`,`meta_title`,`keywords`,`description`,`template_index`,`template_page`,`template_lists`,`template_detail`,`template_edit`,`is_page`,`model`,`type`,`link_id`,`allow_publish`,`display`,`reply`,`check`,`reply_model`,`extend`,`create_time`,`update_time`,`status`,`icon`,`content`,`urll` FROM `o_category` WHERE ( `id` = 40 ) LIMIT 1   [ RunTime:0.000251s ]
SQL: SELECT `id`,`name`,`pid`,`title`,`link_id`,`is_page`,`display` FROM `o_category` WHERE ( `status` = 1 ) ORDER BY sort  [ RunTime:0.000340s ]
SQL: SELECT `id`,`uid`,`name`,`title`,`category_id`,`description`,`root`,`pid`,`model_id`,`type`,`position`,`link_id`,`cover_id`,`display`,`deadline`,`attach`,`view`,`comment`,`extend`,`level`,`create_time`,`update_time`,`status`,`biaoqian`,`ljxg`,`xptj`,`price` FROM `o_document` WHERE ( `status` = 1 ) AND ( `pid` = 0 ) AND ( `category_id` = 40 ) AND ( `create_time` < 1505020578 ) AND ( deadline = 0 OR deadline > 1505020578 ) ORDER BY `level` DESC,`id` DESC LIMIT 0,10   [ RunTime:0.000359s ]
NOTIC: [8] Use of undefined constant path - assumed 'path' E:\web\Runtime\Cache\Home\769e70f2e46f34ceb60619bbda5e4691.php 第 122 行.
SQL: SHOW COLUMNS FROM `o_picture` [ RunTime:0.010488s ]
SQL: SELECT * FROM `o_picture` WHERE ( `status` = 1 ) AND ( `id` = 61 ) LIMIT 1   [ RunTime:0.000204s ]
NOTIC: [8] Use of undefined constant path - assumed 'path' E:\web\Runtime\Cache\Home\769e70f2e46f34ceb60619bbda5e4691.php 第 122 行.
SQL: SELECT * FROM `o_picture` WHERE ( `status` = 1 ) AND ( `id` = 56 ) LIMIT 1   [ RunTime:0.000164s ]
NOTIC: [8] Use of undefined constant path - assumed 'path' E:\web\Runtime\Cache\Home\769e70f2e46f34ceb60619bbda5e4691.php 第 122 行.
SQL: SELECT * FROM `o_picture` WHERE ( `status` = 1 ) AND ( `id` = 54 ) LIMIT 1   [ RunTime:0.000150s ]
NOTIC: [8] Use of undefined constant path - assumed 'path' E:\web\Runtime\Cache\Home\769e70f2e46f34ceb60619bbda5e4691.php 第 122 行.
SQL: SELECT * FROM `o_picture` WHERE ( `status` = 1 ) AND ( `id` = 64 ) LIMIT 1   [ RunTime:0.000145s ]
NOTIC: [8] Use of undefined constant path - assumed 'path' E:\web\Runtime\Cache\Home\769e70f2e46f34ceb60619bbda5e4691.php 第 122 行.
SQL: SELECT * FROM `o_picture` WHERE ( `status` = 1 ) AND ( `id` = 63 ) LIMIT 1   [ RunTime:0.000153s ]
SQL: SELECT `id`,`uid`,`name`,`title`,`category_id`,`description`,`root`,`pid`,`model_id`,`type`,`position`,`link_id`,`cover_id`,`display`,`deadline`,`attach`,`view`,`comment`,`extend`,`level`,`create_time`,`update_time`,`status`,`biaoqian`,`ljxg`,`xptj`,`price` FROM `o_document` WHERE ( `status` = 1 ) AND ( `pid` = 0 ) AND ( `category_id` IN ('55','56','57','58','59') ) AND ( `create_time` < 1505020578 ) AND ( deadline = 0 OR deadline > 1505020578 ) AND ( position & 4 = 4 ) LIMIT 4   [ RunTime:0.000332s ]
SQL: SELECT `id`,`uid`,`name`,`title`,`category_id`,`description`,`root`,`pid`,`model_id`,`type`,`position`,`link_id`,`cover_id`,`display`,`deadline`,`attach`,`view`,`comment`,`extend`,`level`,`create_time`,`update_time`,`status`,`biaoqian`,`ljxg`,`xptj`,`price` FROM `o_document` WHERE ( `status` = 1 ) AND ( `pid` = 0 ) AND ( `category_id` IN ('55','56','57','58','59','60','61','62','63','64','65','66','67','68') ) AND ( `create_time` < 1505020578 ) AND ( deadline = 0 OR deadline > 1505020578 ) AND ( position & 4 = 4 ) LIMIT 14   [ RunTime:0.000579s ]
NOTIC: [8] Use of undefined constant path - assumed 'path' E:\web\Runtime\Cache\Home\769e70f2e46f34ceb60619bbda5e4691.php 第 303 行.
SQL: SELECT * FROM `o_picture` WHERE ( `status` = 1 ) AND ( `id` = 28 ) LIMIT 1   [ RunTime:0.000169s ]
NOTIC: [8] Use of undefined constant path - assumed 'path' E:\web\Runtime\Cache\Home\769e70f2e46f34ceb60619bbda5e4691.php 第 303 行.
SQL: SELECT * FROM `o_picture` WHERE ( `status` = 1 ) AND ( `id` = 29 ) LIMIT 1   [ RunTime:0.000160s ]
NOTIC: [8] Use of undefined constant path - assumed 'path' E:\web\Runtime\Cache\Home\769e70f2e46f34ceb60619bbda5e4691.php 第 303 行.
SQL: SELECT * FROM `o_picture` WHERE ( `status` = 1 ) AND ( `id` = 32 ) LIMIT 1   [ RunTime:0.000152s ]
NOTIC: [8] Use of undefined constant path - assumed 'path' E:\web\Runtime\Cache\Home\769e70f2e46f34ceb60619bbda5e4691.php 第 303 行.
SQL: SELECT * FROM `o_picture` WHERE ( `status` = 1 ) AND ( `id` = 31 ) LIMIT 1   [ RunTime:0.000146s ]
NOTIC: [8] Use of undefined constant path - assumed 'path' E:\web\Runtime\Cache\Home\769e70f2e46f34ceb60619bbda5e4691.php 第 303 行.
SQL: SELECT * FROM `o_picture` WHERE ( `status` = 1 ) AND ( `id` = 30 ) LIMIT 1   [ RunTime:0.000152s ]
NOTIC: [8] Use of undefined constant path - assumed 'path' E:\web\Runtime\Cache\Home\769e70f2e46f34ceb60619bbda5e4691.php 第 303 行.
SQL: SELECT * FROM `o_picture` WHERE ( `status` = 1 ) AND ( `id` = 33 ) LIMIT 1   [ RunTime:0.000146s ]
NOTIC: [8] Use of undefined constant path - assumed 'path' E:\web\Runtime\Cache\Home\769e70f2e46f34ceb60619bbda5e4691.php 第 303 行.
SQL: SELECT * FROM `o_picture` WHERE ( `status` = 1 ) AND ( `id` = 34 ) LIMIT 1   [ RunTime:0.000144s ]
NOTIC: [8] Use of undefined constant path - assumed 'path' E:\web\Runtime\Cache\Home\769e70f2e46f34ceb60619bbda5e4691.php 第 303 行.
SQL: SELECT * FROM `o_picture` WHERE ( `status` = 1 ) AND ( `id` = 35 ) LIMIT 1   [ RunTime:0.000145s ]
NOTIC: [8] Use of undefined constant path - assumed 'path' E:\web\Runtime\Cache\Home\769e70f2e46f34ceb60619bbda5e4691.php 第 303 行.
SQL: SELECT * FROM `o_picture` WHERE ( `status` = 1 ) AND ( `id` = 36 ) LIMIT 1   [ RunTime:0.000152s ]
NOTIC: [8] Use of undefined constant path - assumed 'path' E:\web\Runtime\Cache\Home\769e70f2e46f34ceb60619bbda5e4691.php 第 303 行.
SQL: SELECT * FROM `o_picture` WHERE ( `status` = 1 ) AND ( `id` = 37 ) LIMIT 1   [ RunTime:0.000145s ]
NOTIC: [8] Use of undefined constant path - assumed 'path' E:\web\Runtime\Cache\Home\769e70f2e46f34ceb60619bbda5e4691.php 第 303 行.
SQL: SELECT * FROM `o_picture` WHERE ( `status` = 1 ) AND ( `id` = 38 ) LIMIT 1   [ RunTime:0.000148s ]
NOTIC: [8] Use of undefined constant path - assumed 'path' E:\web\Runtime\Cache\Home\769e70f2e46f34ceb60619bbda5e4691.php 第 303 行.
SQL: SELECT * FROM `o_picture` WHERE ( `status` = 1 ) AND ( `id` = 39 ) LIMIT 1   [ RunTime:0.000143s ]
NOTIC: [8] Use of undefined constant path - assumed 'path' E:\web\Runtime\Cache\Home\769e70f2e46f34ceb60619bbda5e4691.php 第 303 行.
SQL: SELECT * FROM `o_picture` WHERE ( `status` = 1 ) AND ( `id` = 48 ) LIMIT 1   [ RunTime:0.000143s ]
NOTIC: [8] Use of undefined constant path - assumed 'path' E:\web\Runtime\Cache\Home\769e70f2e46f34ceb60619bbda5e4691.php 第 303 行.
SQL: SELECT * FROM `o_picture` WHERE ( `status` = 1 ) AND ( `id` = 40 ) LIMIT 1   [ RunTime:0.000144s ]
NOTIC: [8] Use of undefined constant path - assumed 'path' E:\web\Runtime\Cache\Home\769e70f2e46f34ceb60619bbda5e4691.php 第 313 行.
SQL: SELECT * FROM `o_picture` WHERE ( `status` = 1 ) AND ( `id` = 27 ) LIMIT 1   [ RunTime:0.000144s ]
SQL: SELECT `id`,`uid`,`name`,`title`,`category_id`,`description`,`root`,`pid`,`model_id`,`type`,`position`,`link_id`,`cover_id`,`display`,`deadline`,`attach`,`view`,`comment`,`extend`,`level`,`create_time`,`update_time`,`status`,`biaoqian`,`ljxg`,`xptj`,`price` FROM `o_document` WHERE ( `status` = 1 ) AND ( `pid` = 0 ) AND ( `category_id` IN ('67','68') ) AND ( `create_time` < 1505020578 ) AND ( deadline = 0 OR deadline > 1505020578 ) AND ( position & 4 = 4 ) LIMIT 5   [ RunTime:0.000311s ]
NOTIC: [8] Use of undefined constant path - assumed 'path' E:\web\Runtime\Cache\Home\769e70f2e46f34ceb60619bbda5e4691.php 第 324 行.
SQL: SELECT * FROM `o_picture` WHERE ( `status` = 1 ) AND ( `id` = 43 ) LIMIT 1   [ RunTime:0.000160s ]
NOTIC: [8] Use of undefined constant path - assumed 'path' E:\web\Runtime\Cache\Home\769e70f2e46f34ceb60619bbda5e4691.php 第 324 行.
SQL: SELECT * FROM `o_picture` WHERE ( `status` = 1 ) AND ( `id` = 42 ) LIMIT 1   [ RunTime:0.000147s ]
NOTIC: [8] Use of undefined constant path - assumed 'path' E:\web\Runtime\Cache\Home\769e70f2e46f34ceb60619bbda5e4691.php 第 324 行.
SQL: SELECT * FROM `o_picture` WHERE ( `status` = 1 ) AND ( `id` = 41 ) LIMIT 1   [ RunTime:0.000146s ]
NOTIC: [8] Use of undefined constant path - assumed 'path' E:\web\Runtime\Cache\Home\769e70f2e46f34ceb60619bbda5e4691.php 第 324 行.
SQL: SELECT * FROM `o_picture` WHERE ( `status` = 1 ) AND ( `id` = 48 ) LIMIT 1   [ RunTime:0.000152s ]
NOTIC: [8] Use of undefined constant path - assumed 'path' E:\web\Runtime\Cache\Home\769e70f2e46f34ceb60619bbda5e4691.php 第 324 行.
SQL: SELECT * FROM `o_picture` WHERE ( `status` = 1 ) AND ( `id` = 40 ) LIMIT 1   [ RunTime:0.000144s ]
NOTIC: [8] Use of undefined constant path - assumed 'path' E:\web\Runtime\Cache\Home\769e70f2e46f34ceb60619bbda5e4691.php 第 335 行.
SQL: SELECT * FROM `o_picture` WHERE ( `status` = 1 ) AND ( `id` = 26 ) LIMIT 1   [ RunTime:0.000157s ]
SQL: SELECT `id`,`uid`,`name`,`title`,`category_id`,`description`,`root`,`pid`,`model_id`,`type`,`position`,`link_id`,`cover_id`,`display`,`deadline`,`attach`,`view`,`comment`,`extend`,`level`,`create_time`,`update_time`,`status`,`biaoqian`,`ljxg`,`xptj`,`price` FROM `o_document` WHERE ( `status` = 1 ) AND ( `pid` = 0 ) AND ( `category_id` IN ('69','70') ) AND ( `create_time` < 1505020578 ) AND ( deadline = 0 OR deadline > 1505020578 ) AND ( position & 4 = 4 ) LIMIT 4   [ RunTime:0.000291s ]
NOTIC: [8] Use of undefined constant path - assumed 'path' E:\web\Runtime\Cache\Home\769e70f2e46f34ceb60619bbda5e4691.php 第 345 行.
SQL: SELECT * FROM `o_picture` WHERE ( `status` = 1 ) AND ( `id` = 47 ) LIMIT 1   [ RunTime:0.000160s ]
NOTIC: [8] Use of undefined constant path - assumed 'path' E:\web\Runtime\Cache\Home\769e70f2e46f34ceb60619bbda5e4691.php 第 345 行.
SQL: SELECT * FROM `o_picture` WHERE ( `status` = 1 ) AND ( `id` = 46 ) LIMIT 1   [ RunTime:0.000149s ]
NOTIC: [8] Use of undefined constant path - assumed 'path' E:\web\Runtime\Cache\Home\769e70f2e46f34ceb60619bbda5e4691.php 第 345 行.
SQL: SELECT * FROM `o_picture` WHERE ( `status` = 1 ) AND ( `id` = 45 ) LIMIT 1   [ RunTime:0.000152s ]
NOTIC: [8] Use of undefined constant path - assumed 'path' E:\web\Runtime\Cache\Home\769e70f2e46f34ceb60619bbda5e4691.php 第 345 行.
SQL: SELECT * FROM `o_picture` WHERE ( `status` = 1 ) AND ( `id` = 44 ) LIMIT 1   [ RunTime:0.000148s ]
SQL: SELECT `id`,`uid`,`name`,`title`,`category_id`,`description`,`root`,`pid`,`model_id`,`type`,`position`,`link_id`,`cover_id`,`display`,`deadline`,`attach`,`view`,`comment`,`extend`,`level`,`create_time`,`update_time`,`status`,`biaoqian`,`ljxg`,`xptj`,`price` FROM `o_document` WHERE ( `status` = 1 ) AND ( `pid` = 0 ) AND ( `category_id` = 72 ) AND ( `create_time` < 1505020578 ) AND ( deadline = 0 OR deadline > 1505020578 ) AND ( position & 4 = 4 ) LIMIT 2   [ RunTime:0.000259s ]
NOTIC: [8] Use of undefined constant path - assumed 'path' E:\web\Runtime\Cache\Home\769e70f2e46f34ceb60619bbda5e4691.php 第 366 行.
SQL: SELECT * FROM `o_picture` WHERE ( `status` = 1 ) AND ( `id` = 3 ) LIMIT 1   [ RunTime:0.000161s ]
NOTIC: [8] Use of undefined constant path - assumed 'path' E:\web\Runtime\Cache\Home\769e70f2e46f34ceb60619bbda5e4691.php 第 366 行.
SQL: SELECT * FROM `o_picture` WHERE ( `status` = 1 ) AND ( `id` = 3 ) LIMIT 1   [ RunTime:0.000156s ]
SQL: SELECT `id`,`uid`,`name`,`title`,`category_id`,`description`,`root`,`pid`,`model_id`,`type`,`position`,`link_id`,`cover_id`,`display`,`deadline`,`attach`,`view`,`comment`,`extend`,`level`,`create_time`,`update_time`,`status`,`biaoqian`,`ljxg`,`xptj`,`price` FROM `o_document` WHERE ( `status` = 1 ) AND ( `pid` = 0 ) AND ( `category_id` = 73 ) AND ( `create_time` < 1505020578 ) AND ( deadline = 0 OR deadline > 1505020578 ) AND ( position & 4 = 4 ) LIMIT 3   [ RunTime:0.000258s ]
INFO: Run Behavior\ParseTemplate [ RunTime:0.296407s ]
INFO: [ view_parse ] --END-- [ RunTime:0.296469s ]
INFO: [ view_filter ] --START--
INFO: Run Behavior\WriteHtmlCache [ RunTime:0.000548s ]
INFO: [ view_filter ] --END-- [ RunTime:0.000596s ]
INFO: [ app_end ] --START--
INFO: Run Behavior\ShowPageTrace [ RunTime:0.000649s ]
INFO: [ app_end ] --END-- [ RunTime:0.000708s ]

[ 2017-09-10T13:16:25+08:00 ] 123.112.20.191 /Article/index/category/shangpin/catid/44/ccid/4.html
SQL: SHOW COLUMNS FROM `o_category` [ RunTime:0.008325s ]
SQL: SELECT `id`,`name`,`title`,`pid`,`sort`,`list_row`,`meta_title`,`keywords`,`description`,`template_index`,`template_page`,`template_lists`,`template_detail`,`template_edit`,`is_page`,`model`,`type`,`link_id`,`allow_publish`,`display`,`reply`,`check`,`reply_model`,`extend`,`create_time`,`update_time`,`status`,`icon`,`content`,`urll` FROM `o_category` WHERE ( `name` = 'shangpin' ) LIMIT 1   [ RunTime:0.000297s ]
INFO: [ view_parse ] --START--
INFO: [ template_filter ] --START--
INFO: Run Behavior\ContentReplace [ RunTime:0.000182s ]
INFO: [ template_filter ] --END-- [ RunTime:0.000239s ]
NOTIC: [8] Undefined index: url E:\web\Application\Common\Common\function.php 第 531 行.
NOTIC: [8] Undefined index: url E:\web\Application\Common\Common\function.php 第 531 行.
SQL: SHOW COLUMNS FROM `o_channel` [ RunTime:0.011296s ]
SQL: SELECT `id`,`pid`,`title`,`url`,`sort`,`create_time`,`update_time`,`status`,`target` FROM `o_channel` WHERE ( status=1 ) ORDER BY sort  [ RunTime:0.000262s ]
SQL: SELECT `id`,`name`,`title`,`pid`,`sort`,`list_row`,`meta_title`,`keywords`,`description`,`template_index`,`template_page`,`template_lists`,`template_detail`,`template_edit`,`is_page`,`model`,`type`,`link_id`,`allow_publish`,`display`,`reply`,`check`,`reply_model`,`extend`,`create_time`,`update_time`,`status`,`icon`,`content`,`urll` FROM `o_category` WHERE ( `id` = 40 ) LIMIT 1   [ RunTime:0.000263s ]
SQL: SELECT `id`,`name`,`pid`,`title`,`link_id`,`is_page`,`display` FROM `o_category` WHERE ( `status` = 1 ) ORDER BY sort  [ RunTime:0.000364s ]
SQL: SHOW COLUMNS FROM `o_document` [ RunTime:0.035183s ]
SQL: SELECT `id`,`uid`,`name`,`title`,`category_id`,`description`,`root`,`pid`,`model_id`,`type`,`position`,`link_id`,`cover_id`,`display`,`deadline`,`attach`,`view`,`comment`,`extend`,`level`,`create_time`,`update_time`,`status`,`biaoqian`,`ljxg`,`xptj`,`price` FROM `o_document` WHERE ( `status` = 1 ) AND ( `pid` = 0 ) AND ( `category_id` = 40 ) AND ( `create_time` < 1505020584 ) AND ( deadline = 0 OR deadline > 1505020584 ) ORDER BY `level` DESC,`id` DESC LIMIT 0,10   [ RunTime:0.000418s ]
NOTIC: [8] Use of undefined constant path - assumed 'path' E:\web\Runtime\Cache\Home\9a9e4227b3c0b552fe0f4e7e528d8737.php 第 122 行.
SQL: SHOW COLUMNS FROM `o_picture` [ RunTime:0.008620s ]
SQL: SELECT * FROM `o_picture` WHERE ( `status` = 1 ) AND ( `id` = 61 ) LIMIT 1   [ RunTime:0.000211s ]
NOTIC: [8] Use of undefined constant path - assumed 'path' E:\web\Runtime\Cache\Home\9a9e4227b3c0b552fe0f4e7e528d8737.php 第 122 行.
SQL: SELECT * FROM `o_picture` WHERE ( `status` = 1 ) AND ( `id` = 56 ) LIMIT 1   [ RunTime:0.000171s ]
NOTIC: [8] Use of undefined constant path - assumed 'path' E:\web\Runtime\Cache\Home\9a9e4227b3c0b552fe0f4e7e528d8737.php 第 122 行.
SQL: SELECT * FROM `o_picture` WHERE ( `status` = 1 ) AND ( `id` = 54 ) LIMIT 1   [ RunTime:0.000164s ]
NOTIC: [8] Use of undefined constant path - assumed 'path' E:\web\Runtime\Cache\Home\9a9e4227b3c0b552fe0f4e7e528d8737.php 第 122 行.
SQL: SELECT * FROM `o_picture` WHERE ( `status` = 1 ) AND ( `id` = 64 ) LIMIT 1   [ RunTime:0.000157s ]
NOTIC: [8] Use of undefined constant path - assumed 'path' E:\web\Runtime\Cache\Home\9a9e4227b3c0b552fe0f4e7e528d8737.php 第 122 行.
SQL: SELECT * FROM `o_picture` WHERE ( `status` = 1 ) AND ( `id` = 63 ) LIMIT 1   [ RunTime:0.000169s ]
SQL: SELECT `id`,`name`,`title`,`pid`,`sort`,`list_row`,`meta_title`,`keywords`,`description`,`template_index`,`template_page`,`template_lists`,`template_detail`,`template_edit`,`is_page`,`model`,`type`,`link_id`,`allow_publish`,`display`,`reply`,`check`,`reply_model`,`extend`,`create_time`,`update_time`,`status`,`icon`,`content`,`urll` FROM `o_category` WHERE ( `id` = 44 ) LIMIT 1   [ RunTime:0.000236s ]
SQL: SELECT `id`,`name`,`pid`,`title`,`link_id`,`is_page`,`display` FROM `o_category` WHERE ( `status` = 1 ) ORDER BY sort  [ RunTime:0.000332s ]
SQL: SELECT `id`,`uid`,`name`,`title`,`category_id`,`description`,`root`,`pid`,`model_id`,`type`,`position`,`link_id`,`cover_id`,`display`,`deadline`,`attach`,`view`,`comment`,`extend`,`level`,`create_time`,`update_time`,`status`,`biaoqian`,`ljxg`,`xptj`,`price` FROM `o_document` WHERE ( `status` = 1 ) AND ( `pid` = 0 ) AND ( `category_id` = 44 ) AND ( `create_time` < 1505020584 ) AND ( deadline = 0 OR deadline > 1505020584 ) ORDER BY `level` DESC,`id` DESC LIMIT 0,10   [ RunTime:0.000351s ]
NOTIC: [8] Use of undefined constant catid - assumed 'catid' E:\web\Runtime\Cache\Home\9a9e4227b3c0b552fe0f4e7e528d8737.php 第 239 行.
NOTIC: [8] Use of undefined constant path - assumed 'path' E:\web\Runtime\Cache\Home\9a9e4227b3c0b552fe0f4e7e528d8737.php 第 239 行.
SQL: SELECT * FROM `o_picture` WHERE ( `status` = 1 ) AND ( `id` = 3 ) LIMIT 1   [ RunTime:0.000191s ]
NOTIC: [8] Use of undefined constant catid - assumed 'catid' E:\web\Runtime\Cache\Home\9a9e4227b3c0b552fe0f4e7e528d8737.php 第 239 行.
NOTIC: [8] Use of undefined constant path - assumed 'path' E:\web\Runtime\Cache\Home\9a9e4227b3c0b552fe0f4e7e528d8737.php 第 239 行.
SQL: SELECT * FROM `o_picture` WHERE ( `status` = 1 ) AND ( `id` = 3 ) LIMIT 1   [ RunTime:0.000191s ]
NOTIC: [8] Use of undefined constant catid - assumed 'catid' E:\web\Runtime\Cache\Home\9a9e4227b3c0b552fe0f4e7e528d8737.php 第 239 行.
NOTIC: [8] Use of undefined constant path - assumed 'path' E:\web\Runtime\Cache\Home\9a9e4227b3c0b552fe0f4e7e528d8737.php 第 239 行.
SQL: SELECT * FROM `o_picture` WHERE ( `status` = 1 ) AND ( `id` = 3 ) LIMIT 1   [ RunTime:0.000159s ]
NOTIC: [8] Use of undefined constant catid - assumed 'catid' E:\web\Runtime\Cache\Home\9a9e4227b3c0b552fe0f4e7e528d8737.php 第 239 行.
NOTIC: [8] Use of undefined constant path - assumed 'path' E:\web\Runtime\Cache\Home\9a9e4227b3c0b552fe0f4e7e528d8737.php 第 239 行.
SQL: SELECT * FROM `o_picture` WHERE ( `status` = 1 ) AND ( `id` = 3 ) LIMIT 1   [ RunTime:0.000170s ]
SQL: SELECT `id`,`name`,`title`,`pid`,`sort`,`list_row`,`meta_title`,`keywords`,`description`,`template_index`,`template_page`,`template_lists`,`template_detail`,`template_edit`,`is_page`,`model`,`type`,`link_id`,`allow_publish`,`display`,`reply`,`check`,`reply_model`,`extend`,`create_time`,`update_time`,`status`,`icon`,`content`,`urll` FROM `o_category` WHERE ( `id` = 44 ) LIMIT 1   [ RunTime:0.000230s ]
SQL: SELECT `id`,`name`,`pid`,`title`,`link_id`,`is_page`,`display` FROM `o_category` WHERE ( `status` = 1 ) ORDER BY sort  [ RunTime:0.000354s ]
SQL: SELECT COUNT(id) AS tp_count FROM `o_document` WHERE ( `status` = 1 ) AND ( `pid` = 0 ) AND ( `category_id` = 44 ) AND ( `create_time` < 1505020584 ) AND ( deadline = 0 OR deadline > 1505020584 ) LIMIT 1   [ RunTime:0.000241s ]
INFO: Run Behavior\ParseTemplate [ RunTime:0.233022s ]
INFO: [ view_parse ] --END-- [ RunTime:0.233100s ]
INFO: [ view_filter ] --START--
INFO: Run Behavior\WriteHtmlCache [ RunTime:0.000482s ]
INFO: [ view_filter ] --END-- [ RunTime:0.000530s ]
INFO: [ app_end ] --START--
INFO: Run Behavior\ShowPageTrace [ RunTime:0.000709s ]
INFO: [ app_end ] --END-- [ RunTime:0.000784s ]

[ 2017-09-10T13:16:29+08:00 ] 123.112.20.191 /Article/detail/id/56/catid/44.html
SQL: SHOW COLUMNS FROM `o_document` [ RunTime:0.008915s ]
SQL: SELECT `id`,`uid`,`name`,`title`,`category_id`,`description`,`root`,`pid`,`model_id`,`type`,`position`,`link_id`,`cover_id`,`display`,`deadline`,`attach`,`view`,`comment`,`extend`,`level`,`create_time`,`update_time`,`status`,`biaoqian`,`ljxg`,`xptj`,`price` FROM `o_document` WHERE ( `id` = 56 ) LIMIT 1   [ RunTime:0.000298s ]
SQL: SHOW COLUMNS FROM `o_document_article` [ RunTime:0.019945s ]
SQL: SELECT `id`,`parse`,`content`,`template`,`bookmark`,`product` FROM `o_document_article` WHERE ( `id` = 56 ) LIMIT 1   [ RunTime:0.000251s ]
SQL: SHOW COLUMNS FROM `o_category` [ RunTime:0.010761s ]
SQL: SELECT `id`,`name`,`title`,`pid`,`sort`,`list_row`,`meta_title`,`keywords`,`description`,`template_index`,`template_page`,`template_lists`,`template_detail`,`template_edit`,`is_page`,`model`,`type`,`link_id`,`allow_publish`,`display`,`reply`,`check`,`reply_model`,`extend`,`create_time`,`update_time`,`status`,`icon`,`content`,`urll` FROM `o_category` WHERE ( `id` = 44 ) LIMIT 1   [ RunTime:0.000270s ]
SQL: UPDATE `o_document` SET `view`=view+1 WHERE ( `id` = 56 ) [ RunTime:0.000225s ]
INFO: [ view_parse ] --START--
INFO: [ template_filter ] --START--
INFO: Run Behavior\ContentReplace [ RunTime:0.000165s ]
INFO: [ template_filter ] --END-- [ RunTime:0.000221s ]
NOTIC: [8] Undefined index: url E:\web\Application\Common\Common\function.php 第 531 行.
NOTIC: [8] Undefined index: url E:\web\Application\Common\Common\function.php 第 531 行.
SQL: SHOW COLUMNS FROM `o_channel` [ RunTime:0.008906s ]
SQL: SELECT `id`,`pid`,`title`,`url`,`sort`,`create_time`,`update_time`,`status`,`target` FROM `o_channel` WHERE ( status=1 ) ORDER BY sort  [ RunTime:0.000255s ]
NOTIC: [8] Undefined index: ccid E:\web\Runtime\Cache\Home\094be10c2cd20506d79c986fa45ec0c3.php 第 111 行.
NOTIC: [8] Undefined index: ccid E:\web\Runtime\Cache\Home\094be10c2cd20506d79c986fa45ec0c3.php 第 111 行.
NOTIC: [8] Undefined index: ccid E:\web\Runtime\Cache\Home\094be10c2cd20506d79c986fa45ec0c3.php 第 111 行.
NOTIC: [8] Undefined index: ccid E:\web\Runtime\Cache\Home\094be10c2cd20506d79c986fa45ec0c3.php 第 111 行.
NOTIC: [8] Undefined index: ccid E:\web\Runtime\Cache\Home\094be10c2cd20506d79c986fa45ec0c3.php 第 111 行.
NOTIC: [8] Undefined index: ccid E:\web\Runtime\Cache\Home\094be10c2cd20506d79c986fa45ec0c3.php 第 111 行.
SQL: SELECT `id`,`name`,`title`,`pid`,`sort`,`list_row`,`meta_title`,`keywords`,`description`,`template_index`,`template_page`,`template_lists`,`template_detail`,`template_edit`,`is_page`,`model`,`type`,`link_id`,`allow_publish`,`display`,`reply`,`check`,`reply_model`,`extend`,`create_time`,`update_time`,`status`,`icon`,`content`,`urll` FROM `o_category` WHERE ( `id` = 40 ) LIMIT 1   [ RunTime:0.000248s ]
SQL: SELECT `id`,`name`,`pid`,`title`,`link_id`,`is_page`,`display` FROM `o_category` WHERE ( `status` = 1 ) ORDER BY sort  [ RunTime:0.000341s ]
SQL: SELECT `id`,`uid`,`name`,`title`,`category_id`,`description`,`root`,`pid`,`model_id`,`type`,`position`,`link_id`,`cover_id`,`display`,`deadline`,`attach`,`view`,`comment`,`extend`,`level`,`create_time`,`update_time`,`status`,`biaoqian`,`ljxg`,`xptj`,`price` FROM `o_document` WHERE ( `status` = 1 ) AND ( `pid` = 0 ) AND ( `category_id` = 40 ) AND ( `create_time` < 1505020588 ) AND ( deadline = 0 OR deadline > 1505020588 ) ORDER BY `level` DESC,`id` DESC LIMIT 0,10   [ RunTime:0.000354s ]
NOTIC: [8] Use of undefined constant path - assumed 'path' E:\web\Runtime\Cache\Home\094be10c2cd20506d79c986fa45ec0c3.php 第 122 行.
SQL: SHOW COLUMNS FROM `o_picture` [ RunTime:0.007686s ]
SQL: SELECT * FROM `o_picture` WHERE ( `status` = 1 ) AND ( `id` = 61 ) LIMIT 1   [ RunTime:0.000193s ]
NOTIC: [8] Use of undefined constant path - assumed 'path' E:\web\Runtime\Cache\Home\094be10c2cd20506d79c986fa45ec0c3.php 第 122 行.
SQL: SELECT * FROM `o_picture` WHERE ( `status` = 1 ) AND ( `id` = 56 ) LIMIT 1   [ RunTime:0.000177s ]
NOTIC: [8] Use of undefined constant path - assumed 'path' E:\web\Runtime\Cache\Home\094be10c2cd20506d79c986fa45ec0c3.php 第 122 行.
SQL: SELECT * FROM `o_picture` WHERE ( `status` = 1 ) AND ( `id` = 54 ) LIMIT 1   [ RunTime:0.000173s ]
NOTIC: [8] Use of undefined constant path - assumed 'path' E:\web\Runtime\Cache\Home\094be10c2cd20506d79c986fa45ec0c3.php 第 122 行.
SQL: SELECT * FROM `o_picture` WHERE ( `status` = 1 ) AND ( `id` = 64 ) LIMIT 1   [ RunTime:0.000153s ]
NOTIC: [8] Use of undefined constant path - assumed 'path' E:\web\Runtime\Cache\Home\094be10c2cd20506d79c986fa45ec0c3.php 第 122 行.
SQL: SELECT * FROM `o_picture` WHERE ( `status` = 1 ) AND ( `id` = 63 ) LIMIT 1   [ RunTime:0.000149s ]
NOTIC: [2] Illegal string offset 'title' E:\web\Runtime\Cache\Home\094be10c2cd20506d79c986fa45ec0c3.php 第 235 行.
SQL: SELECT `id`,`uid`,`name`,`title`,`category_id`,`description`,`root`,`pid`,`model_id`,`type`,`position`,`link_id`,`cover_id`,`display`,`deadline`,`attach`,`view`,`comment`,`extend`,`level`,`create_time`,`update_time`,`status`,`biaoqian`,`ljxg`,`xptj`,`price` FROM `o_document` WHERE ( `id` > '56' ) AND ( `pid` = 0 ) AND ( `category_id` = 44 ) AND ( `status` = 1 ) ORDER BY id LIMIT 1   [ RunTime:0.000288s ]
SQL: SELECT `id`,`uid`,`name`,`title`,`category_id`,`description`,`root`,`pid`,`model_id`,`type`,`position`,`link_id`,`cover_id`,`display`,`deadline`,`attach`,`view`,`comment`,`extend`,`level`,`create_time`,`update_time`,`status`,`biaoqian`,`ljxg`,`xptj`,`price` FROM `o_document` WHERE ( `id` < '56' ) AND ( `pid` = 0 ) AND ( `category_id` = 44 ) AND ( `status` = 1 ) ORDER BY id DESC LIMIT 1   [ RunTime:0.000276s ]
INFO: Run Behavior\ParseTemplate [ RunTime:0.175417s ]
INFO: [ view_parse ] --END-- [ RunTime:0.175477s ]
INFO: [ view_filter ] --START--
INFO: Run Behavior\WriteHtmlCache [ RunTime:0.000485s ]
INFO: [ view_filter ] --END-- [ RunTime:0.000533s ]
INFO: [ app_end ] --START--
INFO: Run Behavior\ShowPageTrace [ RunTime:0.000615s ]
INFO: [ app_end ] --END-- [ RunTime:0.000671s ]

[ 2017-09-10T13:16:33+08:00 ] 123.112.20.191 /Article/detail/id/56/catid/44.html
SQL: SHOW COLUMNS FROM `o_document` [ RunTime:0.008663s ]
SQL: SELECT `id`,`uid`,`name`,`title`,`category_id`,`description`,`root`,`pid`,`model_id`,`type`,`position`,`link_id`,`cover_id`,`display`,`deadline`,`attach`,`view`,`comment`,`extend`,`level`,`create_time`,`update_time`,`status`,`biaoqian`,`ljxg`,`xptj`,`price` FROM `o_document` WHERE ( `id` = 56 ) LIMIT 1   [ RunTime:0.000300s ]
SQL: SHOW COLUMNS FROM `o_document_article` [ RunTime:0.007829s ]
SQL: SELECT `id`,`parse`,`content`,`template`,`bookmark`,`product` FROM `o_document_article` WHERE ( `id` = 56 ) LIMIT 1   [ RunTime:0.000201s ]
SQL: SHOW COLUMNS FROM `o_category` [ RunTime:0.008016s ]
SQL: SELECT `id`,`name`,`title`,`pid`,`sort`,`list_row`,`meta_title`,`keywords`,`description`,`template_index`,`template_page`,`template_lists`,`template_detail`,`template_edit`,`is_page`,`model`,`type`,`link_id`,`allow_publish`,`display`,`reply`,`check`,`reply_model`,`extend`,`create_time`,`update_time`,`status`,`icon`,`content`,`urll` FROM `o_category` WHERE ( `id` = 44 ) LIMIT 1   [ RunTime:0.000238s ]
SQL: UPDATE `o_document` SET `view`=view+1 WHERE ( `id` = 56 ) [ RunTime:0.000212s ]
INFO: [ view_parse ] --START--
INFO: [ template_filter ] --START--
INFO: Run Behavior\ContentReplace [ RunTime:0.000175s ]
INFO: [ template_filter ] --END-- [ RunTime:0.000242s ]
NOTIC: [8] Undefined index: url E:\web\Application\Common\Common\function.php 第 531 行.
NOTIC: [8] Undefined index: url E:\web\Application\Common\Common\function.php 第 531 行.
SQL: SHOW COLUMNS FROM `o_channel` [ RunTime:0.008407s ]
SQL: SELECT `id`,`pid`,`title`,`url`,`sort`,`create_time`,`update_time`,`status`,`target` FROM `o_channel` WHERE ( status=1 ) ORDER BY sort  [ RunTime:0.000246s ]
NOTIC: [8] Undefined index: ccid E:\web\Runtime\Cache\Home\094be10c2cd20506d79c986fa45ec0c3.php 第 111 行.
NOTIC: [8] Undefined index: ccid E:\web\Runtime\Cache\Home\094be10c2cd20506d79c986fa45ec0c3.php 第 111 行.
NOTIC: [8] Undefined index: ccid E:\web\Runtime\Cache\Home\094be10c2cd20506d79c986fa45ec0c3.php 第 111 行.
NOTIC: [8] Undefined index: ccid E:\web\Runtime\Cache\Home\094be10c2cd20506d79c986fa45ec0c3.php 第 111 行.
NOTIC: [8] Undefined index: ccid E:\web\Runtime\Cache\Home\094be10c2cd20506d79c986fa45ec0c3.php 第 111 行.
NOTIC: [8] Undefined index: ccid E:\web\Runtime\Cache\Home\094be10c2cd20506d79c986fa45ec0c3.php 第 111 行.
SQL: SELECT `id`,`name`,`title`,`pid`,`sort`,`list_row`,`meta_title`,`keywords`,`description`,`template_index`,`template_page`,`template_lists`,`template_detail`,`template_edit`,`is_page`,`model`,`type`,`link_id`,`allow_publish`,`display`,`reply`,`check`,`reply_model`,`extend`,`create_time`,`update_time`,`status`,`icon`,`content`,`urll` FROM `o_category` WHERE ( `id` = 40 ) LIMIT 1   [ RunTime:0.000247s ]
SQL: SELECT `id`,`name`,`pid`,`title`,`link_id`,`is_page`,`display` FROM `o_category` WHERE ( `status` = 1 ) ORDER BY sort  [ RunTime:0.000339s ]
SQL: SELECT `id`,`uid`,`name`,`title`,`category_id`,`description`,`root`,`pid`,`model_id`,`type`,`position`,`link_id`,`cover_id`,`display`,`deadline`,`attach`,`view`,`comment`,`extend`,`level`,`create_time`,`update_time`,`status`,`biaoqian`,`ljxg`,`xptj`,`price` FROM `o_document` WHERE ( `status` = 1 ) AND ( `pid` = 0 ) AND ( `category_id` = 40 ) AND ( `create_time` < 1505020592 ) AND ( deadline = 0 OR deadline > 1505020592 ) ORDER BY `level` DESC,`id` DESC LIMIT 0,10   [ RunTime:0.000348s ]
NOTIC: [8] Use of undefined constant path - assumed 'path' E:\web\Runtime\Cache\Home\094be10c2cd20506d79c986fa45ec0c3.php 第 122 行.
SQL: SHOW COLUMNS FROM `o_picture` [ RunTime:0.009373s ]
SQL: SELECT * FROM `o_picture` WHERE ( `status` = 1 ) AND ( `id` = 61 ) LIMIT 1   [ RunTime:0.000186s ]
NOTIC: [8] Use of undefined constant path - assumed 'path' E:\web\Runtime\Cache\Home\094be10c2cd20506d79c986fa45ec0c3.php 第 122 行.
SQL: SELECT * FROM `o_picture` WHERE ( `status` = 1 ) AND ( `id` = 56 ) LIMIT 1   [ RunTime:0.000167s ]
NOTIC: [8] Use of undefined constant path - assumed 'path' E:\web\Runtime\Cache\Home\094be10c2cd20506d79c986fa45ec0c3.php 第 122 行.
SQL: SELECT * FROM `o_picture` WHERE ( `status` = 1 ) AND ( `id` = 54 ) LIMIT 1   [ RunTime:0.000160s ]
NOTIC: [8] Use of undefined constant path - assumed 'path' E:\web\Runtime\Cache\Home\094be10c2cd20506d79c986fa45ec0c3.php 第 122 行.
SQL: SELECT * FROM `o_picture` WHERE ( `status` = 1 ) AND ( `id` = 64 ) LIMIT 1   [ RunTime:0.000146s ]
NOTIC: [8] Use of undefined constant path - assumed 'path' E:\web\Runtime\Cache\Home\094be10c2cd20506d79c986fa45ec0c3.php 第 122 行.
SQL: SELECT * FROM `o_picture` WHERE ( `status` = 1 ) AND ( `id` = 63 ) LIMIT 1   [ RunTime:0.000151s ]
NOTIC: [2] Illegal string offset 'title' E:\web\Runtime\Cache\Home\094be10c2cd20506d79c986fa45ec0c3.php 第 235 行.
SQL: SELECT `id`,`uid`,`name`,`title`,`category_id`,`description`,`root`,`pid`,`model_id`,`type`,`position`,`link_id`,`cover_id`,`display`,`deadline`,`attach`,`view`,`comment`,`extend`,`level`,`create_time`,`update_time`,`status`,`biaoqian`,`ljxg`,`xptj`,`price` FROM `o_document` WHERE ( `id` > '56' ) AND ( `pid` = 0 ) AND ( `category_id` = 44 ) AND ( `status` = 1 ) ORDER BY id LIMIT 1   [ RunTime:0.000302s ]
SQL: SELECT `id`,`uid`,`name`,`title`,`category_id`,`description`,`root`,`pid`,`model_id`,`type`,`position`,`link_id`,`cover_id`,`display`,`deadline`,`attach`,`view`,`comment`,`extend`,`level`,`create_time`,`update_time`,`status`,`biaoqian`,`ljxg`,`xptj`,`price` FROM `o_document` WHERE ( `id` < '56' ) AND ( `pid` = 0 ) AND ( `category_id` = 44 ) AND ( `status` = 1 ) ORDER BY id DESC LIMIT 1   [ RunTime:0.000269s ]
INFO: Run Behavior\ParseTemplate [ RunTime:0.178001s ]
INFO: [ view_parse ] --END-- [ RunTime:0.178063s ]
INFO: [ view_filter ] --START--
INFO: Run Behavior\WriteHtmlCache [ RunTime:0.000497s ]
INFO: [ view_filter ] --END-- [ RunTime:0.000560s ]
INFO: [ app_end ] --START--
INFO: Run Behavior\ShowPageTrace [ RunTime:0.000635s ]
INFO: [ app_end ] --END-- [ RunTime:0.000708s ]

[ 2017-09-10T13:16:35+08:00 ] 123.112.20.191 /Article/detail/id/56/catid/44.html
SQL: SHOW COLUMNS FROM `o_document` [ RunTime:0.008529s ]
SQL: SELECT `id`,`uid`,`name`,`title`,`category_id`,`description`,`root`,`pid`,`model_id`,`type`,`position`,`link_id`,`cover_id`,`display`,`deadline`,`attach`,`view`,`comment`,`extend`,`level`,`create_time`,`update_time`,`status`,`biaoqian`,`ljxg`,`xptj`,`price` FROM `o_document` WHERE ( `id` = 56 ) LIMIT 1   [ RunTime:0.000309s ]
SQL: SHOW COLUMNS FROM `o_document_article` [ RunTime:0.008474s ]
SQL: SELECT `id`,`parse`,`content`,`template`,`bookmark`,`product` FROM `o_document_article` WHERE ( `id` = 56 ) LIMIT 1   [ RunTime:0.000214s ]
SQL: SHOW COLUMNS FROM `o_category` [ RunTime:0.008240s ]
SQL: SELECT `id`,`name`,`title`,`pid`,`sort`,`list_row`,`meta_title`,`keywords`,`description`,`template_index`,`template_page`,`template_lists`,`template_detail`,`template_edit`,`is_page`,`model`,`type`,`link_id`,`allow_publish`,`display`,`reply`,`check`,`reply_model`,`extend`,`create_time`,`update_time`,`status`,`icon`,`content`,`urll` FROM `o_category` WHERE ( `id` = 44 ) LIMIT 1   [ RunTime:0.000255s ]
SQL: UPDATE `o_document` SET `view`=view+1 WHERE ( `id` = 56 ) [ RunTime:0.000205s ]
INFO: [ view_parse ] --START--
INFO: [ template_filter ] --START--
INFO: Run Behavior\ContentReplace [ RunTime:0.000165s ]
INFO: [ template_filter ] --END-- [ RunTime:0.000220s ]
NOTIC: [8] Undefined index: url E:\web\Application\Common\Common\function.php 第 531 行.
NOTIC: [8] Undefined index: url E:\web\Application\Common\Common\function.php 第 531 行.
SQL: SHOW COLUMNS FROM `o_channel` [ RunTime:0.011598s ]
SQL: SELECT `id`,`pid`,`title`,`url`,`sort`,`create_time`,`update_time`,`status`,`target` FROM `o_channel` WHERE ( status=1 ) ORDER BY sort  [ RunTime:0.000260s ]
NOTIC: [8] Undefined index: ccid E:\web\Runtime\Cache\Home\094be10c2cd20506d79c986fa45ec0c3.php 第 111 行.
NOTIC: [8] Undefined index: ccid E:\web\Runtime\Cache\Home\094be10c2cd20506d79c986fa45ec0c3.php 第 111 行.
NOTIC: [8] Undefined index: ccid E:\web\Runtime\Cache\Home\094be10c2cd20506d79c986fa45ec0c3.php 第 111 行.
NOTIC: [8] Undefined index: ccid E:\web\Runtime\Cache\Home\094be10c2cd20506d79c986fa45ec0c3.php 第 111 行.
NOTIC: [8] Undefined index: ccid E:\web\Runtime\Cache\Home\094be10c2cd20506d79c986fa45ec0c3.php 第 111 行.
NOTIC: [8] Undefined index: ccid E:\web\Runtime\Cache\Home\094be10c2cd20506d79c986fa45ec0c3.php 第 111 行.
SQL: SELECT `id`,`name`,`title`,`pid`,`sort`,`list_row`,`meta_title`,`keywords`,`description`,`template_index`,`template_page`,`template_lists`,`template_detail`,`template_edit`,`is_page`,`model`,`type`,`link_id`,`allow_publish`,`display`,`reply`,`check`,`reply_model`,`extend`,`create_time`,`update_time`,`status`,`icon`,`content`,`urll` FROM `o_category` WHERE ( `id` = 40 ) LIMIT 1   [ RunTime:0.000268s ]
SQL: SELECT `id`,`name`,`pid`,`title`,`link_id`,`is_page`,`display` FROM `o_category` WHERE ( `status` = 1 ) ORDER BY sort  [ RunTime:0.000341s ]
SQL: SELECT `id`,`uid`,`name`,`title`,`category_id`,`description`,`root`,`pid`,`model_id`,`type`,`position`,`link_id`,`cover_id`,`display`,`deadline`,`attach`,`view`,`comment`,`extend`,`level`,`create_time`,`update_time`,`status`,`biaoqian`,`ljxg`,`xptj`,`price` FROM `o_document` WHERE ( `status` = 1 ) AND ( `pid` = 0 ) AND ( `category_id` = 40 ) AND ( `create_time` < 1505020594 ) AND ( deadline = 0 OR deadline > 1505020594 ) ORDER BY `level` DESC,`id` DESC LIMIT 0,10   [ RunTime:0.000361s ]
NOTIC: [8] Use of undefined constant path - assumed 'path' E:\web\Runtime\Cache\Home\094be10c2cd20506d79c986fa45ec0c3.php 第 122 行.
SQL: SHOW COLUMNS FROM `o_picture` [ RunTime:0.008033s ]
SQL: SELECT * FROM `o_picture` WHERE ( `status` = 1 ) AND ( `id` = 61 ) LIMIT 1   [ RunTime:0.000203s ]
NOTIC: [8] Use of undefined constant path - assumed 'path' E:\web\Runtime\Cache\Home\094be10c2cd20506d79c986fa45ec0c3.php 第 122 行.
SQL: SELECT * FROM `o_picture` WHERE ( `status` = 1 ) AND ( `id` = 56 ) LIMIT 1   [ RunTime:0.000168s ]
NOTIC: [8] Use of undefined constant path - assumed 'path' E:\web\Runtime\Cache\Home\094be10c2cd20506d79c986fa45ec0c3.php 第 122 行.
SQL: SELECT * FROM `o_picture` WHERE ( `status` = 1 ) AND ( `id` = 54 ) LIMIT 1   [ RunTime:0.000161s ]
NOTIC: [8] Use of undefined constant path - assumed 'path' E:\web\Runtime\Cache\Home\094be10c2cd20506d79c986fa45ec0c3.php 第 122 行.
SQL: SELECT * FROM `o_picture` WHERE ( `status` = 1 ) AND ( `id` = 64 ) LIMIT 1   [ RunTime:0.000154s ]
NOTIC: [8] Use of undefined constant path - assumed 'path' E:\web\Runtime\Cache\Home\094be10c2cd20506d79c986fa45ec0c3.php 第 122 行.
SQL: SELECT * FROM `o_picture` WHERE ( `status` = 1 ) AND ( `id` = 63 ) LIMIT 1   [ RunTime:0.000143s ]
NOTIC: [2] Illegal string offset 'title' E:\web\Runtime\Cache\Home\094be10c2cd20506d79c986fa45ec0c3.php 第 235 行.
SQL: SELECT `id`,`uid`,`name`,`title`,`category_id`,`description`,`root`,`pid`,`model_id`,`type`,`position`,`link_id`,`cover_id`,`display`,`deadline`,`attach`,`view`,`comment`,`extend`,`level`,`create_time`,`update_time`,`status`,`biaoqian`,`ljxg`,`xptj`,`price` FROM `o_document` WHERE ( `id` > '56' ) AND ( `pid` = 0 ) AND ( `category_id` = 44 ) AND ( `status` = 1 ) ORDER BY id LIMIT 1   [ RunTime:0.000304s ]
SQL: SELECT `id`,`uid`,`name`,`title`,`category_id`,`description`,`root`,`pid`,`model_id`,`type`,`position`,`link_id`,`cover_id`,`display`,`deadline`,`attach`,`view`,`comment`,`extend`,`level`,`create_time`,`update_time`,`status`,`biaoqian`,`ljxg`,`xptj`,`price` FROM `o_document` WHERE ( `id` < '56' ) AND ( `pid` = 0 ) AND ( `category_id` = 44 ) AND ( `status` = 1 ) ORDER BY id DESC LIMIT 1   [ RunTime:0.000282s ]
INFO: Run Behavior\ParseTemplate [ RunTime:0.186781s ]
INFO: [ view_parse ] --END-- [ RunTime:0.186851s ]
INFO: [ view_filter ] --START--
INFO: Run Behavior\WriteHtmlCache [ RunTime:0.000570s ]
INFO: [ view_filter ] --END-- [ RunTime:0.000621s ]
INFO: [ app_end ] --START--
INFO: Run Behavior\ShowPageTrace [ RunTime:0.000667s ]
INFO: [ app_end ] --END-- [ RunTime:0.000741s ]

[ 2017-09-10T13:16:39+08:00 ] 123.112.20.191 /Article/detail/id/55/catid/44.html
SQL: SHOW COLUMNS FROM `o_document` [ RunTime:0.008783s ]
SQL: SELECT `id`,`uid`,`name`,`title`,`category_id`,`description`,`root`,`pid`,`model_id`,`type`,`position`,`link_id`,`cover_id`,`display`,`deadline`,`attach`,`view`,`comment`,`extend`,`level`,`create_time`,`update_time`,`status`,`biaoqian`,`ljxg`,`xptj`,`price` FROM `o_document` WHERE ( `id` = 55 ) LIMIT 1   [ RunTime:0.000300s ]
SQL: SHOW COLUMNS FROM `o_document_article` [ RunTime:0.008008s ]
SQL: SELECT `id`,`parse`,`content`,`template`,`bookmark`,`product` FROM `o_document_article` WHERE ( `id` = 55 ) LIMIT 1   [ RunTime:0.000232s ]
SQL: SHOW COLUMNS FROM `o_category` [ RunTime:0.008158s ]
SQL: SELECT `id`,`name`,`title`,`pid`,`sort`,`list_row`,`meta_title`,`keywords`,`description`,`template_index`,`template_page`,`template_lists`,`template_detail`,`template_edit`,`is_page`,`model`,`type`,`link_id`,`allow_publish`,`display`,`reply`,`check`,`reply_model`,`extend`,`create_time`,`update_time`,`status`,`icon`,`content`,`urll` FROM `o_category` WHERE ( `id` = 44 ) LIMIT 1   [ RunTime:0.000252s ]
SQL: UPDATE `o_document` SET `view`=view+1 WHERE ( `id` = 55 ) [ RunTime:0.000192s ]
INFO: [ view_parse ] --START--
INFO: [ template_filter ] --START--
INFO: Run Behavior\ContentReplace [ RunTime:0.000168s ]
INFO: [ template_filter ] --END-- [ RunTime:0.000227s ]
NOTIC: [8] Undefined index: url E:\web\Application\Common\Common\function.php 第 531 行.
NOTIC: [8] Undefined index: url E:\web\Application\Common\Common\function.php 第 531 行.
SQL: SHOW COLUMNS FROM `o_channel` [ RunTime:0.011284s ]
SQL: SELECT `id`,`pid`,`title`,`url`,`sort`,`create_time`,`update_time`,`status`,`target` FROM `o_channel` WHERE ( status=1 ) ORDER BY sort  [ RunTime:0.000259s ]
NOTIC: [8] Undefined index: ccid E:\web\Runtime\Cache\Home\094be10c2cd20506d79c986fa45ec0c3.php 第 111 行.
NOTIC: [8] Undefined index: ccid E:\web\Runtime\Cache\Home\094be10c2cd20506d79c986fa45ec0c3.php 第 111 行.
NOTIC: [8] Undefined index: ccid E:\web\Runtime\Cache\Home\094be10c2cd20506d79c986fa45ec0c3.php 第 111 行.
NOTIC: [8] Undefined index: ccid E:\web\Runtime\Cache\Home\094be10c2cd20506d79c986fa45ec0c3.php 第 111 行.
NOTIC: [8] Undefined index: ccid E:\web\Runtime\Cache\Home\094be10c2cd20506d79c986fa45ec0c3.php 第 111 行.
NOTIC: [8] Undefined index: ccid E:\web\Runtime\Cache\Home\094be10c2cd20506d79c986fa45ec0c3.php 第 111 行.
SQL: SELECT `id`,`name`,`title`,`pid`,`sort`,`list_row`,`meta_title`,`keywords`,`description`,`template_index`,`template_page`,`template_lists`,`template_detail`,`template_edit`,`is_page`,`model`,`type`,`link_id`,`allow_publish`,`display`,`reply`,`check`,`reply_model`,`extend`,`create_time`,`update_time`,`status`,`icon`,`content`,`urll` FROM `o_category` WHERE ( `id` = 40 ) LIMIT 1   [ RunTime:0.000338s ]
SQL: SELECT `id`,`name`,`pid`,`title`,`link_id`,`is_page`,`display` FROM `o_category` WHERE ( `status` = 1 ) ORDER BY sort  [ RunTime:0.000457s ]
SQL: SELECT `id`,`uid`,`name`,`title`,`category_id`,`description`,`root`,`pid`,`model_id`,`type`,`position`,`link_id`,`cover_id`,`display`,`deadline`,`attach`,`view`,`comment`,`extend`,`level`,`create_time`,`update_time`,`status`,`biaoqian`,`ljxg`,`xptj`,`price` FROM `o_document` WHERE ( `status` = 1 ) AND ( `pid` = 0 ) AND ( `category_id` = 40 ) AND ( `create_time` < 1505020599 ) AND ( deadline = 0 OR deadline > 1505020599 ) ORDER BY `level` DESC,`id` DESC LIMIT 0,10   [ RunTime:0.000477s ]
NOTIC: [8] Use of undefined constant path - assumed 'path' E:\web\Runtime\Cache\Home\094be10c2cd20506d79c986fa45ec0c3.php 第 122 行.
SQL: SHOW COLUMNS FROM `o_picture` [ RunTime:0.010617s ]
SQL: SELECT * FROM `o_picture` WHERE ( `status` = 1 ) AND ( `id` = 61 ) LIMIT 1   [ RunTime:0.000199s ]
NOTIC: [8] Use of undefined constant path - assumed 'path' E:\web\Runtime\Cache\Home\094be10c2cd20506d79c986fa45ec0c3.php 第 122 行.
SQL: SELECT * FROM `o_picture` WHERE ( `status` = 1 ) AND ( `id` = 56 ) LIMIT 1   [ RunTime:0.000225s ]
NOTIC: [8] Use of undefined constant path - assumed 'path' E:\web\Runtime\Cache\Home\094be10c2cd20506d79c986fa45ec0c3.php 第 122 行.
SQL: SELECT * FROM `o_picture` WHERE ( `status` = 1 ) AND ( `id` = 54 ) LIMIT 1   [ RunTime:0.000203s ]
NOTIC: [8] Use of undefined constant path - assumed 'path' E:\web\Runtime\Cache\Home\094be10c2cd20506d79c986fa45ec0c3.php 第 122 行.
SQL: SELECT * FROM `o_picture` WHERE ( `status` = 1 ) AND ( `id` = 64 ) LIMIT 1   [ RunTime:0.000196s ]
NOTIC: [8] Use of undefined constant path - assumed 'path' E:\web\Runtime\Cache\Home\094be10c2cd20506d79c986fa45ec0c3.php 第 122 行.
SQL: SELECT * FROM `o_picture` WHERE ( `status` = 1 ) AND ( `id` = 63 ) LIMIT 1   [ RunTime:0.000202s ]
NOTIC: [2] Illegal string offset 'title' E:\web\Runtime\Cache\Home\094be10c2cd20506d79c986fa45ec0c3.php 第 235 行.
SQL: SELECT `id`,`uid`,`name`,`title`,`category_id`,`description`,`root`,`pid`,`model_id`,`type`,`position`,`link_id`,`cover_id`,`display`,`deadline`,`attach`,`view`,`comment`,`extend`,`level`,`create_time`,`update_time`,`status`,`biaoqian`,`ljxg`,`xptj`,`price` FROM `o_document` WHERE ( `id` > '55' ) AND ( `pid` = 0 ) AND ( `category_id` = 44 ) AND ( `status` = 1 ) ORDER BY id LIMIT 1   [ RunTime:0.000392s ]
SQL: SELECT `id`,`uid`,`name`,`title`,`category_id`,`description`,`root`,`pid`,`model_id`,`type`,`position`,`link_id`,`cover_id`,`display`,`deadline`,`attach`,`view`,`comment`,`extend`,`level`,`create_time`,`update_time`,`status`,`biaoqian`,`ljxg`,`xptj`,`price` FROM `o_document` WHERE ( `id` < '55' ) AND ( `pid` = 0 ) AND ( `category_id` = 44 ) AND ( `status` = 1 ) ORDER BY id DESC LIMIT 1   [ RunTime:0.000374s ]
INFO: Run Behavior\ParseTemplate [ RunTime:0.186651s ]
INFO: [ view_parse ] --END-- [ RunTime:0.186708s ]
INFO: [ view_filter ] --START--
INFO: Run Behavior\WriteHtmlCache [ RunTime:0.000499s ]
INFO: [ view_filter ] --END-- [ RunTime:0.000545s ]
INFO: [ app_end ] --START--
INFO: Run Behavior\ShowPageTrace [ RunTime:0.000620s ]
INFO: [ app_end ] --END-- [ RunTime:0.000691s ]

[ 2017-09-10T13:17:06+08:00 ] 123.112.20.191 /user/car.html
NOTIC: [8] Undefined index: productid E:\web\Application\Home\Controller\UserController.class.php 第 49 行.
NOTIC: [2] Invalid argument supplied for foreach() E:\web\Application\Home\Controller\UserController.class.php 第 86 行.
INFO: [ view_parse ] --START--
INFO: [ template_filter ] --START--
INFO: Run Behavior\ContentReplace [ RunTime:0.000194s ]
INFO: [ template_filter ] --END-- [ RunTime:0.000252s ]
NOTIC: [8] Undefined index: catid E:\web\Runtime\Cache\Home\276d7ba705f7d64837fd7be126ec7019.php 第 5 行.
NOTIC: [8] Undefined index: url E:\web\Application\Common\Common\function.php 第 531 行.
NOTIC: [8] Undefined index: url E:\web\Application\Common\Common\function.php 第 531 行.
SQL: SHOW COLUMNS FROM `o_channel` [ RunTime:0.012127s ]
SQL: SELECT `id`,`pid`,`title`,`url`,`sort`,`create_time`,`update_time`,`status`,`target` FROM `o_channel` WHERE ( status=1 ) ORDER BY sort  [ RunTime:0.000277s ]
NOTIC: [8] Undefined index: ccid E:\web\Runtime\Cache\Home\276d7ba705f7d64837fd7be126ec7019.php 第 111 行.
NOTIC: [8] Undefined index: ccid E:\web\Runtime\Cache\Home\276d7ba705f7d64837fd7be126ec7019.php 第 111 行.
NOTIC: [8] Undefined index: ccid E:\web\Runtime\Cache\Home\276d7ba705f7d64837fd7be126ec7019.php 第 111 行.
NOTIC: [8] Undefined index: ccid E:\web\Runtime\Cache\Home\276d7ba705f7d64837fd7be126ec7019.php 第 111 行.
NOTIC: [8] Undefined index: ccid E:\web\Runtime\Cache\Home\276d7ba705f7d64837fd7be126ec7019.php 第 111 行.
NOTIC: [8] Undefined index: ccid E:\web\Runtime\Cache\Home\276d7ba705f7d64837fd7be126ec7019.php 第 111 行.
SQL: SHOW COLUMNS FROM `o_category` [ RunTime:0.008518s ]
SQL: SELECT `id`,`name`,`title`,`pid`,`sort`,`list_row`,`meta_title`,`keywords`,`description`,`template_index`,`template_page`,`template_lists`,`template_detail`,`template_edit`,`is_page`,`model`,`type`,`link_id`,`allow_publish`,`display`,`reply`,`check`,`reply_model`,`extend`,`create_time`,`update_time`,`status`,`icon`,`content`,`urll` FROM `o_category` WHERE ( `id` = 40 ) LIMIT 1   [ RunTime:0.000293s ]
SQL: SELECT `id`,`name`,`pid`,`title`,`link_id`,`is_page`,`display` FROM `o_category` WHERE ( `status` = 1 ) ORDER BY sort  [ RunTime:0.000375s ]
SQL: SHOW COLUMNS FROM `o_document` [ RunTime:0.009149s ]
SQL: SELECT `id`,`uid`,`name`,`title`,`category_id`,`description`,`root`,`pid`,`model_id`,`type`,`position`,`link_id`,`cover_id`,`display`,`deadline`,`attach`,`view`,`comment`,`extend`,`level`,`create_time`,`update_time`,`status`,`biaoqian`,`ljxg`,`xptj`,`price` FROM `o_document` WHERE ( `status` = 1 ) AND ( `pid` = 0 ) AND ( `category_id` = 40 ) AND ( `create_time` < 1505020625 ) AND ( deadline = 0 OR deadline > 1505020625 ) ORDER BY `level` DESC,`id` DESC LIMIT 0,10   [ RunTime:0.000423s ]
NOTIC: [8] Use of undefined constant path - assumed 'path' E:\web\Runtime\Cache\Home\276d7ba705f7d64837fd7be126ec7019.php 第 122 行.
SQL: SHOW COLUMNS FROM `o_picture` [ RunTime:0.008373s ]
SQL: SELECT * FROM `o_picture` WHERE ( `status` = 1 ) AND ( `id` = 61 ) LIMIT 1   [ RunTime:0.000221s ]
NOTIC: [8] Use of undefined constant path - assumed 'path' E:\web\Runtime\Cache\Home\276d7ba705f7d64837fd7be126ec7019.php 第 122 行.
SQL: SELECT * FROM `o_picture` WHERE ( `status` = 1 ) AND ( `id` = 56 ) LIMIT 1   [ RunTime:0.000176s ]
NOTIC: [8] Use of undefined constant path - assumed 'path' E:\web\Runtime\Cache\Home\276d7ba705f7d64837fd7be126ec7019.php 第 122 行.
SQL: SELECT * FROM `o_picture` WHERE ( `status` = 1 ) AND ( `id` = 54 ) LIMIT 1   [ RunTime:0.000162s ]
NOTIC: [8] Use of undefined constant path - assumed 'path' E:\web\Runtime\Cache\Home\276d7ba705f7d64837fd7be126ec7019.php 第 122 行.
SQL: SELECT * FROM `o_picture` WHERE ( `status` = 1 ) AND ( `id` = 64 ) LIMIT 1   [ RunTime:0.000171s ]
NOTIC: [8] Use of undefined constant path - assumed 'path' E:\web\Runtime\Cache\Home\276d7ba705f7d64837fd7be126ec7019.php 第 122 行.
SQL: SELECT * FROM `o_picture` WHERE ( `status` = 1 ) AND ( `id` = 63 ) LIMIT 1   [ RunTime:0.000155s ]
NOTIC: [2] Invalid argument supplied for foreach() E:\web\Runtime\Cache\Home\276d7ba705f7d64837fd7be126ec7019.php 第 248 行.
INFO: Run Behavior\ParseTemplate [ RunTime:0.179533s ]
INFO: [ view_parse ] --END-- [ RunTime:0.179593s ]
INFO: [ view_filter ] --START--
INFO: Run Behavior\WriteHtmlCache [ RunTime:0.000659s ]
INFO: [ view_filter ] --END-- [ RunTime:0.000710s ]
INFO: [ app_end ] --START--
INFO: Run Behavior\ShowPageTrace [ RunTime:0.000690s ]
INFO: [ app_end ] --END-- [ RunTime:0.000749s ]

[ 2017-09-10T13:17:10+08:00 ] 123.112.20.191 /Index/index.html
SQL: SHOW COLUMNS FROM `o_category` [ RunTime:0.008877s ]
SQL: SELECT `id`,`name`,`title`,`pid`,`sort`,`list_row`,`meta_title`,`keywords`,`description`,`template_index`,`template_page`,`template_lists`,`template_detail`,`template_edit`,`is_page`,`model`,`type`,`link_id`,`allow_publish`,`display`,`reply`,`check`,`reply_model`,`extend`,`create_time`,`update_time`,`status`,`icon`,`content`,`urll` FROM `o_category` WHERE ( `status` = 1 ) ORDER BY sort  [ RunTime:0.000920s ]
SQL: SHOW COLUMNS FROM `o_document` [ RunTime:0.008447s ]
SQL: SELECT `id`,`uid`,`name`,`title`,`category_id`,`description`,`root`,`pid`,`model_id`,`type`,`position`,`link_id`,`cover_id`,`display`,`deadline`,`attach`,`view`,`comment`,`extend`,`level`,`create_time`,`update_time`,`status`,`biaoqian`,`ljxg`,`xptj`,`price` FROM `o_document` WHERE ( `status` = 1 ) AND ( `pid` = 0 ) AND ( `create_time` < 1505020630 ) AND ( deadline = 0 OR deadline > 1505020630 ) ORDER BY `id` DESC  [ RunTime:0.001154s ]
INFO: [ view_parse ] --START--
INFO: [ template_filter ] --START--
INFO: Run Behavior\ContentReplace [ RunTime:0.000271s ]
INFO: [ template_filter ] --END-- [ RunTime:0.000332s ]
NOTIC: [8] Undefined index: catid E:\web\Runtime\Cache\Home\769e70f2e46f34ceb60619bbda5e4691.php 第 5 行.
NOTIC: [8] Undefined index: url E:\web\Application\Common\Common\function.php 第 531 行.
NOTIC: [8] Undefined index: url E:\web\Application\Common\Common\function.php 第 531 行.
SQL: SHOW COLUMNS FROM `o_channel` [ RunTime:0.008848s ]
SQL: SELECT `id`,`pid`,`title`,`url`,`sort`,`create_time`,`update_time`,`status`,`target` FROM `o_channel` WHERE ( status=1 ) ORDER BY sort  [ RunTime:0.000261s ]
NOTIC: [8] Undefined index: ccid E:\web\Runtime\Cache\Home\769e70f2e46f34ceb60619bbda5e4691.php 第 111 行.
NOTIC: [8] Undefined index: ccid E:\web\Runtime\Cache\Home\769e70f2e46f34ceb60619bbda5e4691.php 第 111 行.
NOTIC: [8] Undefined index: ccid E:\web\Runtime\Cache\Home\769e70f2e46f34ceb60619bbda5e4691.php 第 111 行.
NOTIC: [8] Undefined index: ccid E:\web\Runtime\Cache\Home\769e70f2e46f34ceb60619bbda5e4691.php 第 111 行.
NOTIC: [8] Undefined index: ccid E:\web\Runtime\Cache\Home\769e70f2e46f34ceb60619bbda5e4691.php 第 111 行.
NOTIC: [8] Undefined index: ccid E:\web\Runtime\Cache\Home\769e70f2e46f34ceb60619bbda5e4691.php 第 111 行.
SQL: SELECT `id`,`name`,`title`,`pid`,`sort`,`list_row`,`meta_title`,`keywords`,`description`,`template_index`,`template_page`,`template_lists`,`template_detail`,`template_edit`,`is_page`,`model`,`type`,`link_id`,`allow_publish`,`display`,`reply`,`check`,`reply_model`,`extend`,`create_time`,`update_time`,`status`,`icon`,`content`,`urll` FROM `o_category` WHERE ( `id` = 40 ) LIMIT 1   [ RunTime:0.000248s ]
SQL: SELECT `id`,`name`,`pid`,`title`,`link_id`,`is_page`,`display` FROM `o_category` WHERE ( `status` = 1 ) ORDER BY sort  [ RunTime:0.000354s ]
SQL: SELECT `id`,`uid`,`name`,`title`,`category_id`,`description`,`root`,`pid`,`model_id`,`type`,`position`,`link_id`,`cover_id`,`display`,`deadline`,`attach`,`view`,`comment`,`extend`,`level`,`create_time`,`update_time`,`status`,`biaoqian`,`ljxg`,`xptj`,`price` FROM `o_document` WHERE ( `status` = 1 ) AND ( `pid` = 0 ) AND ( `category_id` = 40 ) AND ( `create_time` < 1505020630 ) AND ( deadline = 0 OR deadline > 1505020630 ) ORDER BY `level` DESC,`id` DESC LIMIT 0,10   [ RunTime:0.000356s ]
NOTIC: [8] Use of undefined constant path - assumed 'path' E:\web\Runtime\Cache\Home\769e70f2e46f34ceb60619bbda5e4691.php 第 122 行.
SQL: SHOW COLUMNS FROM `o_picture` [ RunTime:0.008853s ]
SQL: SELECT * FROM `o_picture` WHERE ( `status` = 1 ) AND ( `id` = 61 ) LIMIT 1   [ RunTime:0.000209s ]
NOTIC: [8] Use of undefined constant path - assumed 'path' E:\web\Runtime\Cache\Home\769e70f2e46f34ceb60619bbda5e4691.php 第 122 行.
SQL: SELECT * FROM `o_picture` WHERE ( `status` = 1 ) AND ( `id` = 56 ) LIMIT 1   [ RunTime:0.000167s ]
NOTIC: [8] Use of undefined constant path - assumed 'path' E:\web\Runtime\Cache\Home\769e70f2e46f34ceb60619bbda5e4691.php 第 122 行.
SQL: SELECT * FROM `o_picture` WHERE ( `status` = 1 ) AND ( `id` = 54 ) LIMIT 1   [ RunTime:0.000153s ]
NOTIC: [8] Use of undefined constant path - assumed 'path' E:\web\Runtime\Cache\Home\769e70f2e46f34ceb60619bbda5e4691.php 第 122 行.
SQL: SELECT * FROM `o_picture` WHERE ( `status` = 1 ) AND ( `id` = 64 ) LIMIT 1   [ RunTime:0.000149s ]
NOTIC: [8] Use of undefined constant path - assumed 'path' E:\web\Runtime\Cache\Home\769e70f2e46f34ceb60619bbda5e4691.php 第 122 行.
SQL: SELECT * FROM `o_picture` WHERE ( `status` = 1 ) AND ( `id` = 63 ) LIMIT 1   [ RunTime:0.000152s ]
SQL: SELECT `id`,`uid`,`name`,`title`,`category_id`,`description`,`root`,`pid`,`model_id`,`type`,`position`,`link_id`,`cover_id`,`display`,`deadline`,`attach`,`view`,`comment`,`extend`,`level`,`create_time`,`update_time`,`status`,`biaoqian`,`ljxg`,`xptj`,`price` FROM `o_document` WHERE ( `status` = 1 ) AND ( `pid` = 0 ) AND ( `category_id` IN ('55','56','57','58','59') ) AND ( `create_time` < 1505020630 ) AND ( deadline = 0 OR deadline > 1505020630 ) AND ( position & 4 = 4 ) LIMIT 4   [ RunTime:0.000342s ]
SQL: SELECT `id`,`uid`,`name`,`title`,`category_id`,`description`,`root`,`pid`,`model_id`,`type`,`position`,`link_id`,`cover_id`,`display`,`deadline`,`attach`,`view`,`comment`,`extend`,`level`,`create_time`,`update_time`,`status`,`biaoqian`,`ljxg`,`xptj`,`price` FROM `o_document` WHERE ( `status` = 1 ) AND ( `pid` = 0 ) AND ( `category_id` IN ('55','56','57','58','59','60','61','62','63','64','65','66','67','68') ) AND ( `create_time` < 1505020630 ) AND ( deadline = 0 OR deadline > 1505020630 ) AND ( position & 4 = 4 ) LIMIT 14   [ RunTime:0.000649s ]
NOTIC: [8] Use of undefined constant path - assumed 'path' E:\web\Runtime\Cache\Home\769e70f2e46f34ceb60619bbda5e4691.php 第 303 行.
SQL: SELECT * FROM `o_picture` WHERE ( `status` = 1 ) AND ( `id` = 28 ) LIMIT 1   [ RunTime:0.000178s ]
NOTIC: [8] Use of undefined constant path - assumed 'path' E:\web\Runtime\Cache\Home\769e70f2e46f34ceb60619bbda5e4691.php 第 303 行.
SQL: SELECT * FROM `o_picture` WHERE ( `status` = 1 ) AND ( `id` = 29 ) LIMIT 1   [ RunTime:0.000168s ]
NOTIC: [8] Use of undefined constant path - assumed 'path' E:\web\Runtime\Cache\Home\769e70f2e46f34ceb60619bbda5e4691.php 第 303 行.
SQL: SELECT * FROM `o_picture` WHERE ( `status` = 1 ) AND ( `id` = 32 ) LIMIT 1   [ RunTime:0.000158s ]
NOTIC: [8] Use of undefined constant path - assumed 'path' E:\web\Runtime\Cache\Home\769e70f2e46f34ceb60619bbda5e4691.php 第 303 行.
SQL: SELECT * FROM `o_picture` WHERE ( `status` = 1 ) AND ( `id` = 31 ) LIMIT 1   [ RunTime:0.000159s ]
NOTIC: [8] Use of undefined constant path - assumed 'path' E:\web\Runtime\Cache\Home\769e70f2e46f34ceb60619bbda5e4691.php 第 303 行.
SQL: SELECT * FROM `o_picture` WHERE ( `status` = 1 ) AND ( `id` = 30 ) LIMIT 1   [ RunTime:0.000161s ]
NOTIC: [8] Use of undefined constant path - assumed 'path' E:\web\Runtime\Cache\Home\769e70f2e46f34ceb60619bbda5e4691.php 第 303 行.
SQL: SELECT * FROM `o_picture` WHERE ( `status` = 1 ) AND ( `id` = 33 ) LIMIT 1   [ RunTime:0.000202s ]
NOTIC: [8] Use of undefined constant path - assumed 'path' E:\web\Runtime\Cache\Home\769e70f2e46f34ceb60619bbda5e4691.php 第 303 行.
SQL: SELECT * FROM `o_picture` WHERE ( `status` = 1 ) AND ( `id` = 34 ) LIMIT 1   [ RunTime:0.000176s ]
NOTIC: [8] Use of undefined constant path - assumed 'path' E:\web\Runtime\Cache\Home\769e70f2e46f34ceb60619bbda5e4691.php 第 303 行.
SQL: SELECT * FROM `o_picture` WHERE ( `status` = 1 ) AND ( `id` = 35 ) LIMIT 1   [ RunTime:0.000208s ]
NOTIC: [8] Use of undefined constant path - assumed 'path' E:\web\Runtime\Cache\Home\769e70f2e46f34ceb60619bbda5e4691.php 第 303 行.
SQL: SELECT * FROM `o_picture` WHERE ( `status` = 1 ) AND ( `id` = 36 ) LIMIT 1   [ RunTime:0.000170s ]
NOTIC: [8] Use of undefined constant path - assumed 'path' E:\web\Runtime\Cache\Home\769e70f2e46f34ceb60619bbda5e4691.php 第 303 行.
SQL: SELECT * FROM `o_picture` WHERE ( `status` = 1 ) AND ( `id` = 37 ) LIMIT 1   [ RunTime:0.000165s ]
NOTIC: [8] Use of undefined constant path - assumed 'path' E:\web\Runtime\Cache\Home\769e70f2e46f34ceb60619bbda5e4691.php 第 303 行.
SQL: SELECT * FROM `o_picture` WHERE ( `status` = 1 ) AND ( `id` = 38 ) LIMIT 1   [ RunTime:0.000169s ]
NOTIC: [8] Use of undefined constant path - assumed 'path' E:\web\Runtime\Cache\Home\769e70f2e46f34ceb60619bbda5e4691.php 第 303 行.
SQL: SELECT * FROM `o_picture` WHERE ( `status` = 1 ) AND ( `id` = 39 ) LIMIT 1   [ RunTime:0.000153s ]
NOTIC: [8] Use of undefined constant path - assumed 'path' E:\web\Runtime\Cache\Home\769e70f2e46f34ceb60619bbda5e4691.php 第 303 行.
SQL: SELECT * FROM `o_picture` WHERE ( `status` = 1 ) AND ( `id` = 48 ) LIMIT 1   [ RunTime:0.000153s ]
NOTIC: [8] Use of undefined constant path - assumed 'path' E:\web\Runtime\Cache\Home\769e70f2e46f34ceb60619bbda5e4691.php 第 303 行.
SQL: SELECT * FROM `o_picture` WHERE ( `status` = 1 ) AND ( `id` = 40 ) LIMIT 1   [ RunTime:0.000153s ]
NOTIC: [8] Use of undefined constant path - assumed 'path' E:\web\Runtime\Cache\Home\769e70f2e46f34ceb60619bbda5e4691.php 第 313 行.
SQL: SELECT * FROM `o_picture` WHERE ( `status` = 1 ) AND ( `id` = 27 ) LIMIT 1   [ RunTime:0.000150s ]
SQL: SELECT `id`,`uid`,`name`,`title`,`category_id`,`description`,`root`,`pid`,`model_id`,`type`,`position`,`link_id`,`cover_id`,`display`,`deadline`,`attach`,`view`,`comment`,`extend`,`level`,`create_time`,`update_time`,`status`,`biaoqian`,`ljxg`,`xptj`,`price` FROM `o_document` WHERE ( `status` = 1 ) AND ( `pid` = 0 ) AND ( `category_id` IN ('67','68') ) AND ( `create_time` < 1505020630 ) AND ( deadline = 0 OR deadline > 1505020630 ) AND ( position & 4 = 4 ) LIMIT 5   [ RunTime:0.000326s ]
NOTIC: [8] Use of undefined constant path - assumed 'path' E:\web\Runtime\Cache\Home\769e70f2e46f34ceb60619bbda5e4691.php 第 324 行.
SQL: SELECT * FROM `o_picture` WHERE ( `status` = 1 ) AND ( `id` = 43 ) LIMIT 1   [ RunTime:0.000168s ]
NOTIC: [8] Use of undefined constant path - assumed 'path' E:\web\Runtime\Cache\Home\769e70f2e46f34ceb60619bbda5e4691.php 第 324 行.
SQL: SELECT * FROM `o_picture` WHERE ( `status` = 1 ) AND ( `id` = 42 ) LIMIT 1   [ RunTime:0.000156s ]
NOTIC: [8] Use of undefined constant path - assumed 'path' E:\web\Runtime\Cache\Home\769e70f2e46f34ceb60619bbda5e4691.php 第 324 行.
SQL: SELECT * FROM `o_picture` WHERE ( `status` = 1 ) AND ( `id` = 41 ) LIMIT 1   [ RunTime:0.000152s ]
NOTIC: [8] Use of undefined constant path - assumed 'path' E:\web\Runtime\Cache\Home\769e70f2e46f34ceb60619bbda5e4691.php 第 324 行.
SQL: SELECT * FROM `o_picture` WHERE ( `status` = 1 ) AND ( `id` = 48 ) LIMIT 1   [ RunTime:0.000155s ]
NOTIC: [8] Use of undefined constant path - assumed 'path' E:\web\Runtime\Cache\Home\769e70f2e46f34ceb60619bbda5e4691.php 第 324 行.
SQL: SELECT * FROM `o_picture` WHERE ( `status` = 1 ) AND ( `id` = 40 ) LIMIT 1   [ RunTime:0.000150s ]
NOTIC: [8] Use of undefined constant path - assumed 'path' E:\web\Runtime\Cache\Home\769e70f2e46f34ceb60619bbda5e4691.php 第 335 行.
SQL: SELECT * FROM `o_picture` WHERE ( `status` = 1 ) AND ( `id` = 26 ) LIMIT 1   [ RunTime:0.000156s ]
SQL: SELECT `id`,`uid`,`name`,`title`,`category_id`,`description`,`root`,`pid`,`model_id`,`type`,`position`,`link_id`,`cover_id`,`display`,`deadline`,`attach`,`view`,`comment`,`extend`,`level`,`create_time`,`update_time`,`status`,`biaoqian`,`ljxg`,`xptj`,`price` FROM `o_document` WHERE ( `status` = 1 ) AND ( `pid` = 0 ) AND ( `category_id` IN ('69','70') ) AND ( `create_time` < 1505020630 ) AND ( deadline = 0 OR deadline > 1505020630 ) AND ( position & 4 = 4 ) LIMIT 4   [ RunTime:0.000297s ]
NOTIC: [8] Use of undefined constant path - assumed 'path' E:\web\Runtime\Cache\Home\769e70f2e46f34ceb60619bbda5e4691.php 第 345 行.
SQL: SELECT * FROM `o_picture` WHERE ( `status` = 1 ) AND ( `id` = 47 ) LIMIT 1   [ RunTime:0.000158s ]
NOTIC: [8] Use of undefined constant path - assumed 'path' E:\web\Runtime\Cache\Home\769e70f2e46f34ceb60619bbda5e4691.php 第 345 行.
SQL: SELECT * FROM `o_picture` WHERE ( `status` = 1 ) AND ( `id` = 46 ) LIMIT 1   [ RunTime:0.000152s ]
NOTIC: [8] Use of undefined constant path - assumed 'path' E:\web\Runtime\Cache\Home\769e70f2e46f34ceb60619bbda5e4691.php 第 345 行.
SQL: SELECT * FROM `o_picture` WHERE ( `status` = 1 ) AND ( `id` = 45 ) LIMIT 1   [ RunTime:0.000153s ]
NOTIC: [8] Use of undefined constant path - assumed 'path' E:\web\Runtime\Cache\Home\769e70f2e46f34ceb60619bbda5e4691.php 第 345 行.
SQL: SELECT * FROM `o_picture` WHERE ( `status` = 1 ) AND ( `id` = 44 ) LIMIT 1   [ RunTime:0.000171s ]
SQL: SELECT `id`,`uid`,`name`,`title`,`category_id`,`description`,`root`,`pid`,`model_id`,`type`,`position`,`link_id`,`cover_id`,`display`,`deadline`,`attach`,`view`,`comment`,`extend`,`level`,`create_time`,`update_time`,`status`,`biaoqian`,`ljxg`,`xptj`,`price` FROM `o_document` WHERE ( `status` = 1 ) AND ( `pid` = 0 ) AND ( `category_id` = 72 ) AND ( `create_time` < 1505020630 ) AND ( deadline = 0 OR deadline > 1505020630 ) AND ( position & 4 = 4 ) LIMIT 2   [ RunTime:0.000275s ]
NOTIC: [8] Use of undefined constant path - assumed 'path' E:\web\Runtime\Cache\Home\769e70f2e46f34ceb60619bbda5e4691.php 第 366 行.
SQL: SELECT * FROM `o_picture` WHERE ( `status` = 1 ) AND ( `id` = 3 ) LIMIT 1   [ RunTime:0.000169s ]
NOTIC: [8] Use of undefined constant path - assumed 'path' E:\web\Runtime\Cache\Home\769e70f2e46f34ceb60619bbda5e4691.php 第 366 行.
SQL: SELECT * FROM `o_picture` WHERE ( `status` = 1 ) AND ( `id` = 3 ) LIMIT 1   [ RunTime:0.000149s ]
SQL: SELECT `id`,`uid`,`name`,`title`,`category_id`,`description`,`root`,`pid`,`model_id`,`type`,`position`,`link_id`,`cover_id`,`display`,`deadline`,`attach`,`view`,`comment`,`extend`,`level`,`create_time`,`update_time`,`status`,`biaoqian`,`ljxg`,`xptj`,`price` FROM `o_document` WHERE ( `status` = 1 ) AND ( `pid` = 0 ) AND ( `category_id` = 73 ) AND ( `create_time` < 1505020630 ) AND ( deadline = 0 OR deadline > 1505020630 ) AND ( position & 4 = 4 ) LIMIT 3   [ RunTime:0.000265s ]
INFO: Run Behavior\ParseTemplate [ RunTime:0.313601s ]
INFO: [ view_parse ] --END-- [ RunTime:0.313663s ]
INFO: [ view_filter ] --START--
INFO: Run Behavior\WriteHtmlCache [ RunTime:0.000587s ]
INFO: [ view_filter ] --END-- [ RunTime:0.000636s ]
INFO: [ app_end ] --START--
INFO: Run Behavior\ShowPageTrace [ RunTime:0.000662s ]
INFO: [ app_end ] --END-- [ RunTime:0.000719s ]

