[ 2017-09-02T10:08:54+08:00 ] 141.8.142.39 /
SQL: SHOW COLUMNS FROM `o_category` [ RunTime:0.011781s ]
SQL: SELECT `id`,`name`,`title`,`pid`,`sort`,`list_row`,`meta_title`,`keywords`,`description`,`template_index`,`template_page`,`template_lists`,`template_detail`,`template_edit`,`is_page`,`model`,`type`,`link_id`,`allow_publish`,`display`,`reply`,`check`,`reply_model`,`extend`,`create_time`,`update_time`,`status`,`icon`,`content`,`urll` FROM `o_category` WHERE ( `status` = 1 ) ORDER BY sort  [ RunTime:0.000966s ]
SQL: SHOW COLUMNS FROM `o_document` [ RunTime:0.011428s ]
SQL: SELECT `id`,`uid`,`name`,`title`,`category_id`,`description`,`root`,`pid`,`model_id`,`type`,`position`,`link_id`,`cover_id`,`display`,`deadline`,`attach`,`view`,`comment`,`extend`,`level`,`create_time`,`update_time`,`status`,`biaoqian`,`ljxg`,`xptj`,`price` FROM `o_document` WHERE ( `status` = 1 ) AND ( `pid` = 0 ) AND ( `create_time` < 1504318133 ) AND ( deadline = 0 OR deadline > 1504318133 ) ORDER BY `id` DESC  [ RunTime:0.001203s ]
INFO: [ view_parse ] --START--
INFO: [ template_filter ] --START--
INFO: Run Behavior\ContentReplace [ RunTime:0.000271s ]
INFO: [ template_filter ] --END-- [ RunTime:0.000327s ]
NOTIC: [8] Undefined index: catid E:\web\Runtime\Cache\Home\769e70f2e46f34ceb60619bbda5e4691.php 第 5 行.
NOTIC: [8] Undefined index: url E:\web\Application\Common\Common\function.php 第 505 行.
NOTIC: [8] Undefined index: url E:\web\Application\Common\Common\function.php 第 505 行.
SQL: SHOW COLUMNS FROM `o_channel` [ RunTime:0.014652s ]
SQL: SELECT `id`,`pid`,`title`,`url`,`sort`,`create_time`,`update_time`,`status`,`target` FROM `o_channel` WHERE ( status=1 ) ORDER BY sort  [ RunTime:0.000300s ]
NOTIC: [8] Undefined index: ccid E:\web\Runtime\Cache\Home\769e70f2e46f34ceb60619bbda5e4691.php 第 111 行.
NOTIC: [8] Undefined index: ccid E:\web\Runtime\Cache\Home\769e70f2e46f34ceb60619bbda5e4691.php 第 111 行.
NOTIC: [8] Undefined index: ccid E:\web\Runtime\Cache\Home\769e70f2e46f34ceb60619bbda5e4691.php 第 111 行.
NOTIC: [8] Undefined index: ccid E:\web\Runtime\Cache\Home\769e70f2e46f34ceb60619bbda5e4691.php 第 111 行.
NOTIC: [8] Undefined index: ccid E:\web\Runtime\Cache\Home\769e70f2e46f34ceb60619bbda5e4691.php 第 111 行.
NOTIC: [8] Undefined index: ccid E:\web\Runtime\Cache\Home\769e70f2e46f34ceb60619bbda5e4691.php 第 111 行.
SQL: SELECT `id`,`name`,`title`,`pid`,`sort`,`list_row`,`meta_title`,`keywords`,`description`,`template_index`,`template_page`,`template_lists`,`template_detail`,`template_edit`,`is_page`,`model`,`type`,`link_id`,`allow_publish`,`display`,`reply`,`check`,`reply_model`,`extend`,`create_time`,`update_time`,`status`,`icon`,`content`,`urll` FROM `o_category` WHERE ( `id` = 40 ) LIMIT 1   [ RunTime:0.000282s ]
SQL: SELECT `id`,`name`,`pid`,`title`,`link_id`,`is_page`,`display` FROM `o_category` WHERE ( `status` = 1 ) ORDER BY sort  [ RunTime:0.000385s ]
SQL: SELECT `id`,`uid`,`name`,`title`,`category_id`,`description`,`root`,`pid`,`model_id`,`type`,`position`,`link_id`,`cover_id`,`display`,`deadline`,`attach`,`view`,`comment`,`extend`,`level`,`create_time`,`update_time`,`status`,`biaoqian`,`ljxg`,`xptj`,`price` FROM `o_document` WHERE ( `status` = 1 ) AND ( `pid` = 0 ) AND ( `category_id` = 40 ) AND ( `create_time` < 1504318133 ) AND ( deadline = 0 OR deadline > 1504318133 ) ORDER BY `level` DESC,`id` DESC LIMIT 0,10   [ RunTime:0.000383s ]
NOTIC: [8] Use of undefined constant path - assumed 'path' E:\web\Runtime\Cache\Home\769e70f2e46f34ceb60619bbda5e4691.php 第 122 行.
SQL: SHOW COLUMNS FROM `o_picture` [ RunTime:0.011600s ]
SQL: SELECT * FROM `o_picture` WHERE ( `status` = 1 ) AND ( `id` = 61 ) LIMIT 1   [ RunTime:0.000216s ]
NOTIC: [8] Use of undefined constant path - assumed 'path' E:\web\Runtime\Cache\Home\769e70f2e46f34ceb60619bbda5e4691.php 第 122 行.
SQL: SELECT * FROM `o_picture` WHERE ( `status` = 1 ) AND ( `id` = 56 ) LIMIT 1   [ RunTime:0.000166s ]
NOTIC: [8] Use of undefined constant path - assumed 'path' E:\web\Runtime\Cache\Home\769e70f2e46f34ceb60619bbda5e4691.php 第 122 行.
SQL: SELECT * FROM `o_picture` WHERE ( `status` = 1 ) AND ( `id` = 54 ) LIMIT 1   [ RunTime:0.000155s ]
NOTIC: [8] Use of undefined constant path - assumed 'path' E:\web\Runtime\Cache\Home\769e70f2e46f34ceb60619bbda5e4691.php 第 122 行.
SQL: SELECT * FROM `o_picture` WHERE ( `status` = 1 ) AND ( `id` = 64 ) LIMIT 1   [ RunTime:0.000169s ]
NOTIC: [8] Use of undefined constant path - assumed 'path' E:\web\Runtime\Cache\Home\769e70f2e46f34ceb60619bbda5e4691.php 第 122 行.
SQL: SELECT * FROM `o_picture` WHERE ( `status` = 1 ) AND ( `id` = 63 ) LIMIT 1   [ RunTime:0.000151s ]
SQL: SELECT `id`,`uid`,`name`,`title`,`category_id`,`description`,`root`,`pid`,`model_id`,`type`,`position`,`link_id`,`cover_id`,`display`,`deadline`,`attach`,`view`,`comment`,`extend`,`level`,`create_time`,`update_time`,`status`,`biaoqian`,`ljxg`,`xptj`,`price` FROM `o_document` WHERE ( `status` = 1 ) AND ( `pid` = 0 ) AND ( `category_id` IN ('55','56','57','58','59') ) AND ( `create_time` < 1504318133 ) AND ( deadline = 0 OR deadline > 1504318133 ) AND ( position & 4 = 4 ) LIMIT 4   [ RunTime:0.000355s ]
SQL: SELECT `id`,`uid`,`name`,`title`,`category_id`,`description`,`root`,`pid`,`model_id`,`type`,`position`,`link_id`,`cover_id`,`display`,`deadline`,`attach`,`view`,`comment`,`extend`,`level`,`create_time`,`update_time`,`status`,`biaoqian`,`ljxg`,`xptj`,`price` FROM `o_document` WHERE ( `status` = 1 ) AND ( `pid` = 0 ) AND ( `category_id` IN ('55','56','57','58','59','60','61','62','63','64','65','66','67','68') ) AND ( `create_time` < 1504318133 ) AND ( deadline = 0 OR deadline > 1504318133 ) AND ( position & 4 = 4 ) LIMIT 14   [ RunTime:0.000612s ]
NOTIC: [8] Use of undefined constant path - assumed 'path' E:\web\Runtime\Cache\Home\769e70f2e46f34ceb60619bbda5e4691.php 第 303 行.
SQL: SELECT * FROM `o_picture` WHERE ( `status` = 1 ) AND ( `id` = 28 ) LIMIT 1   [ RunTime:0.000177s ]
NOTIC: [8] Use of undefined constant path - assumed 'path' E:\web\Runtime\Cache\Home\769e70f2e46f34ceb60619bbda5e4691.php 第 303 行.
SQL: SELECT * FROM `o_picture` WHERE ( `status` = 1 ) AND ( `id` = 29 ) LIMIT 1   [ RunTime:0.000159s ]
NOTIC: [8] Use of undefined constant path - assumed 'path' E:\web\Runtime\Cache\Home\769e70f2e46f34ceb60619bbda5e4691.php 第 303 行.
SQL: SELECT * FROM `o_picture` WHERE ( `status` = 1 ) AND ( `id` = 32 ) LIMIT 1   [ RunTime:0.000160s ]
NOTIC: [8] Use of undefined constant path - assumed 'path' E:\web\Runtime\Cache\Home\769e70f2e46f34ceb60619bbda5e4691.php 第 303 行.
SQL: SELECT * FROM `o_picture` WHERE ( `status` = 1 ) AND ( `id` = 31 ) LIMIT 1   [ RunTime:0.000152s ]
NOTIC: [8] Use of undefined constant path - assumed 'path' E:\web\Runtime\Cache\Home\769e70f2e46f34ceb60619bbda5e4691.php 第 303 行.
SQL: SELECT * FROM `o_picture` WHERE ( `status` = 1 ) AND ( `id` = 30 ) LIMIT 1   [ RunTime:0.000167s ]
NOTIC: [8] Use of undefined constant path - assumed 'path' E:\web\Runtime\Cache\Home\769e70f2e46f34ceb60619bbda5e4691.php 第 303 行.
SQL: SELECT * FROM `o_picture` WHERE ( `status` = 1 ) AND ( `id` = 33 ) LIMIT 1   [ RunTime:0.000158s ]
NOTIC: [8] Use of undefined constant path - assumed 'path' E:\web\Runtime\Cache\Home\769e70f2e46f34ceb60619bbda5e4691.php 第 303 行.
SQL: SELECT * FROM `o_picture` WHERE ( `status` = 1 ) AND ( `id` = 34 ) LIMIT 1   [ RunTime:0.000213s ]
NOTIC: [8] Use of undefined constant path - assumed 'path' E:\web\Runtime\Cache\Home\769e70f2e46f34ceb60619bbda5e4691.php 第 303 行.
SQL: SELECT * FROM `o_picture` WHERE ( `status` = 1 ) AND ( `id` = 35 ) LIMIT 1   [ RunTime:0.000238s ]
NOTIC: [8] Use of undefined constant path - assumed 'path' E:\web\Runtime\Cache\Home\769e70f2e46f34ceb60619bbda5e4691.php 第 303 行.
SQL: SELECT * FROM `o_picture` WHERE ( `status` = 1 ) AND ( `id` = 36 ) LIMIT 1   [ RunTime:0.000203s ]
NOTIC: [8] Use of undefined constant path - assumed 'path' E:\web\Runtime\Cache\Home\769e70f2e46f34ceb60619bbda5e4691.php 第 303 行.
SQL: SELECT * FROM `o_picture` WHERE ( `status` = 1 ) AND ( `id` = 37 ) LIMIT 1   [ RunTime:0.000175s ]
NOTIC: [8] Use of undefined constant path - assumed 'path' E:\web\Runtime\Cache\Home\769e70f2e46f34ceb60619bbda5e4691.php 第 303 行.
SQL: SELECT * FROM `o_picture` WHERE ( `status` = 1 ) AND ( `id` = 38 ) LIMIT 1   [ RunTime:0.000166s ]
NOTIC: [8] Use of undefined constant path - assumed 'path' E:\web\Runtime\Cache\Home\769e70f2e46f34ceb60619bbda5e4691.php 第 303 行.
SQL: SELECT * FROM `o_picture` WHERE ( `status` = 1 ) AND ( `id` = 39 ) LIMIT 1   [ RunTime:0.000161s ]
NOTIC: [8] Use of undefined constant path - assumed 'path' E:\web\Runtime\Cache\Home\769e70f2e46f34ceb60619bbda5e4691.php 第 303 行.
SQL: SELECT * FROM `o_picture` WHERE ( `status` = 1 ) AND ( `id` = 48 ) LIMIT 1   [ RunTime:0.000157s ]
NOTIC: [8] Use of undefined constant path - assumed 'path' E:\web\Runtime\Cache\Home\769e70f2e46f34ceb60619bbda5e4691.php 第 303 行.
SQL: SELECT * FROM `o_picture` WHERE ( `status` = 1 ) AND ( `id` = 40 ) LIMIT 1   [ RunTime:0.000216s ]
NOTIC: [8] Use of undefined constant path - assumed 'path' E:\web\Runtime\Cache\Home\769e70f2e46f34ceb60619bbda5e4691.php 第 313 行.
SQL: SELECT * FROM `o_picture` WHERE ( `status` = 1 ) AND ( `id` = 27 ) LIMIT 1   [ RunTime:0.000178s ]
SQL: SELECT `id`,`uid`,`name`,`title`,`category_id`,`description`,`root`,`pid`,`model_id`,`type`,`position`,`link_id`,`cover_id`,`display`,`deadline`,`attach`,`view`,`comment`,`extend`,`level`,`create_time`,`update_time`,`status`,`biaoqian`,`ljxg`,`xptj`,`price` FROM `o_document` WHERE ( `status` = 1 ) AND ( `pid` = 0 ) AND ( `category_id` IN ('67','68') ) AND ( `create_time` < 1504318133 ) AND ( deadline = 0 OR deadline > 1504318133 ) AND ( position & 4 = 4 ) LIMIT 5   [ RunTime:0.000363s ]
NOTIC: [8] Use of undefined constant path - assumed 'path' E:\web\Runtime\Cache\Home\769e70f2e46f34ceb60619bbda5e4691.php 第 324 行.
SQL: SELECT * FROM `o_picture` WHERE ( `status` = 1 ) AND ( `id` = 43 ) LIMIT 1   [ RunTime:0.000176s ]
NOTIC: [8] Use of undefined constant path - assumed 'path' E:\web\Runtime\Cache\Home\769e70f2e46f34ceb60619bbda5e4691.php 第 324 行.
SQL: SELECT * FROM `o_picture` WHERE ( `status` = 1 ) AND ( `id` = 42 ) LIMIT 1   [ RunTime:0.000162s ]
NOTIC: [8] Use of undefined constant path - assumed 'path' E:\web\Runtime\Cache\Home\769e70f2e46f34ceb60619bbda5e4691.php 第 324 行.
SQL: SELECT * FROM `o_picture` WHERE ( `status` = 1 ) AND ( `id` = 41 ) LIMIT 1   [ RunTime:0.000164s ]
NOTIC: [8] Use of undefined constant path - assumed 'path' E:\web\Runtime\Cache\Home\769e70f2e46f34ceb60619bbda5e4691.php 第 324 行.
SQL: SELECT * FROM `o_picture` WHERE ( `status` = 1 ) AND ( `id` = 48 ) LIMIT 1   [ RunTime:0.000155s ]
NOTIC: [8] Use of undefined constant path - assumed 'path' E:\web\Runtime\Cache\Home\769e70f2e46f34ceb60619bbda5e4691.php 第 324 行.
SQL: SELECT * FROM `o_picture` WHERE ( `status` = 1 ) AND ( `id` = 40 ) LIMIT 1   [ RunTime:0.000157s ]
NOTIC: [8] Use of undefined constant path - assumed 'path' E:\web\Runtime\Cache\Home\769e70f2e46f34ceb60619bbda5e4691.php 第 335 行.
SQL: SELECT * FROM `o_picture` WHERE ( `status` = 1 ) AND ( `id` = 26 ) LIMIT 1   [ RunTime:0.000232s ]
SQL: SELECT `id`,`uid`,`name`,`title`,`category_id`,`description`,`root`,`pid`,`model_id`,`type`,`position`,`link_id`,`cover_id`,`display`,`deadline`,`attach`,`view`,`comment`,`extend`,`level`,`create_time`,`update_time`,`status`,`biaoqian`,`ljxg`,`xptj`,`price` FROM `o_document` WHERE ( `status` = 1 ) AND ( `pid` = 0 ) AND ( `category_id` IN ('69','70') ) AND ( `create_time` < 1504318133 ) AND ( deadline = 0 OR deadline > 1504318133 ) AND ( position & 4 = 4 ) LIMIT 4   [ RunTime:0.000352s ]
NOTIC: [8] Use of undefined constant path - assumed 'path' E:\web\Runtime\Cache\Home\769e70f2e46f34ceb60619bbda5e4691.php 第 345 行.
SQL: SELECT * FROM `o_picture` WHERE ( `status` = 1 ) AND ( `id` = 47 ) LIMIT 1   [ RunTime:0.000172s ]
NOTIC: [8] Use of undefined constant path - assumed 'path' E:\web\Runtime\Cache\Home\769e70f2e46f34ceb60619bbda5e4691.php 第 345 行.
SQL: SELECT * FROM `o_picture` WHERE ( `status` = 1 ) AND ( `id` = 46 ) LIMIT 1   [ RunTime:0.000156s ]
NOTIC: [8] Use of undefined constant path - assumed 'path' E:\web\Runtime\Cache\Home\769e70f2e46f34ceb60619bbda5e4691.php 第 345 行.
SQL: SELECT * FROM `o_picture` WHERE ( `status` = 1 ) AND ( `id` = 45 ) LIMIT 1   [ RunTime:0.000149s ]
NOTIC: [8] Use of undefined constant path - assumed 'path' E:\web\Runtime\Cache\Home\769e70f2e46f34ceb60619bbda5e4691.php 第 345 行.
SQL: SELECT * FROM `o_picture` WHERE ( `status` = 1 ) AND ( `id` = 44 ) LIMIT 1   [ RunTime:0.000148s ]
SQL: SELECT `id`,`uid`,`name`,`title`,`category_id`,`description`,`root`,`pid`,`model_id`,`type`,`position`,`link_id`,`cover_id`,`display`,`deadline`,`attach`,`view`,`comment`,`extend`,`level`,`create_time`,`update_time`,`status`,`biaoqian`,`ljxg`,`xptj`,`price` FROM `o_document` WHERE ( `status` = 1 ) AND ( `pid` = 0 ) AND ( `category_id` = 72 ) AND ( `create_time` < 1504318133 ) AND ( deadline = 0 OR deadline > 1504318133 ) AND ( position & 4 = 4 ) LIMIT 2   [ RunTime:0.000297s ]
NOTIC: [8] Use of undefined constant path - assumed 'path' E:\web\Runtime\Cache\Home\769e70f2e46f34ceb60619bbda5e4691.php 第 366 行.
SQL: SELECT * FROM `o_picture` WHERE ( `status` = 1 ) AND ( `id` = 3 ) LIMIT 1   [ RunTime:0.000193s ]
NOTIC: [8] Use of undefined constant path - assumed 'path' E:\web\Runtime\Cache\Home\769e70f2e46f34ceb60619bbda5e4691.php 第 366 行.
SQL: SELECT * FROM `o_picture` WHERE ( `status` = 1 ) AND ( `id` = 3 ) LIMIT 1   [ RunTime:0.000190s ]
SQL: SELECT `id`,`uid`,`name`,`title`,`category_id`,`description`,`root`,`pid`,`model_id`,`type`,`position`,`link_id`,`cover_id`,`display`,`deadline`,`attach`,`view`,`comment`,`extend`,`level`,`create_time`,`update_time`,`status`,`biaoqian`,`ljxg`,`xptj`,`price` FROM `o_document` WHERE ( `status` = 1 ) AND ( `pid` = 0 ) AND ( `category_id` = 73 ) AND ( `create_time` < 1504318133 ) AND ( deadline = 0 OR deadline > 1504318133 ) AND ( position & 4 = 4 ) LIMIT 3   [ RunTime:0.000303s ]
INFO: Run Behavior\ParseTemplate [ RunTime:0.331424s ]
INFO: [ view_parse ] --END-- [ RunTime:0.331488s ]
INFO: [ view_filter ] --START--
INFO: Run Behavior\WriteHtmlCache [ RunTime:0.000563s ]
INFO: [ view_filter ] --END-- [ RunTime:0.000630s ]
INFO: [ app_end ] --START--
INFO: Run Behavior\ShowPageTrace [ RunTime:0.000919s ]
INFO: [ app_end ] --END-- [ RunTime:0.001009s ]

[ 2017-09-02T18:53:11+08:00 ] 141.8.142.39 /Article/detail/id/17/catid/62.html
SQL: SHOW COLUMNS FROM `o_document` [ RunTime:0.009025s ]
SQL: SELECT `id`,`uid`,`name`,`title`,`category_id`,`description`,`root`,`pid`,`model_id`,`type`,`position`,`link_id`,`cover_id`,`display`,`deadline`,`attach`,`view`,`comment`,`extend`,`level`,`create_time`,`update_time`,`status`,`biaoqian`,`ljxg`,`xptj`,`price` FROM `o_document` WHERE ( `id` = 17 ) LIMIT 1   [ RunTime:0.000373s ]
SQL: SHOW COLUMNS FROM `o_document_article` [ RunTime:0.011476s ]
SQL: SELECT `id`,`parse`,`content`,`template`,`bookmark`,`product` FROM `o_document_article` WHERE ( `id` = 17 ) LIMIT 1   [ RunTime:0.000283s ]
SQL: SHOW COLUMNS FROM `o_category` [ RunTime:0.011513s ]
SQL: SELECT `id`,`name`,`title`,`pid`,`sort`,`list_row`,`meta_title`,`keywords`,`description`,`template_index`,`template_page`,`template_lists`,`template_detail`,`template_edit`,`is_page`,`model`,`type`,`link_id`,`allow_publish`,`display`,`reply`,`check`,`reply_model`,`extend`,`create_time`,`update_time`,`status`,`icon`,`content`,`urll` FROM `o_category` WHERE ( `id` = 62 ) LIMIT 1   [ RunTime:0.000288s ]
SQL: UPDATE `o_document` SET `view`=view+1 WHERE ( `id` = 17 ) [ RunTime:0.000206s ]
INFO: [ view_parse ] --START--
INFO: [ template_filter ] --START--
INFO: Run Behavior\ContentReplace [ RunTime:0.000167s ]
INFO: [ template_filter ] --END-- [ RunTime:0.000226s ]
NOTIC: [8] Undefined index: url E:\web\Application\Common\Common\function.php 第 505 行.
NOTIC: [8] Undefined index: url E:\web\Application\Common\Common\function.php 第 505 行.
SQL: SHOW COLUMNS FROM `o_channel` [ RunTime:0.017710s ]
SQL: SELECT `id`,`pid`,`title`,`url`,`sort`,`create_time`,`update_time`,`status`,`target` FROM `o_channel` WHERE ( status=1 ) ORDER BY sort  [ RunTime:0.000338s ]
NOTIC: [8] Undefined index: ccid E:\web\Runtime\Cache\Home\4be215753fa2965074e21343359bee6e.php 第 111 行.
NOTIC: [8] Undefined index: ccid E:\web\Runtime\Cache\Home\4be215753fa2965074e21343359bee6e.php 第 111 行.
NOTIC: [8] Undefined index: ccid E:\web\Runtime\Cache\Home\4be215753fa2965074e21343359bee6e.php 第 111 行.
NOTIC: [8] Undefined index: ccid E:\web\Runtime\Cache\Home\4be215753fa2965074e21343359bee6e.php 第 111 行.
NOTIC: [8] Undefined index: ccid E:\web\Runtime\Cache\Home\4be215753fa2965074e21343359bee6e.php 第 111 行.
NOTIC: [8] Undefined index: ccid E:\web\Runtime\Cache\Home\4be215753fa2965074e21343359bee6e.php 第 111 行.
SQL: SELECT `id`,`name`,`title`,`pid`,`sort`,`list_row`,`meta_title`,`keywords`,`description`,`template_index`,`template_page`,`template_lists`,`template_detail`,`template_edit`,`is_page`,`model`,`type`,`link_id`,`allow_publish`,`display`,`reply`,`check`,`reply_model`,`extend`,`create_time`,`update_time`,`status`,`icon`,`content`,`urll` FROM `o_category` WHERE ( `id` = 40 ) LIMIT 1   [ RunTime:0.000263s ]
SQL: SELECT `id`,`name`,`pid`,`title`,`link_id`,`is_page`,`display` FROM `o_category` WHERE ( `status` = 1 ) ORDER BY sort  [ RunTime:0.000382s ]
SQL: SELECT `id`,`uid`,`name`,`title`,`category_id`,`description`,`root`,`pid`,`model_id`,`type`,`position`,`link_id`,`cover_id`,`display`,`deadline`,`attach`,`view`,`comment`,`extend`,`level`,`create_time`,`update_time`,`status`,`biaoqian`,`ljxg`,`xptj`,`price` FROM `o_document` WHERE ( `status` = 1 ) AND ( `pid` = 0 ) AND ( `category_id` = 40 ) AND ( `create_time` < 1504349591 ) AND ( deadline = 0 OR deadline > 1504349591 ) ORDER BY `level` DESC,`id` DESC LIMIT 0,10   [ RunTime:0.000384s ]
NOTIC: [8] Use of undefined constant path - assumed 'path' E:\web\Runtime\Cache\Home\4be215753fa2965074e21343359bee6e.php 第 122 行.
SQL: SHOW COLUMNS FROM `o_picture` [ RunTime:0.011205s ]
SQL: SELECT * FROM `o_picture` WHERE ( `status` = 1 ) AND ( `id` = 61 ) LIMIT 1   [ RunTime:0.000223s ]
NOTIC: [8] Use of undefined constant path - assumed 'path' E:\web\Runtime\Cache\Home\4be215753fa2965074e21343359bee6e.php 第 122 行.
SQL: SELECT * FROM `o_picture` WHERE ( `status` = 1 ) AND ( `id` = 56 ) LIMIT 1   [ RunTime:0.000331s ]
NOTIC: [8] Use of undefined constant path - assumed 'path' E:\web\Runtime\Cache\Home\4be215753fa2965074e21343359bee6e.php 第 122 行.
SQL: SELECT * FROM `o_picture` WHERE ( `status` = 1 ) AND ( `id` = 54 ) LIMIT 1   [ RunTime:0.000196s ]
NOTIC: [8] Use of undefined constant path - assumed 'path' E:\web\Runtime\Cache\Home\4be215753fa2965074e21343359bee6e.php 第 122 行.
SQL: SELECT * FROM `o_picture` WHERE ( `status` = 1 ) AND ( `id` = 64 ) LIMIT 1   [ RunTime:0.000188s ]
NOTIC: [8] Use of undefined constant path - assumed 'path' E:\web\Runtime\Cache\Home\4be215753fa2965074e21343359bee6e.php 第 122 行.
SQL: SELECT * FROM `o_picture` WHERE ( `status` = 1 ) AND ( `id` = 63 ) LIMIT 1   [ RunTime:0.000190s ]
SQL: SELECT * FROM `o_picture` WHERE ( `status` = 1 ) AND ( `id` = 4 ) LIMIT 1   [ RunTime:0.000169s ]
INFO: Run Behavior\ParseTemplate [ RunTime:0.190548s ]
INFO: [ view_parse ] --END-- [ RunTime:0.190638s ]
INFO: [ view_filter ] --START--
INFO: Run Behavior\WriteHtmlCache [ RunTime:0.000524s ]
INFO: [ view_filter ] --END-- [ RunTime:0.000578s ]
INFO: [ app_end ] --START--
INFO: Run Behavior\ShowPageTrace [ RunTime:0.000597s ]
INFO: [ app_end ] --END-- [ RunTime:0.000656s ]

