[ 2017-07-30T14:09:42+08:00 ] 140.205.205.5 /
SQL: SHOW COLUMNS FROM `o_category` [ RunTime:0.017194s ]
SQL: SELECT `id`,`name`,`title`,`pid`,`sort`,`list_row`,`meta_title`,`keywords`,`description`,`template_index`,`template_page`,`template_lists`,`template_detail`,`template_edit`,`is_page`,`model`,`type`,`link_id`,`allow_publish`,`display`,`reply`,`check`,`reply_model`,`extend`,`create_time`,`update_time`,`status`,`icon`,`content`,`urll` FROM `o_category` WHERE ( `status` = 1 ) ORDER BY sort  [ RunTime:0.000883s ]
SQL: SHOW COLUMNS FROM `o_document` [ RunTime:0.018081s ]
SQL: SELECT `id`,`uid`,`name`,`title`,`category_id`,`description`,`root`,`pid`,`model_id`,`type`,`position`,`link_id`,`cover_id`,`display`,`deadline`,`attach`,`view`,`comment`,`extend`,`level`,`create_time`,`update_time`,`status`,`biaoqian`,`ljxg`,`xptj` FROM `o_document` WHERE ( `status` = 1 ) AND ( `pid` = 0 ) AND ( `create_time` < 1501394981 ) AND ( deadline = 0 OR deadline > 1501394981 ) ORDER BY `id` DESC  [ RunTime:0.001127s ]
INFO: [ view_parse ] --START--
INFO: [ template_filter ] --START--
INFO: Run Behavior\ContentReplace [ RunTime:0.000251s ]
INFO: [ template_filter ] --END-- [ RunTime:0.000319s ]
NOTIC: [8] Undefined index: catid E:\web\Runtime\Cache\Home\769e70f2e46f34ceb60619bbda5e4691.php 第 5 行.
SQL: SHOW COLUMNS FROM `o_channel` [ RunTime:0.019863s ]
SQL: SELECT `id`,`pid`,`title`,`url`,`sort`,`create_time`,`update_time`,`status`,`target` FROM `o_channel` WHERE ( status=1 ) ORDER BY sort  [ RunTime:0.000267s ]
NOTIC: [8] Undefined index: ccid E:\web\Runtime\Cache\Home\769e70f2e46f34ceb60619bbda5e4691.php 第 90 行.
NOTIC: [8] Undefined index: ccid E:\web\Runtime\Cache\Home\769e70f2e46f34ceb60619bbda5e4691.php 第 90 行.
NOTIC: [8] Undefined index: ccid E:\web\Runtime\Cache\Home\769e70f2e46f34ceb60619bbda5e4691.php 第 90 行.
NOTIC: [8] Undefined index: ccid E:\web\Runtime\Cache\Home\769e70f2e46f34ceb60619bbda5e4691.php 第 90 行.
NOTIC: [8] Undefined index: ccid E:\web\Runtime\Cache\Home\769e70f2e46f34ceb60619bbda5e4691.php 第 90 行.
NOTIC: [8] Undefined index: ccid E:\web\Runtime\Cache\Home\769e70f2e46f34ceb60619bbda5e4691.php 第 90 行.
SQL: SELECT `id`,`name`,`title`,`pid`,`sort`,`list_row`,`meta_title`,`keywords`,`description`,`template_index`,`template_page`,`template_lists`,`template_detail`,`template_edit`,`is_page`,`model`,`type`,`link_id`,`allow_publish`,`display`,`reply`,`check`,`reply_model`,`extend`,`create_time`,`update_time`,`status`,`icon`,`content`,`urll` FROM `o_category` WHERE ( `id` = 40 ) LIMIT 1   [ RunTime:0.000255s ]
SQL: SELECT `id`,`name`,`pid`,`title`,`link_id`,`is_page`,`display` FROM `o_category` WHERE ( `status` = 1 ) ORDER BY sort  [ RunTime:0.000326s ]
SQL: SELECT `id`,`uid`,`name`,`title`,`category_id`,`description`,`root`,`pid`,`model_id`,`type`,`position`,`link_id`,`cover_id`,`display`,`deadline`,`attach`,`view`,`comment`,`extend`,`level`,`create_time`,`update_time`,`status`,`biaoqian`,`ljxg`,`xptj` FROM `o_document` WHERE ( `status` = 1 ) AND ( `pid` = 0 ) AND ( `category_id` = 40 ) AND ( `create_time` < 1501394981 ) AND ( deadline = 0 OR deadline > 1501394981 ) ORDER BY `level` DESC,`id` DESC LIMIT 0,10   [ RunTime:0.000333s ]
NOTIC: [8] Use of undefined constant path - assumed 'path' E:\web\Runtime\Cache\Home\769e70f2e46f34ceb60619bbda5e4691.php 第 99 行.
SQL: SHOW COLUMNS FROM `o_picture` [ RunTime:0.016000s ]
SQL: SELECT * FROM `o_picture` WHERE ( `status` = 1 ) AND ( `id` = 1 ) LIMIT 1   [ RunTime:0.000200s ]
NOTIC: [8] Use of undefined constant path - assumed 'path' E:\web\Runtime\Cache\Home\769e70f2e46f34ceb60619bbda5e4691.php 第 99 行.
SQL: SELECT * FROM `o_picture` WHERE ( `status` = 1 ) AND ( `id` = 1 ) LIMIT 1   [ RunTime:0.000160s ]
NOTIC: [8] Use of undefined constant path - assumed 'path' E:\web\Runtime\Cache\Home\769e70f2e46f34ceb60619bbda5e4691.php 第 99 行.
SQL: SELECT * FROM `o_picture` WHERE ( `status` = 1 ) AND ( `id` = 1 ) LIMIT 1   [ RunTime:0.000152s ]
SQL: SELECT `id`,`uid`,`name`,`title`,`category_id`,`description`,`root`,`pid`,`model_id`,`type`,`position`,`link_id`,`cover_id`,`display`,`deadline`,`attach`,`view`,`comment`,`extend`,`level`,`create_time`,`update_time`,`status`,`biaoqian`,`ljxg`,`xptj` FROM `o_document` WHERE ( `status` = 1 ) AND ( `pid` = 0 ) AND ( `category_id` IN ('55','56','57','58','59') ) AND ( `create_time` < 1501394981 ) AND ( deadline = 0 OR deadline > 1501394981 ) AND ( position & 4 = 4 ) LIMIT 4   [ RunTime:0.000326s ]
SQL: SELECT `id`,`uid`,`name`,`title`,`category_id`,`description`,`root`,`pid`,`model_id`,`type`,`position`,`link_id`,`cover_id`,`display`,`deadline`,`attach`,`view`,`comment`,`extend`,`level`,`create_time`,`update_time`,`status`,`biaoqian`,`ljxg`,`xptj` FROM `o_document` WHERE ( `status` = 1 ) AND ( `pid` = 0 ) AND ( `category_id` IN ('55','56','57','58','59','60','61','62','63','64','65','66','67','68') ) AND ( `create_time` < 1501394981 ) AND ( deadline = 0 OR deadline > 1501394981 ) AND ( position & 4 = 4 ) LIMIT 14   [ RunTime:0.000590s ]
NOTIC: [8] Use of undefined constant path - assumed 'path' E:\web\Runtime\Cache\Home\769e70f2e46f34ceb60619bbda5e4691.php 第 280 行.
SQL: SELECT * FROM `o_picture` WHERE ( `status` = 1 ) AND ( `id` = 2 ) LIMIT 1   [ RunTime:0.000173s ]
NOTIC: [8] Use of undefined constant path - assumed 'path' E:\web\Runtime\Cache\Home\769e70f2e46f34ceb60619bbda5e4691.php 第 280 行.
SQL: SELECT * FROM `o_picture` WHERE ( `status` = 1 ) AND ( `id` = 2 ) LIMIT 1   [ RunTime:0.000161s ]
NOTIC: [8] Use of undefined constant path - assumed 'path' E:\web\Runtime\Cache\Home\769e70f2e46f34ceb60619bbda5e4691.php 第 280 行.
SQL: SELECT * FROM `o_picture` WHERE ( `status` = 1 ) AND ( `id` = 2 ) LIMIT 1   [ RunTime:0.000154s ]
NOTIC: [8] Use of undefined constant path - assumed 'path' E:\web\Runtime\Cache\Home\769e70f2e46f34ceb60619bbda5e4691.php 第 280 行.
SQL: SELECT * FROM `o_picture` WHERE ( `status` = 1 ) AND ( `id` = 2 ) LIMIT 1   [ RunTime:0.000150s ]
NOTIC: [8] Use of undefined constant path - assumed 'path' E:\web\Runtime\Cache\Home\769e70f2e46f34ceb60619bbda5e4691.php 第 280 行.
SQL: SELECT * FROM `o_picture` WHERE ( `status` = 1 ) AND ( `id` = 2 ) LIMIT 1   [ RunTime:0.000149s ]
NOTIC: [8] Use of undefined constant path - assumed 'path' E:\web\Runtime\Cache\Home\769e70f2e46f34ceb60619bbda5e4691.php 第 280 行.
SQL: SELECT * FROM `o_picture` WHERE ( `status` = 1 ) AND ( `id` = 2 ) LIMIT 1   [ RunTime:0.000148s ]
NOTIC: [8] Use of undefined constant path - assumed 'path' E:\web\Runtime\Cache\Home\769e70f2e46f34ceb60619bbda5e4691.php 第 280 行.
SQL: SELECT * FROM `o_picture` WHERE ( `status` = 1 ) AND ( `id` = 2 ) LIMIT 1   [ RunTime:0.000152s ]
NOTIC: [8] Use of undefined constant path - assumed 'path' E:\web\Runtime\Cache\Home\769e70f2e46f34ceb60619bbda5e4691.php 第 280 行.
SQL: SELECT * FROM `o_picture` WHERE ( `status` = 1 ) AND ( `id` = 2 ) LIMIT 1   [ RunTime:0.000155s ]
NOTIC: [8] Use of undefined constant path - assumed 'path' E:\web\Runtime\Cache\Home\769e70f2e46f34ceb60619bbda5e4691.php 第 280 行.
SQL: SELECT * FROM `o_picture` WHERE ( `status` = 1 ) AND ( `id` = 2 ) LIMIT 1   [ RunTime:0.000150s ]
NOTIC: [8] Use of undefined constant path - assumed 'path' E:\web\Runtime\Cache\Home\769e70f2e46f34ceb60619bbda5e4691.php 第 280 行.
SQL: SELECT * FROM `o_picture` WHERE ( `status` = 1 ) AND ( `id` = 2 ) LIMIT 1   [ RunTime:0.000147s ]
NOTIC: [8] Use of undefined constant path - assumed 'path' E:\web\Runtime\Cache\Home\769e70f2e46f34ceb60619bbda5e4691.php 第 280 行.
SQL: SELECT * FROM `o_picture` WHERE ( `status` = 1 ) AND ( `id` = 2 ) LIMIT 1   [ RunTime:0.000149s ]
NOTIC: [8] Use of undefined constant path - assumed 'path' E:\web\Runtime\Cache\Home\769e70f2e46f34ceb60619bbda5e4691.php 第 280 行.
SQL: SELECT * FROM `o_picture` WHERE ( `status` = 1 ) AND ( `id` = 2 ) LIMIT 1   [ RunTime:0.000146s ]
NOTIC: [8] Use of undefined constant path - assumed 'path' E:\web\Runtime\Cache\Home\769e70f2e46f34ceb60619bbda5e4691.php 第 280 行.
SQL: SELECT * FROM `o_picture` WHERE ( `status` = 1 ) AND ( `id` = 2 ) LIMIT 1   [ RunTime:0.000155s ]
NOTIC: [8] Use of undefined constant path - assumed 'path' E:\web\Runtime\Cache\Home\769e70f2e46f34ceb60619bbda5e4691.php 第 280 行.
SQL: SELECT * FROM `o_picture` WHERE ( `status` = 1 ) AND ( `id` = 2 ) LIMIT 1   [ RunTime:0.000151s ]
NOTIC: [8] Use of undefined constant path - assumed 'path' E:\web\Runtime\Cache\Home\769e70f2e46f34ceb60619bbda5e4691.php 第 290 行.
SQL: SELECT * FROM `o_picture` WHERE ( `status` = 1 ) AND ( `id` = 6 ) LIMIT 1   [ RunTime:0.000155s ]
SQL: SELECT `id`,`uid`,`name`,`title`,`category_id`,`description`,`root`,`pid`,`model_id`,`type`,`position`,`link_id`,`cover_id`,`display`,`deadline`,`attach`,`view`,`comment`,`extend`,`level`,`create_time`,`update_time`,`status`,`biaoqian`,`ljxg`,`xptj` FROM `o_document` WHERE ( `status` = 1 ) AND ( `pid` = 0 ) AND ( `category_id` IN ('67','68') ) AND ( `create_time` < 1501394981 ) AND ( deadline = 0 OR deadline > 1501394981 ) AND ( position & 4 = 4 ) LIMIT 5   [ RunTime:0.000298s ]
NOTIC: [8] Use of undefined constant path - assumed 'path' E:\web\Runtime\Cache\Home\769e70f2e46f34ceb60619bbda5e4691.php 第 301 行.
SQL: SELECT * FROM `o_picture` WHERE ( `status` = 1 ) AND ( `id` = 2 ) LIMIT 1   [ RunTime:0.000159s ]
NOTIC: [8] Use of undefined constant path - assumed 'path' E:\web\Runtime\Cache\Home\769e70f2e46f34ceb60619bbda5e4691.php 第 301 行.
SQL: SELECT * FROM `o_picture` WHERE ( `status` = 1 ) AND ( `id` = 2 ) LIMIT 1   [ RunTime:0.000156s ]
NOTIC: [8] Use of undefined constant path - assumed 'path' E:\web\Runtime\Cache\Home\769e70f2e46f34ceb60619bbda5e4691.php 第 301 行.
SQL: SELECT * FROM `o_picture` WHERE ( `status` = 1 ) AND ( `id` = 2 ) LIMIT 1   [ RunTime:0.000226s ]
NOTIC: [8] Use of undefined constant path - assumed 'path' E:\web\Runtime\Cache\Home\769e70f2e46f34ceb60619bbda5e4691.php 第 301 行.
SQL: SELECT * FROM `o_picture` WHERE ( `status` = 1 ) AND ( `id` = 2 ) LIMIT 1   [ RunTime:0.000176s ]
NOTIC: [8] Use of undefined constant path - assumed 'path' E:\web\Runtime\Cache\Home\769e70f2e46f34ceb60619bbda5e4691.php 第 301 行.
SQL: SELECT * FROM `o_picture` WHERE ( `status` = 1 ) AND ( `id` = 2 ) LIMIT 1   [ RunTime:0.000170s ]
NOTIC: [8] Use of undefined constant path - assumed 'path' E:\web\Runtime\Cache\Home\769e70f2e46f34ceb60619bbda5e4691.php 第 311 行.
SQL: SELECT * FROM `o_picture` WHERE ( `status` = 1 ) AND ( `id` = 5 ) LIMIT 1   [ RunTime:0.000157s ]
SQL: SELECT `id`,`uid`,`name`,`title`,`category_id`,`description`,`root`,`pid`,`model_id`,`type`,`position`,`link_id`,`cover_id`,`display`,`deadline`,`attach`,`view`,`comment`,`extend`,`level`,`create_time`,`update_time`,`status`,`biaoqian`,`ljxg`,`xptj` FROM `o_document` WHERE ( `status` = 1 ) AND ( `pid` = 0 ) AND ( `category_id` IN ('69','70') ) AND ( `create_time` < 1501394981 ) AND ( deadline = 0 OR deadline > 1501394981 ) AND ( position & 4 = 4 ) LIMIT 4   [ RunTime:0.000329s ]
NOTIC: [8] Use of undefined constant path - assumed 'path' E:\web\Runtime\Cache\Home\769e70f2e46f34ceb60619bbda5e4691.php 第 321 行.
SQL: SELECT * FROM `o_picture` WHERE ( `status` = 1 ) AND ( `id` = 2 ) LIMIT 1   [ RunTime:0.000179s ]
NOTIC: [8] Use of undefined constant ljxg - assumed 'ljxg' E:\web\Runtime\Cache\Home\769e70f2e46f34ceb60619bbda5e4691.php 第 327 行.
NOTIC: [8] Use of undefined constant path - assumed 'path' E:\web\Runtime\Cache\Home\769e70f2e46f34ceb60619bbda5e4691.php 第 321 行.
SQL: SELECT * FROM `o_picture` WHERE ( `status` = 1 ) AND ( `id` = 2 ) LIMIT 1   [ RunTime:0.000174s ]
NOTIC: [8] Use of undefined constant ljxg - assumed 'ljxg' E:\web\Runtime\Cache\Home\769e70f2e46f34ceb60619bbda5e4691.php 第 327 行.
NOTIC: [8] Use of undefined constant path - assumed 'path' E:\web\Runtime\Cache\Home\769e70f2e46f34ceb60619bbda5e4691.php 第 321 行.
SQL: SELECT * FROM `o_picture` WHERE ( `status` = 1 ) AND ( `id` = 2 ) LIMIT 1   [ RunTime:0.000157s ]
NOTIC: [8] Use of undefined constant ljxg - assumed 'ljxg' E:\web\Runtime\Cache\Home\769e70f2e46f34ceb60619bbda5e4691.php 第 327 行.
NOTIC: [8] Use of undefined constant path - assumed 'path' E:\web\Runtime\Cache\Home\769e70f2e46f34ceb60619bbda5e4691.php 第 321 行.
SQL: SELECT * FROM `o_picture` WHERE ( `status` = 1 ) AND ( `id` = 2 ) LIMIT 1   [ RunTime:0.000161s ]
NOTIC: [8] Use of undefined constant ljxg - assumed 'ljxg' E:\web\Runtime\Cache\Home\769e70f2e46f34ceb60619bbda5e4691.php 第 327 行.
SQL: SELECT `id`,`uid`,`name`,`title`,`category_id`,`description`,`root`,`pid`,`model_id`,`type`,`position`,`link_id`,`cover_id`,`display`,`deadline`,`attach`,`view`,`comment`,`extend`,`level`,`create_time`,`update_time`,`status`,`biaoqian`,`ljxg`,`xptj` FROM `o_document` WHERE ( `status` = 1 ) AND ( `pid` = 0 ) AND ( `category_id` = 72 ) AND ( `create_time` < 1501394981 ) AND ( deadline = 0 OR deadline > 1501394981 ) AND ( position & 4 = 4 ) LIMIT 2   [ RunTime:0.000273s ]
NOTIC: [8] Use of undefined constant path - assumed 'path' E:\web\Runtime\Cache\Home\769e70f2e46f34ceb60619bbda5e4691.php 第 341 行.
SQL: SELECT * FROM `o_picture` WHERE ( `status` = 1 ) AND ( `id` = 3 ) LIMIT 1   [ RunTime:0.000175s ]
NOTIC: [8] Use of undefined constant path - assumed 'path' E:\web\Runtime\Cache\Home\769e70f2e46f34ceb60619bbda5e4691.php 第 341 行.
SQL: SELECT * FROM `o_picture` WHERE ( `status` = 1 ) AND ( `id` = 3 ) LIMIT 1   [ RunTime:0.000156s ]
SQL: SELECT `id`,`uid`,`name`,`title`,`category_id`,`description`,`root`,`pid`,`model_id`,`type`,`position`,`link_id`,`cover_id`,`display`,`deadline`,`attach`,`view`,`comment`,`extend`,`level`,`create_time`,`update_time`,`status`,`biaoqian`,`ljxg`,`xptj` FROM `o_document` WHERE ( `status` = 1 ) AND ( `pid` = 0 ) AND ( `category_id` = 73 ) AND ( `create_time` < 1501394981 ) AND ( deadline = 0 OR deadline > 1501394981 ) AND ( position & 4 = 4 ) LIMIT 3   [ RunTime:0.000294s ]
INFO: Run Behavior\ParseTemplate [ RunTime:0.479597s ]
INFO: [ view_parse ] --END-- [ RunTime:0.479660s ]
INFO: [ view_filter ] --START--
INFO: Run Behavior\WriteHtmlCache [ RunTime:0.011687s ]
INFO: [ view_filter ] --END-- [ RunTime:0.011744s ]
INFO: [ app_end ] --START--
INFO: Run Behavior\ShowPageTrace [ RunTime:0.008058s ]
INFO: [ app_end ] --END-- [ RunTime:0.008119s ]

