[ 2017-10-14T00:48:24+08:00 ] 178.140.124.244 /Admin/Public/login.html
INFO: [ view_parse ] --START--
INFO: [ template_filter ] --START--
INFO: Run Behavior\ContentReplace [ RunTime:0.000090s ]
INFO: [ template_filter ] --END-- [ RunTime:0.000161s ]
INFO: Run Behavior\ParseTemplate [ RunTime:0.111308s ]
INFO: [ view_parse ] --END-- [ RunTime:0.111705s ]
INFO: [ view_filter ] --START--
INFO: Run Behavior\WriteHtmlCache [ RunTime:0.012735s ]
INFO: [ view_filter ] --END-- [ RunTime:0.012793s ]
INFO: [ app_end ] --START--
INFO: Run Behavior\ShowPageTrace [ RunTime:0.009616s ]
INFO: [ app_end ] --END-- [ RunTime:0.009684s ]

[ 2017-10-14T04:43:10+08:00 ] 176.14.200.208 /user/car.html
NOTIC: [8] Undefined index: productid E:\web\Application\Home\Controller\UserController.class.php 第 49 行.
NOTIC: [2] Invalid argument supplied for foreach() E:\web\Application\Home\Controller\UserController.class.php 第 86 行.
INFO: [ view_parse ] --START--
INFO: [ template_filter ] --START--
INFO: Run Behavior\ContentReplace [ RunTime:0.000198s ]
INFO: [ template_filter ] --END-- [ RunTime:0.000268s ]
NOTIC: [8] Undefined index: catid E:\web\Runtime\Cache\Home\276d7ba705f7d64837fd7be126ec7019.php 第 5 行.
NOTIC: [8] Undefined index: url E:\web\Application\Common\Common\function.php 第 531 行.
NOTIC: [8] Undefined index: url E:\web\Application\Common\Common\function.php 第 531 行.
SQL: SHOW COLUMNS FROM `o_channel` [ RunTime:0.019572s ]
SQL: SELECT `id`,`pid`,`title`,`url`,`sort`,`create_time`,`update_time`,`status`,`target` FROM `o_channel` WHERE ( status=1 ) ORDER BY sort  [ RunTime:0.000300s ]
NOTIC: [8] Undefined index: ccid E:\web\Runtime\Cache\Home\276d7ba705f7d64837fd7be126ec7019.php 第 78 行.
NOTIC: [8] Undefined index: ccid E:\web\Runtime\Cache\Home\276d7ba705f7d64837fd7be126ec7019.php 第 78 行.
NOTIC: [8] Undefined index: ccid E:\web\Runtime\Cache\Home\276d7ba705f7d64837fd7be126ec7019.php 第 78 行.
NOTIC: [8] Undefined index: ccid E:\web\Runtime\Cache\Home\276d7ba705f7d64837fd7be126ec7019.php 第 78 行.
NOTIC: [8] Undefined index: ccid E:\web\Runtime\Cache\Home\276d7ba705f7d64837fd7be126ec7019.php 第 78 行.
NOTIC: [8] Undefined index: ccid E:\web\Runtime\Cache\Home\276d7ba705f7d64837fd7be126ec7019.php 第 78 行.
SQL: SHOW COLUMNS FROM `o_category` [ RunTime:0.026639s ]
SQL: SELECT `id`,`name`,`title`,`pid`,`sort`,`list_row`,`meta_title`,`keywords`,`description`,`template_index`,`template_page`,`template_lists`,`template_detail`,`template_edit`,`is_page`,`model`,`type`,`link_id`,`allow_publish`,`display`,`reply`,`check`,`reply_model`,`extend`,`create_time`,`update_time`,`status`,`icon`,`content`,`urll` FROM `o_category` WHERE ( `id` = 40 ) LIMIT 1   [ RunTime:0.000338s ]
SQL: SELECT `id`,`name`,`pid`,`title`,`link_id`,`is_page`,`display` FROM `o_category` WHERE ( `status` = 1 ) ORDER BY sort  [ RunTime:0.000387s ]
SQL: SHOW COLUMNS FROM `o_document` [ RunTime:0.058672s ]
SQL: SELECT `id`,`uid`,`name`,`title`,`category_id`,`description`,`root`,`pid`,`model_id`,`type`,`position`,`link_id`,`cover_id`,`display`,`deadline`,`attach`,`view`,`comment`,`extend`,`level`,`create_time`,`update_time`,`status`,`biaoqian`,`ljxg`,`xptj`,`price` FROM `o_document` WHERE ( `status` = 1 ) AND ( `pid` = 0 ) AND ( `category_id` = 40 ) AND ( `create_time` < 1507927390 ) AND ( deadline = 0 OR deadline > 1507927390 ) ORDER BY `level` DESC,`id` DESC LIMIT 0,10   [ RunTime:0.000525s ]
NOTIC: [8] Use of undefined constant path - assumed 'path' E:\web\Runtime\Cache\Home\276d7ba705f7d64837fd7be126ec7019.php 第 90 行.
SQL: SHOW COLUMNS FROM `o_picture` [ RunTime:0.018539s ]
SQL: SELECT * FROM `o_picture` WHERE ( `status` = 1 ) AND ( `id` = 63 ) LIMIT 1   [ RunTime:0.000235s ]
NOTIC: [8] Use of undefined constant path - assumed 'path' E:\web\Runtime\Cache\Home\276d7ba705f7d64837fd7be126ec7019.php 第 90 行.
SQL: SELECT * FROM `o_picture` WHERE ( `status` = 1 ) AND ( `id` = 64 ) LIMIT 1   [ RunTime:0.000198s ]
NOTIC: [8] Use of undefined constant path - assumed 'path' E:\web\Runtime\Cache\Home\276d7ba705f7d64837fd7be126ec7019.php 第 90 行.
SQL: SELECT * FROM `o_picture` WHERE ( `status` = 1 ) AND ( `id` = 54 ) LIMIT 1   [ RunTime:0.000190s ]
NOTIC: [8] Use of undefined constant path - assumed 'path' E:\web\Runtime\Cache\Home\276d7ba705f7d64837fd7be126ec7019.php 第 90 行.
SQL: SELECT * FROM `o_picture` WHERE ( `status` = 1 ) AND ( `id` = 55 ) LIMIT 1   [ RunTime:0.000196s ]
NOTIC: [8] Use of undefined constant path - assumed 'path' E:\web\Runtime\Cache\Home\276d7ba705f7d64837fd7be126ec7019.php 第 90 行.
SQL: SELECT * FROM `o_picture` WHERE ( `status` = 1 ) AND ( `id` = 56 ) LIMIT 1   [ RunTime:0.000164s ]
NOTIC: [8] Use of undefined constant path - assumed 'path' E:\web\Runtime\Cache\Home\276d7ba705f7d64837fd7be126ec7019.php 第 90 行.
SQL: SELECT * FROM `o_picture` WHERE ( `status` = 1 ) AND ( `id` = 58 ) LIMIT 1   [ RunTime:0.000157s ]
NOTIC: [8] Use of undefined constant path - assumed 'path' E:\web\Runtime\Cache\Home\276d7ba705f7d64837fd7be126ec7019.php 第 90 行.
SQL: SELECT * FROM `o_picture` WHERE ( `status` = 1 ) AND ( `id` = 61 ) LIMIT 1   [ RunTime:0.000154s ]
NOTIC: [2] Invalid argument supplied for foreach() E:\web\Runtime\Cache\Home\276d7ba705f7d64837fd7be126ec7019.php 第 216 行.
NOTIC: [8] Undefined index: url E:\web\Application\Common\Common\function.php 第 531 行.
INFO: Run Behavior\ParseTemplate [ RunTime:0.274626s ]
INFO: [ view_parse ] --END-- [ RunTime:0.274687s ]
INFO: [ view_filter ] --START--
INFO: Run Behavior\WriteHtmlCache [ RunTime:0.000450s ]
INFO: [ view_filter ] --END-- [ RunTime:0.000496s ]
INFO: [ app_end ] --START--
INFO: Run Behavior\ShowPageTrace [ RunTime:0.000543s ]
INFO: [ app_end ] --END-- [ RunTime:0.000613s ]

