[ 2017-10-01T03:41:58+08:00 ] 37.9.113.161 /Article/detail/id/87/catid/69.html
SQL: SHOW COLUMNS FROM `o_document` [ RunTime:0.036122s ]
SQL: SELECT `id`,`uid`,`name`,`title`,`category_id`,`description`,`root`,`pid`,`model_id`,`type`,`position`,`link_id`,`cover_id`,`display`,`deadline`,`attach`,`view`,`comment`,`extend`,`level`,`create_time`,`update_time`,`status`,`biaoqian`,`ljxg`,`xptj`,`price` FROM `o_document` WHERE ( `id` = 87 ) LIMIT 1   [ RunTime:0.000322s ]
SQL: SHOW COLUMNS FROM `o_document_ketang` [ RunTime:0.019425s ]
SQL: SELECT `id`,`introduction`,`content`,`pimage` FROM `o_document_ketang` WHERE ( `id` = 87 ) LIMIT 1   [ RunTime:0.000279s ]
SQL: SHOW COLUMNS FROM `o_category` [ RunTime:0.020204s ]
SQL: SELECT `id`,`name`,`title`,`pid`,`sort`,`list_row`,`meta_title`,`keywords`,`description`,`template_index`,`template_page`,`template_lists`,`template_detail`,`template_edit`,`is_page`,`model`,`type`,`link_id`,`allow_publish`,`display`,`reply`,`check`,`reply_model`,`extend`,`create_time`,`update_time`,`status`,`icon`,`content`,`urll` FROM `o_category` WHERE ( `id` = 69 ) LIMIT 1   [ RunTime:0.000293s ]
SQL: UPDATE `o_document` SET `view`=view+1 WHERE ( `id` = 87 ) [ RunTime:0.000220s ]
INFO: [ view_parse ] --START--
INFO: [ template_filter ] --START--
INFO: Run Behavior\ContentReplace [ RunTime:0.000206s ]
INFO: [ template_filter ] --END-- [ RunTime:0.000278s ]
NOTIC: [8] Undefined index: url E:\web\Application\Common\Common\function.php 第 531 行.
NOTIC: [8] Undefined index: url E:\web\Application\Common\Common\function.php 第 531 行.
SQL: SHOW COLUMNS FROM `o_channel` [ RunTime:0.018810s ]
SQL: SELECT `id`,`pid`,`title`,`url`,`sort`,`create_time`,`update_time`,`status`,`target` FROM `o_channel` WHERE ( status=1 ) ORDER BY sort  [ RunTime:0.000292s ]
NOTIC: [8] Undefined index: ccid E:\web\Runtime\Cache\Home\1b27800375ec725283de0b0eadfee5f9.php 第 68 行.
NOTIC: [8] Undefined index: ccid E:\web\Runtime\Cache\Home\1b27800375ec725283de0b0eadfee5f9.php 第 68 行.
NOTIC: [8] Undefined index: ccid E:\web\Runtime\Cache\Home\1b27800375ec725283de0b0eadfee5f9.php 第 68 行.
NOTIC: [8] Undefined index: ccid E:\web\Runtime\Cache\Home\1b27800375ec725283de0b0eadfee5f9.php 第 68 行.
NOTIC: [8] Undefined index: ccid E:\web\Runtime\Cache\Home\1b27800375ec725283de0b0eadfee5f9.php 第 68 行.
NOTIC: [8] Undefined index: ccid E:\web\Runtime\Cache\Home\1b27800375ec725283de0b0eadfee5f9.php 第 68 行.
SQL: SELECT `id`,`name`,`title`,`pid`,`sort`,`list_row`,`meta_title`,`keywords`,`description`,`template_index`,`template_page`,`template_lists`,`template_detail`,`template_edit`,`is_page`,`model`,`type`,`link_id`,`allow_publish`,`display`,`reply`,`check`,`reply_model`,`extend`,`create_time`,`update_time`,`status`,`icon`,`content`,`urll` FROM `o_category` WHERE ( `id` = 40 ) LIMIT 1   [ RunTime:0.000267s ]
SQL: SELECT `id`,`name`,`pid`,`title`,`link_id`,`is_page`,`display` FROM `o_category` WHERE ( `status` = 1 ) ORDER BY sort  [ RunTime:0.000361s ]
SQL: SELECT `id`,`uid`,`name`,`title`,`category_id`,`description`,`root`,`pid`,`model_id`,`type`,`position`,`link_id`,`cover_id`,`display`,`deadline`,`attach`,`view`,`comment`,`extend`,`level`,`create_time`,`update_time`,`status`,`biaoqian`,`ljxg`,`xptj`,`price` FROM `o_document` WHERE ( `status` = 1 ) AND ( `pid` = 0 ) AND ( `category_id` = 40 ) AND ( `create_time` < 1506800517 ) AND ( deadline = 0 OR deadline > 1506800517 ) ORDER BY `level` DESC,`id` DESC LIMIT 0,10   [ RunTime:0.000394s ]
NOTIC: [8] Use of undefined constant path - assumed 'path' E:\web\Runtime\Cache\Home\1b27800375ec725283de0b0eadfee5f9.php 第 80 行.
SQL: SHOW COLUMNS FROM `o_picture` [ RunTime:0.018457s ]
SQL: SELECT * FROM `o_picture` WHERE ( `status` = 1 ) AND ( `id` = 63 ) LIMIT 1   [ RunTime:0.000231s ]
NOTIC: [8] Use of undefined constant path - assumed 'path' E:\web\Runtime\Cache\Home\1b27800375ec725283de0b0eadfee5f9.php 第 80 行.
SQL: SELECT * FROM `o_picture` WHERE ( `status` = 1 ) AND ( `id` = 64 ) LIMIT 1   [ RunTime:0.000177s ]
NOTIC: [8] Use of undefined constant path - assumed 'path' E:\web\Runtime\Cache\Home\1b27800375ec725283de0b0eadfee5f9.php 第 80 行.
SQL: SELECT * FROM `o_picture` WHERE ( `status` = 1 ) AND ( `id` = 54 ) LIMIT 1   [ RunTime:0.000162s ]
NOTIC: [8] Use of undefined constant path - assumed 'path' E:\web\Runtime\Cache\Home\1b27800375ec725283de0b0eadfee5f9.php 第 80 行.
SQL: SELECT * FROM `o_picture` WHERE ( `status` = 1 ) AND ( `id` = 55 ) LIMIT 1   [ RunTime:0.000154s ]
NOTIC: [8] Use of undefined constant path - assumed 'path' E:\web\Runtime\Cache\Home\1b27800375ec725283de0b0eadfee5f9.php 第 80 行.
SQL: SELECT * FROM `o_picture` WHERE ( `status` = 1 ) AND ( `id` = 56 ) LIMIT 1   [ RunTime:0.000224s ]
NOTIC: [8] Use of undefined constant path - assumed 'path' E:\web\Runtime\Cache\Home\1b27800375ec725283de0b0eadfee5f9.php 第 80 行.
SQL: SELECT * FROM `o_picture` WHERE ( `status` = 1 ) AND ( `id` = 58 ) LIMIT 1   [ RunTime:0.000163s ]
NOTIC: [8] Use of undefined constant path - assumed 'path' E:\web\Runtime\Cache\Home\1b27800375ec725283de0b0eadfee5f9.php 第 80 行.
SQL: SELECT * FROM `o_picture` WHERE ( `status` = 1 ) AND ( `id` = 61 ) LIMIT 1   [ RunTime:0.000151s ]
NOTIC: [8] Use of undefined constant path - assumed 'path' E:\web\Runtime\Cache\Home\1b27800375ec725283de0b0eadfee5f9.php 第 208 行.
SQL: SELECT * FROM `o_picture` WHERE ( `status` = 1 ) AND ( `id` = 7 ) LIMIT 1   [ RunTime:0.000162s ]
INFO: Run Behavior\ParseTemplate [ RunTime:0.436776s ]
INFO: [ view_parse ] --END-- [ RunTime:0.436837s ]
INFO: [ view_filter ] --START--
INFO: Run Behavior\WriteHtmlCache [ RunTime:0.012578s ]
INFO: [ view_filter ] --END-- [ RunTime:0.012632s ]
INFO: [ app_end ] --START--
INFO: Run Behavior\ShowPageTrace [ RunTime:0.008600s ]
INFO: [ app_end ] --END-- [ RunTime:0.008662s ]

