[ 2017-10-18T07:23:01+08:00 ] 37.9.113.66 /Article/index/category/mengji/catid/76.html
SQL: SHOW COLUMNS FROM `o_category` [ RunTime:0.020653s ]
SQL: SELECT `id`,`name`,`title`,`pid`,`sort`,`list_row`,`meta_title`,`keywords`,`description`,`template_index`,`template_page`,`template_lists`,`template_detail`,`template_edit`,`is_page`,`model`,`type`,`link_id`,`allow_publish`,`display`,`reply`,`check`,`reply_model`,`extend`,`create_time`,`update_time`,`status`,`icon`,`content`,`urll` FROM `o_category` WHERE ( `name` = 'mengji' ) LIMIT 1   [ RunTime:0.000340s ]
INFO: [ view_parse ] --START--
INFO: [ template_filter ] --START--
INFO: Run Behavior\ContentReplace [ RunTime:0.000184s ]
INFO: [ template_filter ] --END-- [ RunTime:0.000245s ]
NOTIC: [8] Undefined index: url E:\web\Application\Common\Common\function.php 第 531 行.
NOTIC: [8] Undefined index: url E:\web\Application\Common\Common\function.php 第 531 行.
SQL: SHOW COLUMNS FROM `o_channel` [ RunTime:0.019298s ]
SQL: SELECT `id`,`pid`,`title`,`url`,`sort`,`create_time`,`update_time`,`status`,`target` FROM `o_channel` WHERE ( status=1 ) ORDER BY sort  [ RunTime:0.000307s ]
NOTIC: [8] Undefined index: ccid E:\web\Runtime\Cache\Home\9a9e4227b3c0b552fe0f4e7e528d8737.php 第 78 行.
NOTIC: [8] Undefined index: ccid E:\web\Runtime\Cache\Home\9a9e4227b3c0b552fe0f4e7e528d8737.php 第 78 行.
NOTIC: [8] Undefined index: ccid E:\web\Runtime\Cache\Home\9a9e4227b3c0b552fe0f4e7e528d8737.php 第 78 行.
NOTIC: [8] Undefined index: ccid E:\web\Runtime\Cache\Home\9a9e4227b3c0b552fe0f4e7e528d8737.php 第 78 行.
NOTIC: [8] Undefined index: ccid E:\web\Runtime\Cache\Home\9a9e4227b3c0b552fe0f4e7e528d8737.php 第 78 行.
NOTIC: [8] Undefined index: ccid E:\web\Runtime\Cache\Home\9a9e4227b3c0b552fe0f4e7e528d8737.php 第 78 行.
SQL: SELECT `id`,`name`,`title`,`pid`,`sort`,`list_row`,`meta_title`,`keywords`,`description`,`template_index`,`template_page`,`template_lists`,`template_detail`,`template_edit`,`is_page`,`model`,`type`,`link_id`,`allow_publish`,`display`,`reply`,`check`,`reply_model`,`extend`,`create_time`,`update_time`,`status`,`icon`,`content`,`urll` FROM `o_category` WHERE ( `id` = 40 ) LIMIT 1   [ RunTime:0.000274s ]
SQL: SELECT `id`,`name`,`pid`,`title`,`link_id`,`is_page`,`display` FROM `o_category` WHERE ( `status` = 1 ) ORDER BY sort  [ RunTime:0.000381s ]
SQL: SHOW COLUMNS FROM `o_document` [ RunTime:0.045558s ]
SQL: SELECT `id`,`uid`,`name`,`title`,`category_id`,`description`,`root`,`pid`,`model_id`,`type`,`position`,`link_id`,`cover_id`,`display`,`deadline`,`attach`,`view`,`comment`,`extend`,`level`,`create_time`,`update_time`,`status`,`biaoqian`,`ljxg`,`xptj`,`price` FROM `o_document` WHERE ( `status` = 1 ) AND ( `pid` = 0 ) AND ( `category_id` = 40 ) AND ( `create_time` < 1508282581 ) AND ( deadline = 0 OR deadline > 1508282581 ) ORDER BY `level` DESC,`id` DESC LIMIT 0,10   [ RunTime:0.000522s ]
NOTIC: [8] Use of undefined constant path - assumed 'path' E:\web\Runtime\Cache\Home\9a9e4227b3c0b552fe0f4e7e528d8737.php 第 90 行.
SQL: SHOW COLUMNS FROM `o_picture` [ RunTime:0.019750s ]
SQL: SELECT * FROM `o_picture` WHERE ( `status` = 1 ) AND ( `id` = 63 ) LIMIT 1   [ RunTime:0.000231s ]
NOTIC: [8] Use of undefined constant path - assumed 'path' E:\web\Runtime\Cache\Home\9a9e4227b3c0b552fe0f4e7e528d8737.php 第 90 行.
SQL: SELECT * FROM `o_picture` WHERE ( `status` = 1 ) AND ( `id` = 64 ) LIMIT 1   [ RunTime:0.000183s ]
NOTIC: [8] Use of undefined constant path - assumed 'path' E:\web\Runtime\Cache\Home\9a9e4227b3c0b552fe0f4e7e528d8737.php 第 90 行.
SQL: SELECT * FROM `o_picture` WHERE ( `status` = 1 ) AND ( `id` = 54 ) LIMIT 1   [ RunTime:0.000166s ]
NOTIC: [8] Use of undefined constant path - assumed 'path' E:\web\Runtime\Cache\Home\9a9e4227b3c0b552fe0f4e7e528d8737.php 第 90 行.
SQL: SELECT * FROM `o_picture` WHERE ( `status` = 1 ) AND ( `id` = 55 ) LIMIT 1   [ RunTime:0.000167s ]
NOTIC: [8] Use of undefined constant path - assumed 'path' E:\web\Runtime\Cache\Home\9a9e4227b3c0b552fe0f4e7e528d8737.php 第 90 行.
SQL: SELECT * FROM `o_picture` WHERE ( `status` = 1 ) AND ( `id` = 56 ) LIMIT 1   [ RunTime:0.000160s ]
NOTIC: [8] Use of undefined constant path - assumed 'path' E:\web\Runtime\Cache\Home\9a9e4227b3c0b552fe0f4e7e528d8737.php 第 90 行.
SQL: SELECT * FROM `o_picture` WHERE ( `status` = 1 ) AND ( `id` = 58 ) LIMIT 1   [ RunTime:0.000169s ]
NOTIC: [8] Use of undefined constant path - assumed 'path' E:\web\Runtime\Cache\Home\9a9e4227b3c0b552fe0f4e7e528d8737.php 第 90 行.
SQL: SELECT * FROM `o_picture` WHERE ( `status` = 1 ) AND ( `id` = 61 ) LIMIT 1   [ RunTime:0.000161s ]
SQL: SELECT `id`,`name`,`title`,`pid`,`sort`,`list_row`,`meta_title`,`keywords`,`description`,`template_index`,`template_page`,`template_lists`,`template_detail`,`template_edit`,`is_page`,`model`,`type`,`link_id`,`allow_publish`,`display`,`reply`,`check`,`reply_model`,`extend`,`create_time`,`update_time`,`status`,`icon`,`content`,`urll` FROM `o_category` WHERE ( `id` = 76 ) LIMIT 1   [ RunTime:0.000238s ]
SQL: SELECT `id`,`name`,`pid`,`title`,`link_id`,`is_page`,`display` FROM `o_category` WHERE ( `status` = 1 ) ORDER BY sort  [ RunTime:0.000390s ]
SQL: SELECT `id`,`uid`,`name`,`title`,`category_id`,`description`,`root`,`pid`,`model_id`,`type`,`position`,`link_id`,`cover_id`,`display`,`deadline`,`attach`,`view`,`comment`,`extend`,`level`,`create_time`,`update_time`,`status`,`biaoqian`,`ljxg`,`xptj`,`price` FROM `o_document` WHERE ( `status` = 1 ) AND ( `pid` = 0 ) AND ( `category_id` = 76 ) AND ( `create_time` < 1508282581 ) AND ( deadline = 0 OR deadline > 1508282581 ) ORDER BY `level` DESC,`id` DESC LIMIT 0,10   [ RunTime:0.000383s ]
NOTIC: [8] Use of undefined constant catid - assumed 'catid' E:\web\Runtime\Cache\Home\9a9e4227b3c0b552fe0f4e7e528d8737.php 第 207 行.
NOTIC: [8] Use of undefined constant path - assumed 'path' E:\web\Runtime\Cache\Home\9a9e4227b3c0b552fe0f4e7e528d8737.php 第 207 行.
SQL: SELECT * FROM `o_picture` WHERE ( `status` = 1 ) AND ( `id` = 3 ) LIMIT 1   [ RunTime:0.000178s ]
NOTIC: [8] Use of undefined constant catid - assumed 'catid' E:\web\Runtime\Cache\Home\9a9e4227b3c0b552fe0f4e7e528d8737.php 第 207 行.
NOTIC: [8] Use of undefined constant path - assumed 'path' E:\web\Runtime\Cache\Home\9a9e4227b3c0b552fe0f4e7e528d8737.php 第 207 行.
SQL: SELECT * FROM `o_picture` WHERE ( `status` = 1 ) AND ( `id` = 3 ) LIMIT 1   [ RunTime:0.000175s ]
NOTIC: [8] Use of undefined constant catid - assumed 'catid' E:\web\Runtime\Cache\Home\9a9e4227b3c0b552fe0f4e7e528d8737.php 第 207 行.
NOTIC: [8] Use of undefined constant path - assumed 'path' E:\web\Runtime\Cache\Home\9a9e4227b3c0b552fe0f4e7e528d8737.php 第 207 行.
SQL: SELECT * FROM `o_picture` WHERE ( `status` = 1 ) AND ( `id` = 3 ) LIMIT 1   [ RunTime:0.000162s ]
NOTIC: [8] Use of undefined constant catid - assumed 'catid' E:\web\Runtime\Cache\Home\9a9e4227b3c0b552fe0f4e7e528d8737.php 第 207 行.
NOTIC: [8] Use of undefined constant path - assumed 'path' E:\web\Runtime\Cache\Home\9a9e4227b3c0b552fe0f4e7e528d8737.php 第 207 行.
SQL: SELECT * FROM `o_picture` WHERE ( `status` = 1 ) AND ( `id` = 3 ) LIMIT 1   [ RunTime:0.000165s ]
SQL: SELECT `id`,`name`,`title`,`pid`,`sort`,`list_row`,`meta_title`,`keywords`,`description`,`template_index`,`template_page`,`template_lists`,`template_detail`,`template_edit`,`is_page`,`model`,`type`,`link_id`,`allow_publish`,`display`,`reply`,`check`,`reply_model`,`extend`,`create_time`,`update_time`,`status`,`icon`,`content`,`urll` FROM `o_category` WHERE ( `id` = 76 ) LIMIT 1   [ RunTime:0.000222s ]
SQL: SELECT `id`,`name`,`pid`,`title`,`link_id`,`is_page`,`display` FROM `o_category` WHERE ( `status` = 1 ) ORDER BY sort  [ RunTime:0.000349s ]
SQL: SELECT COUNT(id) AS tp_count FROM `o_document` WHERE ( `status` = 1 ) AND ( `pid` = 0 ) AND ( `category_id` = 76 ) AND ( `create_time` < 1508282581 ) AND ( deadline = 0 OR deadline > 1508282581 ) LIMIT 1   [ RunTime:0.000229s ]
INFO: Run Behavior\ParseTemplate [ RunTime:0.274176s ]
INFO: [ view_parse ] --END-- [ RunTime:0.274241s ]
INFO: [ view_filter ] --START--
INFO: Run Behavior\WriteHtmlCache [ RunTime:0.000502s ]
INFO: [ view_filter ] --END-- [ RunTime:0.000552s ]
INFO: [ app_end ] --START--
INFO: Run Behavior\ShowPageTrace [ RunTime:0.000665s ]
INFO: [ app_end ] --END-- [ RunTime:0.000740s ]

[ 2017-10-18T14:52:13+08:00 ] 183.131.17.228 /
SQL: SHOW COLUMNS FROM `o_category` [ RunTime:0.012323s ]
SQL: SELECT `id`,`name`,`title`,`pid`,`sort`,`list_row`,`meta_title`,`keywords`,`description`,`template_index`,`template_page`,`template_lists`,`template_detail`,`template_edit`,`is_page`,`model`,`type`,`link_id`,`allow_publish`,`display`,`reply`,`check`,`reply_model`,`extend`,`create_time`,`update_time`,`status`,`icon`,`content`,`urll` FROM `o_category` WHERE ( `status` = 1 ) ORDER BY sort  [ RunTime:0.000941s ]
SQL: SHOW COLUMNS FROM `o_document` [ RunTime:0.011864s ]
SQL: SELECT `id`,`uid`,`name`,`title`,`category_id`,`description`,`root`,`pid`,`model_id`,`type`,`position`,`link_id`,`cover_id`,`display`,`deadline`,`attach`,`view`,`comment`,`extend`,`level`,`create_time`,`update_time`,`status`,`biaoqian`,`ljxg`,`xptj`,`price` FROM `o_document` WHERE ( `status` = 1 ) AND ( `pid` = 0 ) AND ( `create_time` < 1508309533 ) AND ( deadline = 0 OR deadline > 1508309533 ) ORDER BY `level` DESC  [ RunTime:0.001187s ]
INFO: [ view_parse ] --START--
INFO: [ template_filter ] --START--
INFO: Run Behavior\ContentReplace [ RunTime:0.000264s ]
INFO: [ template_filter ] --END-- [ RunTime:0.000323s ]
NOTIC: [8] Undefined index: catid E:\web\Runtime\Cache\Home\769e70f2e46f34ceb60619bbda5e4691.php 第 5 行.
NOTIC: [8] Undefined index: url E:\web\Application\Common\Common\function.php 第 531 行.
NOTIC: [8] Undefined index: url E:\web\Application\Common\Common\function.php 第 531 行.
SQL: SHOW COLUMNS FROM `o_channel` [ RunTime:0.012678s ]
SQL: SELECT `id`,`pid`,`title`,`url`,`sort`,`create_time`,`update_time`,`status`,`target` FROM `o_channel` WHERE ( status=1 ) ORDER BY sort  [ RunTime:0.000302s ]
NOTIC: [8] Undefined index: ccid E:\web\Runtime\Cache\Home\769e70f2e46f34ceb60619bbda5e4691.php 第 78 行.
NOTIC: [8] Undefined index: ccid E:\web\Runtime\Cache\Home\769e70f2e46f34ceb60619bbda5e4691.php 第 78 行.
NOTIC: [8] Undefined index: ccid E:\web\Runtime\Cache\Home\769e70f2e46f34ceb60619bbda5e4691.php 第 78 行.
NOTIC: [8] Undefined index: ccid E:\web\Runtime\Cache\Home\769e70f2e46f34ceb60619bbda5e4691.php 第 78 行.
NOTIC: [8] Undefined index: ccid E:\web\Runtime\Cache\Home\769e70f2e46f34ceb60619bbda5e4691.php 第 78 行.
NOTIC: [8] Undefined index: ccid E:\web\Runtime\Cache\Home\769e70f2e46f34ceb60619bbda5e4691.php 第 78 行.
SQL: SELECT `id`,`name`,`title`,`pid`,`sort`,`list_row`,`meta_title`,`keywords`,`description`,`template_index`,`template_page`,`template_lists`,`template_detail`,`template_edit`,`is_page`,`model`,`type`,`link_id`,`allow_publish`,`display`,`reply`,`check`,`reply_model`,`extend`,`create_time`,`update_time`,`status`,`icon`,`content`,`urll` FROM `o_category` WHERE ( `id` = 40 ) LIMIT 1   [ RunTime:0.000273s ]
SQL: SELECT `id`,`name`,`pid`,`title`,`link_id`,`is_page`,`display` FROM `o_category` WHERE ( `status` = 1 ) ORDER BY sort  [ RunTime:0.000386s ]
SQL: SELECT `id`,`uid`,`name`,`title`,`category_id`,`description`,`root`,`pid`,`model_id`,`type`,`position`,`link_id`,`cover_id`,`display`,`deadline`,`attach`,`view`,`comment`,`extend`,`level`,`create_time`,`update_time`,`status`,`biaoqian`,`ljxg`,`xptj`,`price` FROM `o_document` WHERE ( `status` = 1 ) AND ( `pid` = 0 ) AND ( `category_id` = 40 ) AND ( `create_time` < 1508309533 ) AND ( deadline = 0 OR deadline > 1508309533 ) ORDER BY `level` DESC,`id` DESC LIMIT 0,10   [ RunTime:0.000420s ]
NOTIC: [8] Use of undefined constant path - assumed 'path' E:\web\Runtime\Cache\Home\769e70f2e46f34ceb60619bbda5e4691.php 第 90 行.
SQL: SHOW COLUMNS FROM `o_picture` [ RunTime:0.012508s ]
SQL: SELECT * FROM `o_picture` WHERE ( `status` = 1 ) AND ( `id` = 63 ) LIMIT 1   [ RunTime:0.000232s ]
NOTIC: [8] Use of undefined constant path - assumed 'path' E:\web\Runtime\Cache\Home\769e70f2e46f34ceb60619bbda5e4691.php 第 90 行.
SQL: SELECT * FROM `o_picture` WHERE ( `status` = 1 ) AND ( `id` = 64 ) LIMIT 1   [ RunTime:0.000175s ]
NOTIC: [8] Use of undefined constant path - assumed 'path' E:\web\Runtime\Cache\Home\769e70f2e46f34ceb60619bbda5e4691.php 第 90 行.
SQL: SELECT * FROM `o_picture` WHERE ( `status` = 1 ) AND ( `id` = 54 ) LIMIT 1   [ RunTime:0.000177s ]
NOTIC: [8] Use of undefined constant path - assumed 'path' E:\web\Runtime\Cache\Home\769e70f2e46f34ceb60619bbda5e4691.php 第 90 行.
SQL: SELECT * FROM `o_picture` WHERE ( `status` = 1 ) AND ( `id` = 55 ) LIMIT 1   [ RunTime:0.000163s ]
NOTIC: [8] Use of undefined constant path - assumed 'path' E:\web\Runtime\Cache\Home\769e70f2e46f34ceb60619bbda5e4691.php 第 90 行.
SQL: SELECT * FROM `o_picture` WHERE ( `status` = 1 ) AND ( `id` = 56 ) LIMIT 1   [ RunTime:0.000172s ]
NOTIC: [8] Use of undefined constant path - assumed 'path' E:\web\Runtime\Cache\Home\769e70f2e46f34ceb60619bbda5e4691.php 第 90 行.
SQL: SELECT * FROM `o_picture` WHERE ( `status` = 1 ) AND ( `id` = 58 ) LIMIT 1   [ RunTime:0.000160s ]
NOTIC: [8] Use of undefined constant path - assumed 'path' E:\web\Runtime\Cache\Home\769e70f2e46f34ceb60619bbda5e4691.php 第 90 行.
SQL: SELECT * FROM `o_picture` WHERE ( `status` = 1 ) AND ( `id` = 61 ) LIMIT 1   [ RunTime:0.000158s ]
SQL: SELECT `id`,`uid`,`name`,`title`,`category_id`,`description`,`root`,`pid`,`model_id`,`type`,`position`,`link_id`,`cover_id`,`display`,`deadline`,`attach`,`view`,`comment`,`extend`,`level`,`create_time`,`update_time`,`status`,`biaoqian`,`ljxg`,`xptj`,`price` FROM `o_document` WHERE ( `status` = 1 ) AND ( `pid` = 0 ) AND ( `category_id` IN ('55','56','57','58','59','60','61','62','63','64','65','66') ) AND ( `create_time` < 1508309533 ) AND ( deadline = 0 OR deadline > 1508309533 ) AND ( position & 8 = 8 ) ORDER BY level desc LIMIT 4   [ RunTime:0.000690s ]
SQL: SELECT `id`,`uid`,`name`,`title`,`category_id`,`description`,`root`,`pid`,`model_id`,`type`,`position`,`link_id`,`cover_id`,`display`,`deadline`,`attach`,`view`,`comment`,`extend`,`level`,`create_time`,`update_time`,`status`,`biaoqian`,`ljxg`,`xptj`,`price` FROM `o_document` WHERE ( `status` = 1 ) AND ( `pid` = 0 ) AND ( `category_id` IN ('55','56','57','58','59','60','61','62','63','64','65','66','67','68') ) AND ( `create_time` < 1508309533 ) AND ( deadline = 0 OR deadline > 1508309533 ) AND ( position & 16 = 16 ) ORDER BY level desc LIMIT 14   [ RunTime:0.000702s ]
NOTIC: [8] Use of undefined constant path - assumed 'path' E:\web\Runtime\Cache\Home\769e70f2e46f34ceb60619bbda5e4691.php 第 272 行.
SQL: SELECT * FROM `o_picture` WHERE ( `status` = 1 ) AND ( `id` = 31 ) LIMIT 1   [ RunTime:0.000184s ]
NOTIC: [8] Use of undefined constant path - assumed 'path' E:\web\Runtime\Cache\Home\769e70f2e46f34ceb60619bbda5e4691.php 第 272 行.
SQL: SELECT * FROM `o_picture` WHERE ( `status` = 1 ) AND ( `id` = 29 ) LIMIT 1   [ RunTime:0.000201s ]
NOTIC: [8] Use of undefined constant path - assumed 'path' E:\web\Runtime\Cache\Home\769e70f2e46f34ceb60619bbda5e4691.php 第 272 行.
SQL: SELECT * FROM `o_picture` WHERE ( `status` = 1 ) AND ( `id` = 32 ) LIMIT 1   [ RunTime:0.000164s ]
NOTIC: [8] Use of undefined constant path - assumed 'path' E:\web\Runtime\Cache\Home\769e70f2e46f34ceb60619bbda5e4691.php 第 272 行.
SQL: SELECT * FROM `o_picture` WHERE ( `status` = 1 ) AND ( `id` = 30 ) LIMIT 1   [ RunTime:0.000160s ]
NOTIC: [8] Use of undefined constant path - assumed 'path' E:\web\Runtime\Cache\Home\769e70f2e46f34ceb60619bbda5e4691.php 第 272 行.
SQL: SELECT * FROM `o_picture` WHERE ( `status` = 1 ) AND ( `id` = 33 ) LIMIT 1   [ RunTime:0.000159s ]
NOTIC: [8] Use of undefined constant path - assumed 'path' E:\web\Runtime\Cache\Home\769e70f2e46f34ceb60619bbda5e4691.php 第 272 行.
SQL: SELECT * FROM `o_picture` WHERE ( `status` = 1 ) AND ( `id` = 34 ) LIMIT 1   [ RunTime:0.000164s ]
NOTIC: [8] Use of undefined constant path - assumed 'path' E:\web\Runtime\Cache\Home\769e70f2e46f34ceb60619bbda5e4691.php 第 272 行.
SQL: SELECT * FROM `o_picture` WHERE ( `status` = 1 ) AND ( `id` = 35 ) LIMIT 1   [ RunTime:0.000169s ]
NOTIC: [8] Use of undefined constant path - assumed 'path' E:\web\Runtime\Cache\Home\769e70f2e46f34ceb60619bbda5e4691.php 第 272 行.
SQL: SELECT * FROM `o_picture` WHERE ( `status` = 1 ) AND ( `id` = 36 ) LIMIT 1   [ RunTime:0.000159s ]
NOTIC: [8] Use of undefined constant path - assumed 'path' E:\web\Runtime\Cache\Home\769e70f2e46f34ceb60619bbda5e4691.php 第 272 行.
SQL: SELECT * FROM `o_picture` WHERE ( `status` = 1 ) AND ( `id` = 37 ) LIMIT 1   [ RunTime:0.000158s ]
NOTIC: [8] Use of undefined constant path - assumed 'path' E:\web\Runtime\Cache\Home\769e70f2e46f34ceb60619bbda5e4691.php 第 272 行.
SQL: SELECT * FROM `o_picture` WHERE ( `status` = 1 ) AND ( `id` = 38 ) LIMIT 1   [ RunTime:0.000159s ]
NOTIC: [8] Use of undefined constant path - assumed 'path' E:\web\Runtime\Cache\Home\769e70f2e46f34ceb60619bbda5e4691.php 第 282 行.
SQL: SELECT * FROM `o_picture` WHERE ( `status` = 1 ) AND ( `id` = 27 ) LIMIT 1   [ RunTime:0.000160s ]
SQL: SELECT `id`,`uid`,`name`,`title`,`category_id`,`description`,`root`,`pid`,`model_id`,`type`,`position`,`link_id`,`cover_id`,`display`,`deadline`,`attach`,`view`,`comment`,`extend`,`level`,`create_time`,`update_time`,`status`,`biaoqian`,`ljxg`,`xptj`,`price` FROM `o_document` WHERE ( `status` = 1 ) AND ( `pid` = 0 ) AND ( `category_id` IN ('67','68') ) AND ( `create_time` < 1508309533 ) AND ( deadline = 0 OR deadline > 1508309533 ) AND ( position & 4 = 4 ) ORDER BY level desc LIMIT 5   [ RunTime:0.000347s ]
NOTIC: [8] Use of undefined constant path - assumed 'path' E:\web\Runtime\Cache\Home\769e70f2e46f34ceb60619bbda5e4691.php 第 293 行.
SQL: SELECT * FROM `o_picture` WHERE ( `status` = 1 ) AND ( `id` = 48 ) LIMIT 1   [ RunTime:0.000177s ]
NOTIC: [8] Use of undefined constant path - assumed 'path' E:\web\Runtime\Cache\Home\769e70f2e46f34ceb60619bbda5e4691.php 第 293 行.
SQL: SELECT * FROM `o_picture` WHERE ( `status` = 1 ) AND ( `id` = 40 ) LIMIT 1   [ RunTime:0.000165s ]
NOTIC: [8] Use of undefined constant path - assumed 'path' E:\web\Runtime\Cache\Home\769e70f2e46f34ceb60619bbda5e4691.php 第 293 行.
SQL: SELECT * FROM `o_picture` WHERE ( `status` = 1 ) AND ( `id` = 43 ) LIMIT 1   [ RunTime:0.000166s ]
NOTIC: [8] Use of undefined constant path - assumed 'path' E:\web\Runtime\Cache\Home\769e70f2e46f34ceb60619bbda5e4691.php 第 293 行.
SQL: SELECT * FROM `o_picture` WHERE ( `status` = 1 ) AND ( `id` = 42 ) LIMIT 1   [ RunTime:0.000183s ]
NOTIC: [8] Use of undefined constant path - assumed 'path' E:\web\Runtime\Cache\Home\769e70f2e46f34ceb60619bbda5e4691.php 第 293 行.
SQL: SELECT * FROM `o_picture` WHERE ( `status` = 1 ) AND ( `id` = 41 ) LIMIT 1   [ RunTime:0.000207s ]
NOTIC: [8] Use of undefined constant path - assumed 'path' E:\web\Runtime\Cache\Home\769e70f2e46f34ceb60619bbda5e4691.php 第 304 行.
SQL: SELECT * FROM `o_picture` WHERE ( `status` = 1 ) AND ( `id` = 26 ) LIMIT 1   [ RunTime:0.000165s ]
SQL: SELECT `id`,`uid`,`name`,`title`,`category_id`,`description`,`root`,`pid`,`model_id`,`type`,`position`,`link_id`,`cover_id`,`display`,`deadline`,`attach`,`view`,`comment`,`extend`,`level`,`create_time`,`update_time`,`status`,`biaoqian`,`ljxg`,`xptj`,`price` FROM `o_document` WHERE ( `status` = 1 ) AND ( `pid` = 0 ) AND ( `category_id` IN ('69','70') ) AND ( `create_time` < 1508309533 ) AND ( deadline = 0 OR deadline > 1508309533 ) AND ( position & 4 = 4 ) ORDER BY level desc LIMIT 4   [ RunTime:0.000332s ]
NOTIC: [8] Use of undefined constant path - assumed 'path' E:\web\Runtime\Cache\Home\769e70f2e46f34ceb60619bbda5e4691.php 第 314 行.
SQL: SELECT * FROM `o_picture` WHERE ( `status` = 1 ) AND ( `id` = 47 ) LIMIT 1   [ RunTime:0.000167s ]
NOTIC: [8] Use of undefined constant path - assumed 'path' E:\web\Runtime\Cache\Home\769e70f2e46f34ceb60619bbda5e4691.php 第 314 行.
SQL: SELECT * FROM `o_picture` WHERE ( `status` = 1 ) AND ( `id` = 46 ) LIMIT 1   [ RunTime:0.000157s ]
NOTIC: [8] Use of undefined constant path - assumed 'path' E:\web\Runtime\Cache\Home\769e70f2e46f34ceb60619bbda5e4691.php 第 314 行.
SQL: SELECT * FROM `o_picture` WHERE ( `status` = 1 ) AND ( `id` = 45 ) LIMIT 1   [ RunTime:0.000155s ]
NOTIC: [8] Use of undefined constant path - assumed 'path' E:\web\Runtime\Cache\Home\769e70f2e46f34ceb60619bbda5e4691.php 第 314 行.
SQL: SELECT * FROM `o_picture` WHERE ( `status` = 1 ) AND ( `id` = 44 ) LIMIT 1   [ RunTime:0.000153s ]
SQL: SELECT `id`,`uid`,`name`,`title`,`category_id`,`description`,`root`,`pid`,`model_id`,`type`,`position`,`link_id`,`cover_id`,`display`,`deadline`,`attach`,`view`,`comment`,`extend`,`level`,`create_time`,`update_time`,`status`,`biaoqian`,`ljxg`,`xptj`,`price` FROM `o_document` WHERE ( `status` = 1 ) AND ( `pid` = 0 ) AND ( `category_id` = 72 ) AND ( `create_time` < 1508309533 ) AND ( deadline = 0 OR deadline > 1508309533 ) AND ( position & 4 = 4 ) ORDER BY level desc LIMIT 2   [ RunTime:0.000304s ]
NOTIC: [8] Use of undefined constant path - assumed 'path' E:\web\Runtime\Cache\Home\769e70f2e46f34ceb60619bbda5e4691.php 第 335 行.
SQL: SELECT * FROM `o_picture` WHERE ( `status` = 1 ) AND ( `id` = 3 ) LIMIT 1   [ RunTime:0.000165s ]
NOTIC: [8] Use of undefined constant path - assumed 'path' E:\web\Runtime\Cache\Home\769e70f2e46f34ceb60619bbda5e4691.php 第 335 行.
SQL: SELECT * FROM `o_picture` WHERE ( `status` = 1 ) AND ( `id` = 3 ) LIMIT 1   [ RunTime:0.000156s ]
SQL: SELECT `id`,`uid`,`name`,`title`,`category_id`,`description`,`root`,`pid`,`model_id`,`type`,`position`,`link_id`,`cover_id`,`display`,`deadline`,`attach`,`view`,`comment`,`extend`,`level`,`create_time`,`update_time`,`status`,`biaoqian`,`ljxg`,`xptj`,`price` FROM `o_document` WHERE ( `status` = 1 ) AND ( `pid` = 0 ) AND ( `category_id` = 73 ) AND ( `create_time` < 1508309533 ) AND ( deadline = 0 OR deadline > 1508309533 ) AND ( position & 4 = 4 ) ORDER BY level desc LIMIT 3   [ RunTime:0.000310s ]
INFO: Run Behavior\ParseTemplate [ RunTime:0.310661s ]
INFO: [ view_parse ] --END-- [ RunTime:0.310724s ]
INFO: [ view_filter ] --START--
INFO: Run Behavior\WriteHtmlCache [ RunTime:0.000606s ]
INFO: [ view_filter ] --END-- [ RunTime:0.000655s ]
INFO: [ app_end ] --START--
INFO: Run Behavior\ShowPageTrace [ RunTime:0.000668s ]
INFO: [ app_end ] --END-- [ RunTime:0.000734s ]

[ 2017-10-18T14:52:23+08:00 ] 101.226.65.105 /
SQL: SHOW COLUMNS FROM `o_category` [ RunTime:0.008863s ]
SQL: SELECT `id`,`name`,`title`,`pid`,`sort`,`list_row`,`meta_title`,`keywords`,`description`,`template_index`,`template_page`,`template_lists`,`template_detail`,`template_edit`,`is_page`,`model`,`type`,`link_id`,`allow_publish`,`display`,`reply`,`check`,`reply_model`,`extend`,`create_time`,`update_time`,`status`,`icon`,`content`,`urll` FROM `o_category` WHERE ( `status` = 1 ) ORDER BY sort  [ RunTime:0.000898s ]
SQL: SHOW COLUMNS FROM `o_document` [ RunTime:0.008391s ]
SQL: SELECT `id`,`uid`,`name`,`title`,`category_id`,`description`,`root`,`pid`,`model_id`,`type`,`position`,`link_id`,`cover_id`,`display`,`deadline`,`attach`,`view`,`comment`,`extend`,`level`,`create_time`,`update_time`,`status`,`biaoqian`,`ljxg`,`xptj`,`price` FROM `o_document` WHERE ( `status` = 1 ) AND ( `pid` = 0 ) AND ( `create_time` < 1508309543 ) AND ( deadline = 0 OR deadline > 1508309543 ) ORDER BY `level` DESC  [ RunTime:0.001127s ]
INFO: [ view_parse ] --START--
INFO: [ template_filter ] --START--
INFO: Run Behavior\ContentReplace [ RunTime:0.000266s ]
INFO: [ template_filter ] --END-- [ RunTime:0.000329s ]
NOTIC: [8] Undefined index: catid E:\web\Runtime\Cache\Home\769e70f2e46f34ceb60619bbda5e4691.php 第 5 行.
NOTIC: [8] Undefined index: url E:\web\Application\Common\Common\function.php 第 531 行.
NOTIC: [8] Undefined index: url E:\web\Application\Common\Common\function.php 第 531 行.
SQL: SHOW COLUMNS FROM `o_channel` [ RunTime:0.009393s ]
SQL: SELECT `id`,`pid`,`title`,`url`,`sort`,`create_time`,`update_time`,`status`,`target` FROM `o_channel` WHERE ( status=1 ) ORDER BY sort  [ RunTime:0.000268s ]
NOTIC: [8] Undefined index: ccid E:\web\Runtime\Cache\Home\769e70f2e46f34ceb60619bbda5e4691.php 第 78 行.
NOTIC: [8] Undefined index: ccid E:\web\Runtime\Cache\Home\769e70f2e46f34ceb60619bbda5e4691.php 第 78 行.
NOTIC: [8] Undefined index: ccid E:\web\Runtime\Cache\Home\769e70f2e46f34ceb60619bbda5e4691.php 第 78 行.
NOTIC: [8] Undefined index: ccid E:\web\Runtime\Cache\Home\769e70f2e46f34ceb60619bbda5e4691.php 第 78 行.
NOTIC: [8] Undefined index: ccid E:\web\Runtime\Cache\Home\769e70f2e46f34ceb60619bbda5e4691.php 第 78 行.
NOTIC: [8] Undefined index: ccid E:\web\Runtime\Cache\Home\769e70f2e46f34ceb60619bbda5e4691.php 第 78 行.
SQL: SELECT `id`,`name`,`title`,`pid`,`sort`,`list_row`,`meta_title`,`keywords`,`description`,`template_index`,`template_page`,`template_lists`,`template_detail`,`template_edit`,`is_page`,`model`,`type`,`link_id`,`allow_publish`,`display`,`reply`,`check`,`reply_model`,`extend`,`create_time`,`update_time`,`status`,`icon`,`content`,`urll` FROM `o_category` WHERE ( `id` = 40 ) LIMIT 1   [ RunTime:0.000252s ]
SQL: SELECT `id`,`name`,`pid`,`title`,`link_id`,`is_page`,`display` FROM `o_category` WHERE ( `status` = 1 ) ORDER BY sort  [ RunTime:0.000337s ]
SQL: SELECT `id`,`uid`,`name`,`title`,`category_id`,`description`,`root`,`pid`,`model_id`,`type`,`position`,`link_id`,`cover_id`,`display`,`deadline`,`attach`,`view`,`comment`,`extend`,`level`,`create_time`,`update_time`,`status`,`biaoqian`,`ljxg`,`xptj`,`price` FROM `o_document` WHERE ( `status` = 1 ) AND ( `pid` = 0 ) AND ( `category_id` = 40 ) AND ( `create_time` < 1508309543 ) AND ( deadline = 0 OR deadline > 1508309543 ) ORDER BY `level` DESC,`id` DESC LIMIT 0,10   [ RunTime:0.000378s ]
NOTIC: [8] Use of undefined constant path - assumed 'path' E:\web\Runtime\Cache\Home\769e70f2e46f34ceb60619bbda5e4691.php 第 90 行.
SQL: SHOW COLUMNS FROM `o_picture` [ RunTime:0.008232s ]
SQL: SELECT * FROM `o_picture` WHERE ( `status` = 1 ) AND ( `id` = 63 ) LIMIT 1   [ RunTime:0.000195s ]
NOTIC: [8] Use of undefined constant path - assumed 'path' E:\web\Runtime\Cache\Home\769e70f2e46f34ceb60619bbda5e4691.php 第 90 行.
SQL: SELECT * FROM `o_picture` WHERE ( `status` = 1 ) AND ( `id` = 64 ) LIMIT 1   [ RunTime:0.000174s ]
NOTIC: [8] Use of undefined constant path - assumed 'path' E:\web\Runtime\Cache\Home\769e70f2e46f34ceb60619bbda5e4691.php 第 90 行.
SQL: SELECT * FROM `o_picture` WHERE ( `status` = 1 ) AND ( `id` = 54 ) LIMIT 1   [ RunTime:0.000158s ]
NOTIC: [8] Use of undefined constant path - assumed 'path' E:\web\Runtime\Cache\Home\769e70f2e46f34ceb60619bbda5e4691.php 第 90 行.
SQL: SELECT * FROM `o_picture` WHERE ( `status` = 1 ) AND ( `id` = 55 ) LIMIT 1   [ RunTime:0.000317s ]
NOTIC: [8] Use of undefined constant path - assumed 'path' E:\web\Runtime\Cache\Home\769e70f2e46f34ceb60619bbda5e4691.php 第 90 行.
SQL: SELECT * FROM `o_picture` WHERE ( `status` = 1 ) AND ( `id` = 56 ) LIMIT 1   [ RunTime:0.000199s ]
NOTIC: [8] Use of undefined constant path - assumed 'path' E:\web\Runtime\Cache\Home\769e70f2e46f34ceb60619bbda5e4691.php 第 90 行.
SQL: SELECT * FROM `o_picture` WHERE ( `status` = 1 ) AND ( `id` = 58 ) LIMIT 1   [ RunTime:0.000189s ]
NOTIC: [8] Use of undefined constant path - assumed 'path' E:\web\Runtime\Cache\Home\769e70f2e46f34ceb60619bbda5e4691.php 第 90 行.
SQL: SELECT * FROM `o_picture` WHERE ( `status` = 1 ) AND ( `id` = 61 ) LIMIT 1   [ RunTime:0.000193s ]
SQL: SELECT `id`,`uid`,`name`,`title`,`category_id`,`description`,`root`,`pid`,`model_id`,`type`,`position`,`link_id`,`cover_id`,`display`,`deadline`,`attach`,`view`,`comment`,`extend`,`level`,`create_time`,`update_time`,`status`,`biaoqian`,`ljxg`,`xptj`,`price` FROM `o_document` WHERE ( `status` = 1 ) AND ( `pid` = 0 ) AND ( `category_id` IN ('55','56','57','58','59','60','61','62','63','64','65','66') ) AND ( `create_time` < 1508309543 ) AND ( deadline = 0 OR deadline > 1508309543 ) AND ( position & 8 = 8 ) ORDER BY level desc LIMIT 4   [ RunTime:0.000705s ]
SQL: SELECT `id`,`uid`,`name`,`title`,`category_id`,`description`,`root`,`pid`,`model_id`,`type`,`position`,`link_id`,`cover_id`,`display`,`deadline`,`attach`,`view`,`comment`,`extend`,`level`,`create_time`,`update_time`,`status`,`biaoqian`,`ljxg`,`xptj`,`price` FROM `o_document` WHERE ( `status` = 1 ) AND ( `pid` = 0 ) AND ( `category_id` IN ('55','56','57','58','59','60','61','62','63','64','65','66','67','68') ) AND ( `create_time` < 1508309543 ) AND ( deadline = 0 OR deadline > 1508309543 ) AND ( position & 16 = 16 ) ORDER BY level desc LIMIT 14   [ RunTime:0.000731s ]
NOTIC: [8] Use of undefined constant path - assumed 'path' E:\web\Runtime\Cache\Home\769e70f2e46f34ceb60619bbda5e4691.php 第 272 行.
SQL: SELECT * FROM `o_picture` WHERE ( `status` = 1 ) AND ( `id` = 31 ) LIMIT 1   [ RunTime:0.000197s ]
NOTIC: [8] Use of undefined constant path - assumed 'path' E:\web\Runtime\Cache\Home\769e70f2e46f34ceb60619bbda5e4691.php 第 272 行.
SQL: SELECT * FROM `o_picture` WHERE ( `status` = 1 ) AND ( `id` = 29 ) LIMIT 1   [ RunTime:0.000186s ]
NOTIC: [8] Use of undefined constant path - assumed 'path' E:\web\Runtime\Cache\Home\769e70f2e46f34ceb60619bbda5e4691.php 第 272 行.
SQL: SELECT * FROM `o_picture` WHERE ( `status` = 1 ) AND ( `id` = 32 ) LIMIT 1   [ RunTime:0.000183s ]
NOTIC: [8] Use of undefined constant path - assumed 'path' E:\web\Runtime\Cache\Home\769e70f2e46f34ceb60619bbda5e4691.php 第 272 行.
SQL: SELECT * FROM `o_picture` WHERE ( `status` = 1 ) AND ( `id` = 30 ) LIMIT 1   [ RunTime:0.000183s ]
NOTIC: [8] Use of undefined constant path - assumed 'path' E:\web\Runtime\Cache\Home\769e70f2e46f34ceb60619bbda5e4691.php 第 272 行.
SQL: SELECT * FROM `o_picture` WHERE ( `status` = 1 ) AND ( `id` = 33 ) LIMIT 1   [ RunTime:0.000182s ]
NOTIC: [8] Use of undefined constant path - assumed 'path' E:\web\Runtime\Cache\Home\769e70f2e46f34ceb60619bbda5e4691.php 第 272 行.
SQL: SELECT * FROM `o_picture` WHERE ( `status` = 1 ) AND ( `id` = 34 ) LIMIT 1   [ RunTime:0.000188s ]
NOTIC: [8] Use of undefined constant path - assumed 'path' E:\web\Runtime\Cache\Home\769e70f2e46f34ceb60619bbda5e4691.php 第 272 行.
SQL: SELECT * FROM `o_picture` WHERE ( `status` = 1 ) AND ( `id` = 35 ) LIMIT 1   [ RunTime:0.000182s ]
NOTIC: [8] Use of undefined constant path - assumed 'path' E:\web\Runtime\Cache\Home\769e70f2e46f34ceb60619bbda5e4691.php 第 272 行.
SQL: SELECT * FROM `o_picture` WHERE ( `status` = 1 ) AND ( `id` = 36 ) LIMIT 1   [ RunTime:0.000185s ]
NOTIC: [8] Use of undefined constant path - assumed 'path' E:\web\Runtime\Cache\Home\769e70f2e46f34ceb60619bbda5e4691.php 第 272 行.
SQL: SELECT * FROM `o_picture` WHERE ( `status` = 1 ) AND ( `id` = 37 ) LIMIT 1   [ RunTime:0.000201s ]
NOTIC: [8] Use of undefined constant path - assumed 'path' E:\web\Runtime\Cache\Home\769e70f2e46f34ceb60619bbda5e4691.php 第 272 行.
SQL: SELECT * FROM `o_picture` WHERE ( `status` = 1 ) AND ( `id` = 38 ) LIMIT 1   [ RunTime:0.000184s ]
NOTIC: [8] Use of undefined constant path - assumed 'path' E:\web\Runtime\Cache\Home\769e70f2e46f34ceb60619bbda5e4691.php 第 282 行.
SQL: SELECT * FROM `o_picture` WHERE ( `status` = 1 ) AND ( `id` = 27 ) LIMIT 1   [ RunTime:0.000183s ]
SQL: SELECT `id`,`uid`,`name`,`title`,`category_id`,`description`,`root`,`pid`,`model_id`,`type`,`position`,`link_id`,`cover_id`,`display`,`deadline`,`attach`,`view`,`comment`,`extend`,`level`,`create_time`,`update_time`,`status`,`biaoqian`,`ljxg`,`xptj`,`price` FROM `o_document` WHERE ( `status` = 1 ) AND ( `pid` = 0 ) AND ( `category_id` IN ('67','68') ) AND ( `create_time` < 1508309543 ) AND ( deadline = 0 OR deadline > 1508309543 ) AND ( position & 4 = 4 ) ORDER BY level desc LIMIT 5   [ RunTime:0.000373s ]
NOTIC: [8] Use of undefined constant path - assumed 'path' E:\web\Runtime\Cache\Home\769e70f2e46f34ceb60619bbda5e4691.php 第 293 行.
SQL: SELECT * FROM `o_picture` WHERE ( `status` = 1 ) AND ( `id` = 48 ) LIMIT 1   [ RunTime:0.000196s ]
NOTIC: [8] Use of undefined constant path - assumed 'path' E:\web\Runtime\Cache\Home\769e70f2e46f34ceb60619bbda5e4691.php 第 293 行.
SQL: SELECT * FROM `o_picture` WHERE ( `status` = 1 ) AND ( `id` = 40 ) LIMIT 1   [ RunTime:0.000183s ]
NOTIC: [8] Use of undefined constant path - assumed 'path' E:\web\Runtime\Cache\Home\769e70f2e46f34ceb60619bbda5e4691.php 第 293 行.
SQL: SELECT * FROM `o_picture` WHERE ( `status` = 1 ) AND ( `id` = 43 ) LIMIT 1   [ RunTime:0.000191s ]
NOTIC: [8] Use of undefined constant path - assumed 'path' E:\web\Runtime\Cache\Home\769e70f2e46f34ceb60619bbda5e4691.php 第 293 行.
SQL: SELECT * FROM `o_picture` WHERE ( `status` = 1 ) AND ( `id` = 42 ) LIMIT 1   [ RunTime:0.000183s ]
NOTIC: [8] Use of undefined constant path - assumed 'path' E:\web\Runtime\Cache\Home\769e70f2e46f34ceb60619bbda5e4691.php 第 293 行.
SQL: SELECT * FROM `o_picture` WHERE ( `status` = 1 ) AND ( `id` = 41 ) LIMIT 1   [ RunTime:0.000183s ]
NOTIC: [8] Use of undefined constant path - assumed 'path' E:\web\Runtime\Cache\Home\769e70f2e46f34ceb60619bbda5e4691.php 第 304 行.
SQL: SELECT * FROM `o_picture` WHERE ( `status` = 1 ) AND ( `id` = 26 ) LIMIT 1   [ RunTime:0.000188s ]
SQL: SELECT `id`,`uid`,`name`,`title`,`category_id`,`description`,`root`,`pid`,`model_id`,`type`,`position`,`link_id`,`cover_id`,`display`,`deadline`,`attach`,`view`,`comment`,`extend`,`level`,`create_time`,`update_time`,`status`,`biaoqian`,`ljxg`,`xptj`,`price` FROM `o_document` WHERE ( `status` = 1 ) AND ( `pid` = 0 ) AND ( `category_id` IN ('69','70') ) AND ( `create_time` < 1508309543 ) AND ( deadline = 0 OR deadline > 1508309543 ) AND ( position & 4 = 4 ) ORDER BY level desc LIMIT 4   [ RunTime:0.000356s ]
NOTIC: [8] Use of undefined constant path - assumed 'path' E:\web\Runtime\Cache\Home\769e70f2e46f34ceb60619bbda5e4691.php 第 314 行.
SQL: SELECT * FROM `o_picture` WHERE ( `status` = 1 ) AND ( `id` = 47 ) LIMIT 1   [ RunTime:0.000186s ]
NOTIC: [8] Use of undefined constant path - assumed 'path' E:\web\Runtime\Cache\Home\769e70f2e46f34ceb60619bbda5e4691.php 第 314 行.
SQL: SELECT * FROM `o_picture` WHERE ( `status` = 1 ) AND ( `id` = 46 ) LIMIT 1   [ RunTime:0.000182s ]
NOTIC: [8] Use of undefined constant path - assumed 'path' E:\web\Runtime\Cache\Home\769e70f2e46f34ceb60619bbda5e4691.php 第 314 行.
SQL: SELECT * FROM `o_picture` WHERE ( `status` = 1 ) AND ( `id` = 45 ) LIMIT 1   [ RunTime:0.000195s ]
NOTIC: [8] Use of undefined constant path - assumed 'path' E:\web\Runtime\Cache\Home\769e70f2e46f34ceb60619bbda5e4691.php 第 314 行.
SQL: SELECT * FROM `o_picture` WHERE ( `status` = 1 ) AND ( `id` = 44 ) LIMIT 1   [ RunTime:0.000183s ]
SQL: SELECT `id`,`uid`,`name`,`title`,`category_id`,`description`,`root`,`pid`,`model_id`,`type`,`position`,`link_id`,`cover_id`,`display`,`deadline`,`attach`,`view`,`comment`,`extend`,`level`,`create_time`,`update_time`,`status`,`biaoqian`,`ljxg`,`xptj`,`price` FROM `o_document` WHERE ( `status` = 1 ) AND ( `pid` = 0 ) AND ( `category_id` = 72 ) AND ( `create_time` < 1508309543 ) AND ( deadline = 0 OR deadline > 1508309543 ) AND ( position & 4 = 4 ) ORDER BY level desc LIMIT 2   [ RunTime:0.000350s ]
NOTIC: [8] Use of undefined constant path - assumed 'path' E:\web\Runtime\Cache\Home\769e70f2e46f34ceb60619bbda5e4691.php 第 335 行.
SQL: SELECT * FROM `o_picture` WHERE ( `status` = 1 ) AND ( `id` = 3 ) LIMIT 1   [ RunTime:0.000186s ]
NOTIC: [8] Use of undefined constant path - assumed 'path' E:\web\Runtime\Cache\Home\769e70f2e46f34ceb60619bbda5e4691.php 第 335 行.
SQL: SELECT * FROM `o_picture` WHERE ( `status` = 1 ) AND ( `id` = 3 ) LIMIT 1   [ RunTime:0.000184s ]
SQL: SELECT `id`,`uid`,`name`,`title`,`category_id`,`description`,`root`,`pid`,`model_id`,`type`,`position`,`link_id`,`cover_id`,`display`,`deadline`,`attach`,`view`,`comment`,`extend`,`level`,`create_time`,`update_time`,`status`,`biaoqian`,`ljxg`,`xptj`,`price` FROM `o_document` WHERE ( `status` = 1 ) AND ( `pid` = 0 ) AND ( `category_id` = 73 ) AND ( `create_time` < 1508309543 ) AND ( deadline = 0 OR deadline > 1508309543 ) AND ( position & 4 = 4 ) ORDER BY level desc LIMIT 3   [ RunTime:0.000355s ]
INFO: Run Behavior\ParseTemplate [ RunTime:0.305340s ]
INFO: [ view_parse ] --END-- [ RunTime:0.305405s ]
INFO: [ view_filter ] --START--
INFO: Run Behavior\WriteHtmlCache [ RunTime:0.000452s ]
INFO: [ view_filter ] --END-- [ RunTime:0.000501s ]
INFO: [ app_end ] --START--
INFO: Run Behavior\ShowPageTrace [ RunTime:0.000539s ]
INFO: [ app_end ] --END-- [ RunTime:0.000614s ]

