[ 2017-10-21T01:51:01+08:00 ] 40.77.167.5 /Index/index.html
SQL: SHOW COLUMNS FROM `o_category` [ RunTime:0.009033s ]
SQL: SELECT `id`,`name`,`title`,`pid`,`sort`,`list_row`,`meta_title`,`keywords`,`description`,`template_index`,`template_page`,`template_lists`,`template_detail`,`template_edit`,`is_page`,`model`,`type`,`link_id`,`allow_publish`,`display`,`reply`,`check`,`reply_model`,`extend`,`create_time`,`update_time`,`status`,`icon`,`content`,`urll` FROM `o_category` WHERE ( `status` = 1 ) ORDER BY sort  [ RunTime:0.000930s ]
SQL: SHOW COLUMNS FROM `o_document` [ RunTime:0.008705s ]
SQL: SELECT `id`,`uid`,`name`,`title`,`category_id`,`description`,`root`,`pid`,`model_id`,`type`,`position`,`link_id`,`cover_id`,`display`,`deadline`,`attach`,`view`,`comment`,`extend`,`level`,`create_time`,`update_time`,`status`,`biaoqian`,`ljxg`,`xptj`,`price` FROM `o_document` WHERE ( `status` = 1 ) AND ( `pid` = 0 ) AND ( `create_time` < 1508521860 ) AND ( deadline = 0 OR deadline > 1508521860 ) ORDER BY `level` DESC  [ RunTime:0.001191s ]
INFO: [ view_parse ] --START--
INFO: [ template_filter ] --START--
INFO: Run Behavior\ContentReplace [ RunTime:0.000264s ]
INFO: [ template_filter ] --END-- [ RunTime:0.000321s ]
NOTIC: [8] Undefined index: catid E:\web\Runtime\Cache\Home\769e70f2e46f34ceb60619bbda5e4691.php 第 5 行.
NOTIC: [8] Undefined index: url E:\web\Application\Common\Common\function.php 第 531 行.
NOTIC: [8] Undefined index: url E:\web\Application\Common\Common\function.php 第 531 行.
SQL: SHOW COLUMNS FROM `o_channel` [ RunTime:0.014471s ]
SQL: SELECT `id`,`pid`,`title`,`url`,`sort`,`create_time`,`update_time`,`status`,`target` FROM `o_channel` WHERE ( status=1 ) ORDER BY sort  [ RunTime:0.000283s ]
NOTIC: [8] Undefined index: ccid E:\web\Runtime\Cache\Home\769e70f2e46f34ceb60619bbda5e4691.php 第 78 行.
NOTIC: [8] Undefined index: ccid E:\web\Runtime\Cache\Home\769e70f2e46f34ceb60619bbda5e4691.php 第 78 行.
NOTIC: [8] Undefined index: ccid E:\web\Runtime\Cache\Home\769e70f2e46f34ceb60619bbda5e4691.php 第 78 行.
NOTIC: [8] Undefined index: ccid E:\web\Runtime\Cache\Home\769e70f2e46f34ceb60619bbda5e4691.php 第 78 行.
NOTIC: [8] Undefined index: ccid E:\web\Runtime\Cache\Home\769e70f2e46f34ceb60619bbda5e4691.php 第 78 行.
NOTIC: [8] Undefined index: ccid E:\web\Runtime\Cache\Home\769e70f2e46f34ceb60619bbda5e4691.php 第 78 行.
SQL: SELECT `id`,`name`,`title`,`pid`,`sort`,`list_row`,`meta_title`,`keywords`,`description`,`template_index`,`template_page`,`template_lists`,`template_detail`,`template_edit`,`is_page`,`model`,`type`,`link_id`,`allow_publish`,`display`,`reply`,`check`,`reply_model`,`extend`,`create_time`,`update_time`,`status`,`icon`,`content`,`urll` FROM `o_category` WHERE ( `id` = 40 ) LIMIT 1   [ RunTime:0.000271s ]
SQL: SELECT `id`,`name`,`pid`,`title`,`link_id`,`is_page`,`display` FROM `o_category` WHERE ( `status` = 1 ) ORDER BY sort  [ RunTime:0.000396s ]
SQL: SELECT `id`,`uid`,`name`,`title`,`category_id`,`description`,`root`,`pid`,`model_id`,`type`,`position`,`link_id`,`cover_id`,`display`,`deadline`,`attach`,`view`,`comment`,`extend`,`level`,`create_time`,`update_time`,`status`,`biaoqian`,`ljxg`,`xptj`,`price` FROM `o_document` WHERE ( `status` = 1 ) AND ( `pid` = 0 ) AND ( `category_id` = 40 ) AND ( `create_time` < 1508521860 ) AND ( deadline = 0 OR deadline > 1508521860 ) ORDER BY `level` DESC,`id` DESC LIMIT 0,10   [ RunTime:0.000402s ]
NOTIC: [8] Use of undefined constant path - assumed 'path' E:\web\Runtime\Cache\Home\769e70f2e46f34ceb60619bbda5e4691.php 第 90 行.
SQL: SHOW COLUMNS FROM `o_picture` [ RunTime:0.008747s ]
SQL: SELECT * FROM `o_picture` WHERE ( `status` = 1 ) AND ( `id` = 63 ) LIMIT 1   [ RunTime:0.000207s ]
NOTIC: [8] Use of undefined constant path - assumed 'path' E:\web\Runtime\Cache\Home\769e70f2e46f34ceb60619bbda5e4691.php 第 90 行.
SQL: SELECT * FROM `o_picture` WHERE ( `status` = 1 ) AND ( `id` = 64 ) LIMIT 1   [ RunTime:0.000167s ]
NOTIC: [8] Use of undefined constant path - assumed 'path' E:\web\Runtime\Cache\Home\769e70f2e46f34ceb60619bbda5e4691.php 第 90 行.
SQL: SELECT * FROM `o_picture` WHERE ( `status` = 1 ) AND ( `id` = 54 ) LIMIT 1   [ RunTime:0.000162s ]
NOTIC: [8] Use of undefined constant path - assumed 'path' E:\web\Runtime\Cache\Home\769e70f2e46f34ceb60619bbda5e4691.php 第 90 行.
SQL: SELECT * FROM `o_picture` WHERE ( `status` = 1 ) AND ( `id` = 55 ) LIMIT 1   [ RunTime:0.000148s ]
NOTIC: [8] Use of undefined constant path - assumed 'path' E:\web\Runtime\Cache\Home\769e70f2e46f34ceb60619bbda5e4691.php 第 90 行.
SQL: SELECT * FROM `o_picture` WHERE ( `status` = 1 ) AND ( `id` = 56 ) LIMIT 1   [ RunTime:0.000152s ]
NOTIC: [8] Use of undefined constant path - assumed 'path' E:\web\Runtime\Cache\Home\769e70f2e46f34ceb60619bbda5e4691.php 第 90 行.
SQL: SELECT * FROM `o_picture` WHERE ( `status` = 1 ) AND ( `id` = 58 ) LIMIT 1   [ RunTime:0.000147s ]
NOTIC: [8] Use of undefined constant path - assumed 'path' E:\web\Runtime\Cache\Home\769e70f2e46f34ceb60619bbda5e4691.php 第 90 行.
SQL: SELECT * FROM `o_picture` WHERE ( `status` = 1 ) AND ( `id` = 61 ) LIMIT 1   [ RunTime:0.000145s ]
SQL: SELECT `id`,`uid`,`name`,`title`,`category_id`,`description`,`root`,`pid`,`model_id`,`type`,`position`,`link_id`,`cover_id`,`display`,`deadline`,`attach`,`view`,`comment`,`extend`,`level`,`create_time`,`update_time`,`status`,`biaoqian`,`ljxg`,`xptj`,`price` FROM `o_document` WHERE ( `status` = 1 ) AND ( `pid` = 0 ) AND ( `category_id` IN ('55','56','57','58','59','60','61','62','63','64','65','66') ) AND ( `create_time` < 1508521860 ) AND ( deadline = 0 OR deadline > 1508521860 ) AND ( position & 8 = 8 ) ORDER BY level desc LIMIT 4   [ RunTime:0.000658s ]
SQL: SELECT `id`,`uid`,`name`,`title`,`category_id`,`description`,`root`,`pid`,`model_id`,`type`,`position`,`link_id`,`cover_id`,`display`,`deadline`,`attach`,`view`,`comment`,`extend`,`level`,`create_time`,`update_time`,`status`,`biaoqian`,`ljxg`,`xptj`,`price` FROM `o_document` WHERE ( `status` = 1 ) AND ( `pid` = 0 ) AND ( `category_id` IN ('55','56','57','58','59','60','61','62','63','64','65','66','67','68') ) AND ( `create_time` < 1508521860 ) AND ( deadline = 0 OR deadline > 1508521860 ) AND ( position & 16 = 16 ) ORDER BY level desc LIMIT 14   [ RunTime:0.000686s ]
NOTIC: [8] Use of undefined constant path - assumed 'path' E:\web\Runtime\Cache\Home\769e70f2e46f34ceb60619bbda5e4691.php 第 272 行.
SQL: SELECT * FROM `o_picture` WHERE ( `status` = 1 ) AND ( `id` = 31 ) LIMIT 1   [ RunTime:0.000175s ]
NOTIC: [8] Use of undefined constant path - assumed 'path' E:\web\Runtime\Cache\Home\769e70f2e46f34ceb60619bbda5e4691.php 第 272 行.
SQL: SELECT * FROM `o_picture` WHERE ( `status` = 1 ) AND ( `id` = 29 ) LIMIT 1   [ RunTime:0.000155s ]
NOTIC: [8] Use of undefined constant path - assumed 'path' E:\web\Runtime\Cache\Home\769e70f2e46f34ceb60619bbda5e4691.php 第 272 行.
SQL: SELECT * FROM `o_picture` WHERE ( `status` = 1 ) AND ( `id` = 32 ) LIMIT 1   [ RunTime:0.000149s ]
NOTIC: [8] Use of undefined constant path - assumed 'path' E:\web\Runtime\Cache\Home\769e70f2e46f34ceb60619bbda5e4691.php 第 272 行.
SQL: SELECT * FROM `o_picture` WHERE ( `status` = 1 ) AND ( `id` = 30 ) LIMIT 1   [ RunTime:0.000148s ]
NOTIC: [8] Use of undefined constant path - assumed 'path' E:\web\Runtime\Cache\Home\769e70f2e46f34ceb60619bbda5e4691.php 第 272 行.
SQL: SELECT * FROM `o_picture` WHERE ( `status` = 1 ) AND ( `id` = 33 ) LIMIT 1   [ RunTime:0.000148s ]
NOTIC: [8] Use of undefined constant path - assumed 'path' E:\web\Runtime\Cache\Home\769e70f2e46f34ceb60619bbda5e4691.php 第 272 行.
SQL: SELECT * FROM `o_picture` WHERE ( `status` = 1 ) AND ( `id` = 34 ) LIMIT 1   [ RunTime:0.000153s ]
NOTIC: [8] Use of undefined constant path - assumed 'path' E:\web\Runtime\Cache\Home\769e70f2e46f34ceb60619bbda5e4691.php 第 272 行.
SQL: SELECT * FROM `o_picture` WHERE ( `status` = 1 ) AND ( `id` = 35 ) LIMIT 1   [ RunTime:0.000235s ]
NOTIC: [8] Use of undefined constant path - assumed 'path' E:\web\Runtime\Cache\Home\769e70f2e46f34ceb60619bbda5e4691.php 第 272 行.
SQL: SELECT * FROM `o_picture` WHERE ( `status` = 1 ) AND ( `id` = 36 ) LIMIT 1   [ RunTime:0.000170s ]
NOTIC: [8] Use of undefined constant path - assumed 'path' E:\web\Runtime\Cache\Home\769e70f2e46f34ceb60619bbda5e4691.php 第 272 行.
SQL: SELECT * FROM `o_picture` WHERE ( `status` = 1 ) AND ( `id` = 37 ) LIMIT 1   [ RunTime:0.000161s ]
NOTIC: [8] Use of undefined constant path - assumed 'path' E:\web\Runtime\Cache\Home\769e70f2e46f34ceb60619bbda5e4691.php 第 272 行.
SQL: SELECT * FROM `o_picture` WHERE ( `status` = 1 ) AND ( `id` = 38 ) LIMIT 1   [ RunTime:0.000198s ]
NOTIC: [8] Use of undefined constant path - assumed 'path' E:\web\Runtime\Cache\Home\769e70f2e46f34ceb60619bbda5e4691.php 第 282 行.
SQL: SELECT * FROM `o_picture` WHERE ( `status` = 1 ) AND ( `id` = 27 ) LIMIT 1   [ RunTime:0.000170s ]
SQL: SELECT `id`,`uid`,`name`,`title`,`category_id`,`description`,`root`,`pid`,`model_id`,`type`,`position`,`link_id`,`cover_id`,`display`,`deadline`,`attach`,`view`,`comment`,`extend`,`level`,`create_time`,`update_time`,`status`,`biaoqian`,`ljxg`,`xptj`,`price` FROM `o_document` WHERE ( `status` = 1 ) AND ( `pid` = 0 ) AND ( `category_id` IN ('67','68') ) AND ( `create_time` < 1508521860 ) AND ( deadline = 0 OR deadline > 1508521860 ) AND ( position & 4 = 4 ) ORDER BY level desc LIMIT 5   [ RunTime:0.000368s ]
NOTIC: [8] Use of undefined constant path - assumed 'path' E:\web\Runtime\Cache\Home\769e70f2e46f34ceb60619bbda5e4691.php 第 293 行.
SQL: SELECT * FROM `o_picture` WHERE ( `status` = 1 ) AND ( `id` = 48 ) LIMIT 1   [ RunTime:0.000165s ]
NOTIC: [8] Use of undefined constant path - assumed 'path' E:\web\Runtime\Cache\Home\769e70f2e46f34ceb60619bbda5e4691.php 第 293 行.
SQL: SELECT * FROM `o_picture` WHERE ( `status` = 1 ) AND ( `id` = 40 ) LIMIT 1   [ RunTime:0.000156s ]
NOTIC: [8] Use of undefined constant path - assumed 'path' E:\web\Runtime\Cache\Home\769e70f2e46f34ceb60619bbda5e4691.php 第 293 行.
SQL: SELECT * FROM `o_picture` WHERE ( `status` = 1 ) AND ( `id` = 43 ) LIMIT 1   [ RunTime:0.000154s ]
NOTIC: [8] Use of undefined constant path - assumed 'path' E:\web\Runtime\Cache\Home\769e70f2e46f34ceb60619bbda5e4691.php 第 293 行.
SQL: SELECT * FROM `o_picture` WHERE ( `status` = 1 ) AND ( `id` = 42 ) LIMIT 1   [ RunTime:0.000155s ]
NOTIC: [8] Use of undefined constant path - assumed 'path' E:\web\Runtime\Cache\Home\769e70f2e46f34ceb60619bbda5e4691.php 第 293 行.
SQL: SELECT * FROM `o_picture` WHERE ( `status` = 1 ) AND ( `id` = 41 ) LIMIT 1   [ RunTime:0.000163s ]
NOTIC: [8] Use of undefined constant path - assumed 'path' E:\web\Runtime\Cache\Home\769e70f2e46f34ceb60619bbda5e4691.php 第 304 行.
SQL: SELECT * FROM `o_picture` WHERE ( `status` = 1 ) AND ( `id` = 26 ) LIMIT 1   [ RunTime:0.000167s ]
SQL: SELECT `id`,`uid`,`name`,`title`,`category_id`,`description`,`root`,`pid`,`model_id`,`type`,`position`,`link_id`,`cover_id`,`display`,`deadline`,`attach`,`view`,`comment`,`extend`,`level`,`create_time`,`update_time`,`status`,`biaoqian`,`ljxg`,`xptj`,`price` FROM `o_document` WHERE ( `status` = 1 ) AND ( `pid` = 0 ) AND ( `category_id` IN ('69','70') ) AND ( `create_time` < 1508521860 ) AND ( deadline = 0 OR deadline > 1508521860 ) AND ( position & 4 = 4 ) ORDER BY level desc LIMIT 4   [ RunTime:0.000326s ]
NOTIC: [8] Use of undefined constant path - assumed 'path' E:\web\Runtime\Cache\Home\769e70f2e46f34ceb60619bbda5e4691.php 第 314 行.
SQL: SELECT * FROM `o_picture` WHERE ( `status` = 1 ) AND ( `id` = 47 ) LIMIT 1   [ RunTime:0.000166s ]
NOTIC: [8] Use of undefined constant path - assumed 'path' E:\web\Runtime\Cache\Home\769e70f2e46f34ceb60619bbda5e4691.php 第 314 行.
SQL: SELECT * FROM `o_picture` WHERE ( `status` = 1 ) AND ( `id` = 46 ) LIMIT 1   [ RunTime:0.000155s ]
NOTIC: [8] Use of undefined constant path - assumed 'path' E:\web\Runtime\Cache\Home\769e70f2e46f34ceb60619bbda5e4691.php 第 314 行.
SQL: SELECT * FROM `o_picture` WHERE ( `status` = 1 ) AND ( `id` = 45 ) LIMIT 1   [ RunTime:0.000158s ]
NOTIC: [8] Use of undefined constant path - assumed 'path' E:\web\Runtime\Cache\Home\769e70f2e46f34ceb60619bbda5e4691.php 第 314 行.
SQL: SELECT * FROM `o_picture` WHERE ( `status` = 1 ) AND ( `id` = 44 ) LIMIT 1   [ RunTime:0.000155s ]
SQL: SELECT `id`,`uid`,`name`,`title`,`category_id`,`description`,`root`,`pid`,`model_id`,`type`,`position`,`link_id`,`cover_id`,`display`,`deadline`,`attach`,`view`,`comment`,`extend`,`level`,`create_time`,`update_time`,`status`,`biaoqian`,`ljxg`,`xptj`,`price` FROM `o_document` WHERE ( `status` = 1 ) AND ( `pid` = 0 ) AND ( `category_id` = 72 ) AND ( `create_time` < 1508521860 ) AND ( deadline = 0 OR deadline > 1508521860 ) AND ( position & 4 = 4 ) ORDER BY level desc LIMIT 2   [ RunTime:0.000332s ]
NOTIC: [8] Use of undefined constant path - assumed 'path' E:\web\Runtime\Cache\Home\769e70f2e46f34ceb60619bbda5e4691.php 第 335 行.
SQL: SELECT * FROM `o_picture` WHERE ( `status` = 1 ) AND ( `id` = 3 ) LIMIT 1   [ RunTime:0.000160s ]
NOTIC: [8] Use of undefined constant path - assumed 'path' E:\web\Runtime\Cache\Home\769e70f2e46f34ceb60619bbda5e4691.php 第 335 行.
SQL: SELECT * FROM `o_picture` WHERE ( `status` = 1 ) AND ( `id` = 3 ) LIMIT 1   [ RunTime:0.000169s ]
SQL: SELECT `id`,`uid`,`name`,`title`,`category_id`,`description`,`root`,`pid`,`model_id`,`type`,`position`,`link_id`,`cover_id`,`display`,`deadline`,`attach`,`view`,`comment`,`extend`,`level`,`create_time`,`update_time`,`status`,`biaoqian`,`ljxg`,`xptj`,`price` FROM `o_document` WHERE ( `status` = 1 ) AND ( `pid` = 0 ) AND ( `category_id` = 73 ) AND ( `create_time` < 1508521860 ) AND ( deadline = 0 OR deadline > 1508521860 ) AND ( position & 4 = 4 ) ORDER BY level desc LIMIT 3   [ RunTime:0.000306s ]
INFO: Run Behavior\ParseTemplate [ RunTime:0.315131s ]
INFO: [ view_parse ] --END-- [ RunTime:0.315199s ]
INFO: [ view_filter ] --START--
INFO: Run Behavior\WriteHtmlCache [ RunTime:0.000583s ]
INFO: [ view_filter ] --END-- [ RunTime:0.000633s ]
INFO: [ app_end ] --START--
INFO: Run Behavior\ShowPageTrace [ RunTime:0.000666s ]
INFO: [ app_end ] --END-- [ RunTime:0.000740s ]

